#
# There is insufficient memory for the Java Runtime Environment to continue.
# Native memory allocation (malloc) failed to allocate 1182416 bytes. Error detail: Chunk::new
# Possible reasons:
#   The system is out of physical RAM or swap space
#   This process is running with CompressedOops enabled, and the Java Heap may be blocking the growth of the native heap
# Possible solutions:
#   Reduce memory load on the system
#   Increase physical memory or swap space
#   Check if swap backing store is full
#   Decrease Java heap size (-Xmx/-Xms)
#   Decrease number of Java threads
#   Decrease Java thread stack sizes (-Xss)
#   Set larger code cache with -XX:ReservedCodeCacheSize=
#   JVM is running with Unscaled Compressed Oops mode in which the Java heap is
#     placed in the first 4GB address space. The Java Heap base address is the
#     maximum limit for the native heap growth. Please use -XX:HeapBaseMinAddress
#     to set the Java Heap base and to place the Java Heap above 4GB virtual address.
# This output file may be truncated or incomplete.
#
#  Out of Memory Error (arena.cpp:168), pid=26656, tid=19516
#
# JRE version: OpenJDK Runtime Environment Temurin-21.0.9+10 (21.0.9+10) (build 21.0.9+10-LTS)
# Java VM: OpenJDK 64-Bit Server VM Temurin-21.0.9+10 (21.0.9+10-LTS, mixed mode, sharing, tiered, compressed oops, compressed class ptrs, parallel gc, windows-amd64)
# No core dump will be written. Minidumps are not enabled by default on client versions of Windows
#

---------------  S U M M A R Y ------------

Command Line: --add-modules=ALL-SYSTEM --add-opens=java.base/java.util=ALL-UNNAMED --add-opens=java.base/java.lang=ALL-UNNAMED --add-opens=java.base/sun.nio.fs=ALL-UNNAMED -Declipse.application=org.eclipse.jdt.ls.core.id1 -Dosgi.bundles.defaultStartLevel=4 -Declipse.product=org.eclipse.jdt.ls.core.product -Djava.import.generatesMetadataFilesAtProjectRoot=false -DDetectVMInstallationsJob.disabled=true -Dfile.encoding=utf8 -XX:+UseParallelGC -XX:GCTimeRatio=4 -XX:AdaptiveSizePolicyWeight=90 -Dsun.zip.disableMemoryMapping=true -Xmx2G -Xms100m -Xlog:disable -javaagent:c:\Users\Bharadwaj\.vscode\extensions\redhat.java-1.50.0-win32-x64\lombok\lombok-1.18.39-4050.jar -XX:+HeapDumpOnOutOfMemoryError -XX:HeapDumpPath=c:\Users\Bharadwaj\AppData\Roaming\Code\User\workspaceStorage\76af7f3a76c08663db84ece0fa0e3d78\redhat.java -Daether.dependencyCollector.impl=bf c:\Users\Bharadwaj\.vscode\extensions\redhat.java-1.50.0-win32-x64\server\plugins\org.eclipse.equinox.launcher_1.7.100.v20251111-0406.jar -configuration c:\Users\Bharadwaj\AppData\Roaming\Code\User\globalStorage\redhat.java\1.50.0\config_win -data c:\Users\Bharadwaj\AppData\Roaming\Code\User\workspaceStorage\76af7f3a76c08663db84ece0fa0e3d78\redhat.java\jdt_ws --pipe=\\.\pipe\lsp-55bc8f30ccf6f67ac32bdd537a86b81b-sock

Host: 12th Gen Intel(R) Core(TM) i5-1235U, 12 cores, 7G,  Windows 11 , 64 bit Build 26100 (10.0.26100.7019)
Time: Thu Nov 27 16:22:30 2025 India Standard Time elapsed time: 314.563344 seconds (0d 0h 5m 14s)

---------------  T H R E A D  ---------------

Current thread (0x000001f88c2bef90):  JavaThread "C2 CompilerThread1" daemon [_thread_in_native, id=19516, stack(0x000000381dd00000,0x000000381de00000) (1024K)]


Current CompileTask:
C2:314563 12642       4       java.lang.reflect.Field::get (39 bytes)

Stack: [0x000000381dd00000,0x000000381de00000]
Native frames: (J=compiled Java code, j=interpreted, Vv=VM code, C=native code)
V  [jvm.dll+0x6d6e29]
V  [jvm.dll+0x8b4b76]
V  [jvm.dll+0x8b712e]
V  [jvm.dll+0x8b7813]
V  [jvm.dll+0x283d86]
V  [jvm.dll+0xc66ed]
V  [jvm.dll+0xc6c31]
V  [jvm.dll+0x3be501]
V  [jvm.dll+0x38ab92]
V  [jvm.dll+0x389fda]
V  [jvm.dll+0x24bfa0]
V  [jvm.dll+0x24b580]
V  [jvm.dll+0x1cb13e]
V  [jvm.dll+0x25b29d]
V  [jvm.dll+0x25982a]
V  [jvm.dll+0x3f7ea6]
V  [jvm.dll+0x85e9ad]
V  [jvm.dll+0x6d565d]
C  [ucrtbase.dll+0x37b0]
C  [KERNEL32.DLL+0x2e8d7]
C  [ntdll.dll+0x8c53c]


---------------  P R O C E S S  ---------------

Threads class SMR info:
_java_thread_list=0x000001f88b1cbe90, length=74, elements={
0x000001f8297c1d10, 0x000001f82986e230, 0x000001f8297450e0, 0x000001f82974dc40,
0x000001f829750b80, 0x000001f8297515d0, 0x000001f829752020, 0x000001f829755260,
0x000001f882598a00, 0x000001f8827abbf0, 0x000001f8828b7580, 0x000001f888038b90,
0x000001f88804c390, 0x000001f8881546f0, 0x000001f888155120, 0x000001f883ce1880,
0x000001f8885b94f0, 0x000001f888197400, 0x000001f8835dab90, 0x000001f8880f4e50,
0x000001f8880f54e0, 0x000001f8880f2d80, 0x000001f8880f4130, 0x000001f8880f2060,
0x000001f88aa7dbd0, 0x000001f88aa7b470, 0x000001f88aa7bb00, 0x000001f88aa7e260,
0x000001f88aa7f610, 0x000001f88aa7c190, 0x000001f88aa7e8f0, 0x000001f88aa7ef80,
0x000001f88aa7ceb0, 0x000001f88aa7fca0, 0x000001f88aa7c820, 0x000001f88aa7d540,
0x000001f88aa80330, 0x000001f88aa81050, 0x000001f889be0540, 0x000001f889bdf820,
0x000001f889be1260, 0x000001f889be18f0, 0x000001f889bdeb00, 0x000001f889be2610,
0x000001f889be2ca0, 0x000001f889bdfeb0, 0x000001f889be3330, 0x000001f889be39c0,
0x000001f889be5a90, 0x000001f889be6120, 0x000001f88a9ab2f0, 0x000001f88a9a8500,
0x000001f88a9a8b90, 0x000001f88a9ab980, 0x000001f88a9aac60, 0x000001f88a9a98b0,
0x000001f88a9a9f40, 0x000001f88a9aa5d0, 0x000001f88af8ce20, 0x000001f88af8eef0,
0x000001f88af8c790, 0x000001f88af90930, 0x000001f88af8d4b0, 0x000001f88af90fc0,
0x000001f88af93db0, 0x000001f88af92370, 0x000001f88af91650, 0x000001f88af93090,
0x000001f889bdf190, 0x000001f889be0bd0, 0x000001f889be46e0, 0x000001f889be1f80,
0x000001f88c2bef90, 0x000001f88a3122f0
}

Java Threads: ( => current thread )
  0x000001f8297c1d10 JavaThread "main"                              [_thread_blocked, id=29664, stack(0x000000381a300000,0x000000381a400000) (1024K)]
  0x000001f82986e230 JavaThread "Reference Handler"          daemon [_thread_blocked, id=30544, stack(0x000000381a700000,0x000000381a800000) (1024K)]
  0x000001f8297450e0 JavaThread "Finalizer"                  daemon [_thread_blocked, id=26932, stack(0x000000381a800000,0x000000381a900000) (1024K)]
  0x000001f82974dc40 JavaThread "Signal Dispatcher"          daemon [_thread_blocked, id=19200, stack(0x000000381a900000,0x000000381aa00000) (1024K)]
  0x000001f829750b80 JavaThread "Attach Listener"            daemon [_thread_blocked, id=21252, stack(0x000000381aa00000,0x000000381ab00000) (1024K)]
  0x000001f8297515d0 JavaThread "Service Thread"             daemon [_thread_blocked, id=9884, stack(0x000000381ab00000,0x000000381ac00000) (1024K)]
  0x000001f829752020 JavaThread "Monitor Deflation Thread"   daemon [_thread_blocked, id=18224, stack(0x000000381ac00000,0x000000381ad00000) (1024K)]
  0x000001f829755260 JavaThread "C2 CompilerThread0"         daemon [_thread_blocked, id=26756, stack(0x000000381ad00000,0x000000381ae00000) (1024K)]
  0x000001f882598a00 JavaThread "C1 CompilerThread0"         daemon [_thread_blocked, id=27492, stack(0x000000381ae00000,0x000000381af00000) (1024K)]
  0x000001f8827abbf0 JavaThread "Common-Cleaner"             daemon [_thread_blocked, id=9932, stack(0x000000381b000000,0x000000381b100000) (1024K)]
  0x000001f8828b7580 JavaThread "Notification Thread"        daemon [_thread_blocked, id=23076, stack(0x000000381b100000,0x000000381b200000) (1024K)]
  0x000001f888038b90 JavaThread "Active Thread: Equinox Container: ba8a52f2-31a8-4fc7-b349-79d33b5d2d83"        [_thread_blocked, id=10980, stack(0x000000381b900000,0x000000381ba00000) (1024K)]
  0x000001f88804c390 JavaThread "Refresh Thread: Equinox Container: ba8a52f2-31a8-4fc7-b349-79d33b5d2d83" daemon [_thread_blocked, id=1512, stack(0x000000381ba00000,0x000000381bb00000) (1024K)]
  0x000001f8881546f0 JavaThread "Framework Event Dispatcher: Equinox Container: ba8a52f2-31a8-4fc7-b349-79d33b5d2d83" daemon [_thread_blocked, id=30368, stack(0x000000381bc00000,0x000000381bd00000) (1024K)]
  0x000001f888155120 JavaThread "Start Level: Equinox Container: ba8a52f2-31a8-4fc7-b349-79d33b5d2d83" daemon [_thread_blocked, id=20316, stack(0x000000381bd00000,0x000000381be00000) (1024K)]
  0x000001f883ce1880 JavaThread "Bundle File Closer"         daemon [_thread_blocked, id=17856, stack(0x000000381c000000,0x000000381c100000) (1024K)]
  0x000001f8885b94f0 JavaThread "SCR Component Actor"        daemon [_thread_blocked, id=12820, stack(0x000000381af00000,0x000000381b000000) (1024K)]
  0x000001f888197400 JavaThread "Worker-JM"                         [_thread_blocked, id=25064, stack(0x000000381c100000,0x000000381c200000) (1024K)]
  0x000001f8835dab90 JavaThread "JNA Cleaner"                daemon [_thread_blocked, id=27856, stack(0x000000381b200000,0x000000381b300000) (1024K)]
  0x000001f8880f4e50 JavaThread "Worker-1: Publish Diagnostics"        [_thread_blocked, id=1120, stack(0x000000381c300000,0x000000381c400000) (1024K)]
  0x000001f8880f54e0 JavaThread "Java indexing"              daemon [_thread_blocked, id=3612, stack(0x000000381c700000,0x000000381c800000) (1024K)]
  0x000001f8880f2d80 JavaThread "Worker-3"                          [_thread_blocked, id=3136, stack(0x000000381c800000,0x000000381c900000) (1024K)]
  0x000001f8880f4130 JavaThread "Thread-1"                   daemon [_thread_in_native, id=7888, stack(0x000000381cd00000,0x000000381ce00000) (1024K)]
  0x000001f8880f2060 JavaThread "Thread-2"                   daemon [_thread_in_native, id=28908, stack(0x000000381ce00000,0x000000381cf00000) (1024K)]
  0x000001f88aa7dbd0 JavaThread "Thread-3"                   daemon [_thread_in_native, id=11688, stack(0x000000381cf00000,0x000000381d000000) (1024K)]
  0x000001f88aa7b470 JavaThread "Thread-4"                   daemon [_thread_in_native, id=16688, stack(0x000000381d000000,0x000000381d100000) (1024K)]
  0x000001f88aa7bb00 JavaThread "Thread-5"                   daemon [_thread_in_native, id=28356, stack(0x000000381d100000,0x000000381d200000) (1024K)]
  0x000001f88aa7e260 JavaThread "Thread-6"                   daemon [_thread_in_native, id=19808, stack(0x000000381d200000,0x000000381d300000) (1024K)]
  0x000001f88aa7f610 JavaThread "Thread-7"                   daemon [_thread_in_native, id=24332, stack(0x000000381d300000,0x000000381d400000) (1024K)]
  0x000001f88aa7c190 JavaThread "Thread-8"                   daemon [_thread_in_native, id=23856, stack(0x000000381d400000,0x000000381d500000) (1024K)]
  0x000001f88aa7e8f0 JavaThread "Thread-9"                   daemon [_thread_in_native, id=21832, stack(0x000000381d500000,0x000000381d600000) (1024K)]
  0x000001f88aa7ef80 JavaThread "Thread-10"                  daemon [_thread_in_native, id=21944, stack(0x000000381d600000,0x000000381d700000) (1024K)]
  0x000001f88aa7ceb0 JavaThread "Thread-11"                  daemon [_thread_in_native, id=26196, stack(0x000000381d700000,0x000000381d800000) (1024K)]
  0x000001f88aa7fca0 JavaThread "Thread-12"                  daemon [_thread_in_native, id=21904, stack(0x000000381d800000,0x000000381d900000) (1024K)]
  0x000001f88aa7c820 JavaThread "Thread-13"                  daemon [_thread_in_native, id=31096, stack(0x000000381d900000,0x000000381da00000) (1024K)]
  0x000001f88aa7d540 JavaThread "pool-2-thread-1"                   [_thread_blocked, id=27412, stack(0x000000381da00000,0x000000381db00000) (1024K)]
  0x000001f88aa80330 JavaThread "WorkspaceEventsHandler"            [_thread_blocked, id=17296, stack(0x000000381db00000,0x000000381dc00000) (1024K)]
  0x000001f88aa81050 JavaThread "pool-1-thread-1"                   [_thread_blocked, id=24356, stack(0x000000381dc00000,0x000000381dd00000) (1024K)]
  0x000001f889be0540 JavaThread "LocalFile Deleter"          daemon [_thread_blocked, id=2840, stack(0x000000381df00000,0x000000381e000000) (1024K)]
  0x000001f889bdf820 JavaThread "LocalFile Deleter"          daemon [_thread_blocked, id=19796, stack(0x000000381e000000,0x000000381e100000) (1024K)]
  0x000001f889be1260 JavaThread "LocalFile Deleter"          daemon [_thread_blocked, id=26652, stack(0x000000381e100000,0x000000381e200000) (1024K)]
  0x000001f889be18f0 JavaThread "Compiler Source File Reader" daemon [_thread_blocked, id=11760, stack(0x000000381e400000,0x000000381e500000) (1024K)]
  0x000001f889bdeb00 JavaThread "Compiler Source File Reader" daemon [_thread_blocked, id=12212, stack(0x000000381e500000,0x000000381e600000) (1024K)]
  0x000001f889be2610 JavaThread "Compiler Source File Reader" daemon [_thread_blocked, id=18792, stack(0x000000381e600000,0x000000381e700000) (1024K)]
  0x000001f889be2ca0 JavaThread "Compiler Source File Reader" daemon [_thread_blocked, id=28140, stack(0x000000381e700000,0x000000381e800000) (1024K)]
  0x000001f889bdfeb0 JavaThread "Compiler Source File Reader" daemon [_thread_blocked, id=6860, stack(0x000000381e800000,0x000000381e900000) (1024K)]
  0x000001f889be3330 JavaThread "Compiler Source File Reader" daemon [_thread_blocked, id=30668, stack(0x000000381e900000,0x000000381ea00000) (1024K)]
  0x000001f889be39c0 JavaThread "Compiler Source File Reader" daemon [_thread_blocked, id=19824, stack(0x000000381ea00000,0x000000381eb00000) (1024K)]
  0x000001f889be5a90 JavaThread "Compiler Source File Reader" daemon [_thread_blocked, id=24168, stack(0x000000381eb00000,0x000000381ec00000) (1024K)]
  0x000001f889be6120 JavaThread "Compiler Source File Reader" daemon [_thread_blocked, id=24388, stack(0x000000381ec00000,0x000000381ed00000) (1024K)]
  0x000001f88a9ab2f0 JavaThread "Compiler Class File Writer" daemon [_thread_blocked, id=12384, stack(0x000000381c600000,0x000000381c700000) (1024K)]
  0x000001f88a9a8500 JavaThread "Compiler Class File Writer" daemon [_thread_blocked, id=13412, stack(0x000000381ed00000,0x000000381ee00000) (1024K)]
  0x000001f88a9a8b90 JavaThread "Compiler Class File Writer" daemon [_thread_blocked, id=16536, stack(0x000000381ee00000,0x000000381ef00000) (1024K)]
  0x000001f88a9ab980 JavaThread "Compiler Class File Writer" daemon [_thread_blocked, id=18976, stack(0x000000381ef00000,0x000000381f000000) (1024K)]
  0x000001f88a9aac60 JavaThread "Compiler Class File Writer" daemon [_thread_blocked, id=24132, stack(0x000000381f000000,0x000000381f100000) (1024K)]
  0x000001f88a9a98b0 JavaThread "Compiler Class File Writer" daemon [_thread_blocked, id=8900, stack(0x000000381f100000,0x000000381f200000) (1024K)]
  0x000001f88a9a9f40 JavaThread "Compiler Class File Writer" daemon [_thread_blocked, id=28068, stack(0x000000381f200000,0x000000381f300000) (1024K)]
  0x000001f88a9aa5d0 JavaThread "Compiler Class File Writer" daemon [_thread_blocked, id=3236, stack(0x000000381f300000,0x000000381f400000) (1024K)]
  0x000001f88af8ce20 JavaThread "Compiler Class File Writer" daemon [_thread_blocked, id=30500, stack(0x000000381f400000,0x000000381f500000) (1024K)]
  0x000001f88af8eef0 JavaThread "Compiler Source File Reader" daemon [_thread_blocked, id=11668, stack(0x000000381f600000,0x000000381f700000) (1024K)]
  0x000001f88af8c790 JavaThread "Compiler Class File Writer" daemon [_thread_blocked, id=21588, stack(0x000000381f700000,0x000000381f800000) (1024K)]
  0x000001f88af90930 JavaThread "ForkJoinPool.commonPool-worker-2" daemon [_thread_blocked, id=8076, stack(0x000000381c500000,0x000000381c600000) (1024K)]
  0x000001f88af8d4b0 JavaThread "ForkJoinPool.commonPool-worker-3" daemon [_thread_blocked, id=25836, stack(0x000000381f500000,0x000000381f600000) (1024K)]
  0x000001f88af90fc0 JavaThread "ForkJoinPool.commonPool-worker-4" daemon [_thread_blocked, id=2600, stack(0x000000381f800000,0x000000381f900000) (1024K)]
  0x000001f88af93db0 JavaThread "ForkJoinPool.commonPool-worker-6" daemon [_thread_blocked, id=24788, stack(0x000000381fa00000,0x000000381fb00000) (1024K)]
  0x000001f88af92370 JavaThread "ForkJoinPool.commonPool-worker-7" daemon [_thread_blocked, id=2456, stack(0x000000381fb00000,0x000000381fc00000) (1024K)]
  0x000001f88af91650 JavaThread "ForkJoinPool.commonPool-worker-8" daemon [_thread_blocked, id=28032, stack(0x000000381fc00000,0x000000381fd00000) (1024K)]
  0x000001f88af93090 JavaThread "ForkJoinPool.commonPool-worker-9" daemon [_thread_blocked, id=21400, stack(0x000000381fd00000,0x000000381fe00000) (1024K)]
  0x000001f889bdf190 JavaThread "Thread-14"                  daemon [_thread_blocked, id=10044, stack(0x000000381a200000,0x000000381a300000) (1024K)]
  0x000001f889be0bd0 JavaThread "ForkJoinPool.commonPool-worker-12" daemon [_thread_blocked, id=19136, stack(0x000000381ca00000,0x000000381cb00000) (1024K)]
  0x000001f889be46e0 JavaThread "ForkJoinPool.commonPool-worker-13" daemon [_thread_blocked, id=30812, stack(0x000000381cb00000,0x000000381cc00000) (1024K)]
  0x000001f889be1f80 JavaThread "ForkJoinPool.commonPool-worker-14" daemon [_thread_blocked, id=30032, stack(0x000000381cc00000,0x000000381cd00000) (1024K)]
=>0x000001f88c2bef90 JavaThread "C2 CompilerThread1"         daemon [_thread_in_native, id=19516, stack(0x000000381dd00000,0x000000381de00000) (1024K)]
  0x000001f88a3122f0 JavaThread "C2 CompilerThread2"         daemon [_thread_in_native, id=21724, stack(0x000000381de00000,0x000000381df00000) (1024K)]
Total: 74

Other Threads:
  0x000001f82985a9e0 VMThread "VM Thread"                           [id=29240, stack(0x000000381a600000,0x000000381a700000) (1024K)]
  0x000001f82963ca00 WatcherThread "VM Periodic Task Thread"        [id=29864, stack(0x000000381a500000,0x000000381a600000) (1024K)]
  0x000001f8297da100 WorkerThread "GC Thread#0"                     [id=25856, stack(0x000000381a400000,0x000000381a500000) (1024K)]
  0x000001f8835b7230 WorkerThread "GC Thread#1"                     [id=26732, stack(0x000000381b300000,0x000000381b400000) (1024K)]
  0x000001f8835b75d0 WorkerThread "GC Thread#2"                     [id=18564, stack(0x000000381b400000,0x000000381b500000) (1024K)]
  0x000001f883988470 WorkerThread "GC Thread#3"                     [id=22720, stack(0x000000381b500000,0x000000381b600000) (1024K)]
  0x000001f883988810 WorkerThread "GC Thread#4"                     [id=30884, stack(0x000000381b600000,0x000000381b700000) (1024K)]
  0x000001f883988bb0 WorkerThread "GC Thread#5"                     [id=18464, stack(0x000000381b700000,0x000000381b800000) (1024K)]
  0x000001f883988f50 WorkerThread "GC Thread#6"                     [id=868, stack(0x000000381b800000,0x000000381b900000) (1024K)]
  0x000001f888050c90 WorkerThread "GC Thread#7"                     [id=13328, stack(0x000000381bb00000,0x000000381bc00000) (1024K)]
  0x000001f888140af0 WorkerThread "GC Thread#8"                     [id=14220, stack(0x000000381be00000,0x000000381bf00000) (1024K)]
  0x000001f88860e880 WorkerThread "GC Thread#9"                     [id=14860, stack(0x000000381bf00000,0x000000381c000000) (1024K)]
Total: 12

Threads with active compile tasks:
C2 CompilerThread0  317640 12673       4       java.util.regex.Pattern::compile (537 bytes)
C2 CompilerThread1  317640 12642       4       java.lang.reflect.Field::get (39 bytes)
C2 CompilerThread2  317640 12681       4       java.lang.invoke.MethodType::makeImpl (109 bytes)
Total: 3

VM state: at safepoint (normal execution)

VM Mutex/Monitor currently owned by a thread:  ([mutex/lock_event])
[0x00007ff821a4d570] Threads_lock - owner thread: 0x000001f82985a9e0
[0x00007ff821a4d670] Heap_lock - owner thread: 0x000001f889bdf190

Heap address: 0x0000000080000000, size: 2048 MB, Compressed Oops mode: 32-bit

CDS archive(s) mapped at: [0x000001f841000000-0x000001f841ba0000-0x000001f841ba0000), size 12189696, SharedBaseAddress: 0x000001f841000000, ArchiveRelocationMode: 1.
Compressed class space mapped at: 0x000001f842000000-0x000001f882000000, reserved size: 1073741824
Narrow klass base: 0x000001f841000000, Narrow klass shift: 0, Narrow klass range: 0x100000000

GC Precious Log:
 CardTable entry size: 512
 CPUs: 12 total, 12 available
 Memory: 7876M
 Large Page Support: Disabled
 NUMA Support: Disabled
 Compressed Oops: Enabled (32-bit)
 Alignments: Space 512K, Generation 512K, Heap 2M
 Heap Min Capacity: 100M
 Heap Initial Capacity: 100M
 Heap Max Capacity: 2G
 Pre-touch: Disabled
 Parallel Workers: 10

Heap:
 PSYoungGen      total 6656K, used 0K [0x00000000d5580000, 0x00000000d5d80000, 0x0000000100000000)
  eden space 6144K, 0% used [0x00000000d5580000,0x00000000d5580000,0x00000000d5b80000)
  from space 512K, 0% used [0x00000000d5c80000,0x00000000d5c80000,0x00000000d5d00000)
  to   space 512K, 0% used [0x00000000d5d00000,0x00000000d5d00000,0x00000000d5d80000)
 ParOldGen       total 701952K, used 701895K [0x0000000080000000, 0x00000000aad80000, 0x00000000d5580000)
  object space 701952K, 99% used [0x0000000080000000,0x00000000aad71d00,0x00000000aad80000)
 Metaspace       used 66386K, committed 67968K, reserved 1114112K
  class space    used 7045K, committed 7744K, reserved 1048576K

Card table byte_map: [0x000001f829150000,0x000001f829560000] _byte_map_base: 0x000001f828d50000

Marking Bits: (ParMarkBitMap*) 0x00007ff821a52460
 Begin Bits: [0x000001f83bc60000, 0x000001f83dc60000)
 End Bits:   [0x000001f83dc60000, 0x000001f83fc60000)

Polling page: 0x000001f827350000

Metaspace:

Usage:
  Non-class:     57.95 MB used.
      Class:      6.88 MB used.
       Both:     64.83 MB used.

Virtual space:
  Non-class space:       64.00 MB reserved,      58.81 MB ( 92%) committed,  1 nodes.
      Class space:        1.00 GB reserved,       7.56 MB ( <1%) committed,  1 nodes.
             Both:        1.06 GB reserved,      66.38 MB (  6%) committed. 

Chunk freelists:
   Non-Class:  4.94 MB
       Class:  8.44 MB
        Both:  13.38 MB

MaxMetaspaceSize: unlimited
CompressedClassSpaceSize: 1.00 GB
Initial GC threshold: 21.00 MB
Current GC threshold: 97.31 MB
CDS: on
 - commit_granule_bytes: 65536.
 - commit_granule_words: 8192.
 - virtual_space_node_default_size: 8388608.
 - enlarge_chunks_in_place: 1.
 - use_allocation_guard: 0.


Internal statistics:

num_allocs_failed_limit: 11.
num_arena_births: 1294.
num_arena_deaths: 14.
num_vsnodes_births: 2.
num_vsnodes_deaths: 0.
num_space_committed: 1062.
num_space_uncommitted: 0.
num_chunks_returned_to_freelist: 25.
num_chunks_taken_from_freelist: 4599.
num_chunk_merges: 15.
num_chunk_splits: 2732.
num_chunks_enlarged: 1377.
num_inconsistent_stats: 0.

CodeHeap 'non-profiled nmethods': size=120000Kb used=9428Kb max_used=9428Kb free=110571Kb
 bounds [0x000001f834480000, 0x000001f834dc0000, 0x000001f83b9b0000]
CodeHeap 'profiled nmethods': size=120000Kb used=25663Kb max_used=25663Kb free=94336Kb
 bounds [0x000001f82c9b0000, 0x000001f82e2c0000, 0x000001f833ee0000]
CodeHeap 'non-nmethods': size=5760Kb used=1452Kb max_used=1506Kb free=4307Kb
 bounds [0x000001f833ee0000, 0x000001f834150000, 0x000001f834480000]
CodeCache: size=245760Kb, used=36543Kb, max_used=36597Kb, free=209214Kb
 total_blobs=12570, nmethods=11799, adapters=677, full_count=0
Compilation: enabled, stopped_count=0, restarted_count=0

Compilation events (20 events):
Event: 313.403 Thread 0x000001f882598a00 nmethod 12696 0x000001f82e2b2e90 code [0x000001f82e2b3100, 0x000001f82e2b3de0]
Event: 313.403 Thread 0x000001f882598a00 12697       3       org.eclipse.jdt.internal.core.JavaElement::getChildren (26 bytes)
Event: 313.404 Thread 0x000001f882598a00 nmethod 12697 0x000001f82e2b4190 code [0x000001f82e2b4360, 0x000001f82e2b4838]
Event: 313.404 Thread 0x000001f882598a00 12695       3       org.eclipse.jdt.internal.core.ModularClassFile::exists (53 bytes)
Event: 313.405 Thread 0x000001f882598a00 nmethod 12695 0x000001f82e2b4910 code [0x000001f82e2b4b60, 0x000001f82e2b52c0]
Event: 313.405 Thread 0x000001f882598a00 12699       1       org.eclipse.jdt.internal.core.CompilationUnit::getElementType (2 bytes)
Event: 313.405 Thread 0x000001f882598a00 nmethod 12699 0x000001f834db2290 code [0x000001f834db2420, 0x000001f834db24e8]
Event: 313.421 Thread 0x000001f882598a00 12702       3       org.eclipse.lsp4j.jsonrpc.util.Preconditions::checkNotNull (26 bytes)
Event: 313.422 Thread 0x000001f882598a00 nmethod 12702 0x000001f82e2b5590 code [0x000001f82e2b5760, 0x000001f82e2b5a00]
Event: 313.431 Thread 0x000001f829755260 nmethod 12668 0x000001f834db2590 code [0x000001f834db2900, 0x000001f834db45a8]
Event: 313.431 Thread 0x000001f882598a00 12703       1       org.eclipse.jdt.internal.core.PackageFragmentRoot::isArchive (2 bytes)
Event: 313.432 Thread 0x000001f882598a00 nmethod 12703 0x000001f834db4890 code [0x000001f834db4a20, 0x000001f834db4ae8]
Event: 313.433 Thread 0x000001f882598a00 12705       3       com.google.gson.internal.Excluder::create (48 bytes)
Event: 313.435 Thread 0x000001f829755260 12677 %     4       java.util.Arrays::fill @ 5 (21 bytes)
Event: 313.435 Thread 0x000001f882598a00 nmethod 12705 0x000001f82e2b5b10 code [0x000001f82e2b5d00, 0x000001f82e2b6048]
Event: 313.435 Thread 0x000001f882598a00 12704       1       org.eclipse.lsp4j.jsonrpc.messages.Message::setJsonrpc (6 bytes)
Event: 313.436 Thread 0x000001f882598a00 nmethod 12704 0x000001f834db4b90 code [0x000001f834db4d20, 0x000001f834db4e00]
Event: 313.468 Thread 0x000001f829755260 nmethod 12677% 0x000001f834db4e90 code [0x000001f834db5020, 0x000001f834db5270]
Event: 313.468 Thread 0x000001f829755260 12673       4       java.util.regex.Pattern::compile (537 bytes)
Event: 313.871 Thread 0x000001f882598a00 12706       3       org.eclipse.lsp4j.jsonrpc.messages.Either::isLeft (13 bytes)

GC Heap History (20 events):
Event: 71.861 GC heap before
{Heap before GC invocations=901 (full 3):
 PSYoungGen      total 6656K, used 6633K [0x00000000d5580000, 0x00000000d6480000, 0x0000000100000000)
  eden space 5120K, 99% used [0x00000000d5580000,0x00000000d5a7ffd8,0x00000000d5a80000)
  from space 1536K, 98% used [0x00000000d5c00000,0x00000000d5d7a768,0x00000000d5d80000)
  to   space 5120K, 0% used [0x00000000d5f80000,0x00000000d5f80000,0x00000000d6480000)
 ParOldGen       total 678400K, used 677993K [0x0000000080000000, 0x00000000a9680000, 0x00000000d5580000)
  object space 678400K, 99% used [0x0000000080000000,0x00000000a961a720,0x00000000a9680000)
 Metaspace       used 63313K, committed 64896K, reserved 1114112K
  class space    used 6766K, committed 7488K, reserved 1048576K
}
Event: 71.870 GC heap after
{Heap after GC invocations=901 (full 3):
 PSYoungGen      total 9728K, used 4352K [0x00000000d5580000, 0x00000000d6400000, 0x0000000100000000)
  eden space 5120K, 0% used [0x00000000d5580000,0x00000000d5580000,0x00000000d5a80000)
  from space 4608K, 94% used [0x00000000d5f80000,0x00000000d63c0000,0x00000000d6400000)
  to   space 4608K, 0% used [0x00000000d5b00000,0x00000000d5b00000,0x00000000d5f80000)
 ParOldGen       total 679936K, used 679545K [0x0000000080000000, 0x00000000a9800000, 0x00000000d5580000)
  object space 679936K, 99% used [0x0000000080000000,0x00000000a979e650,0x00000000a9800000)
 Metaspace       used 63313K, committed 64896K, reserved 1114112K
  class space    used 6766K, committed 7488K, reserved 1048576K
}
Event: 71.964 GC heap before
{Heap before GC invocations=902 (full 3):
 PSYoungGen      total 9728K, used 9472K [0x00000000d5580000, 0x00000000d6400000, 0x0000000100000000)
  eden space 5120K, 100% used [0x00000000d5580000,0x00000000d5a80000,0x00000000d5a80000)
  from space 4608K, 94% used [0x00000000d5f80000,0x00000000d63c0000,0x00000000d6400000)
  to   space 4608K, 0% used [0x00000000d5b00000,0x00000000d5b00000,0x00000000d5f80000)
 ParOldGen       total 679936K, used 679545K [0x0000000080000000, 0x00000000a9800000, 0x00000000d5580000)
  object space 679936K, 99% used [0x0000000080000000,0x00000000a979e650,0x00000000a9800000)
 Metaspace       used 63347K, committed 64960K, reserved 1114112K
  class space    used 6767K, committed 7488K, reserved 1048576K
}
Event: 71.975 GC heap after
{Heap after GC invocations=902 (full 3):
 PSYoungGen      total 7168K, used 2016K [0x00000000d5580000, 0x00000000d6080000, 0x0000000100000000)
  eden space 5120K, 0% used [0x00000000d5580000,0x00000000d5580000,0x00000000d5a80000)
  from space 2048K, 98% used [0x00000000d5b00000,0x00000000d5cf8000,0x00000000d5d00000)
  to   space 3072K, 0% used [0x00000000d5d80000,0x00000000d5d80000,0x00000000d6080000)
 ParOldGen       total 684032K, used 683866K [0x0000000080000000, 0x00000000a9c00000, 0x00000000d5580000)
  object space 684032K, 99% used [0x0000000080000000,0x00000000a9bd6a90,0x00000000a9c00000)
 Metaspace       used 63347K, committed 64960K, reserved 1114112K
  class space    used 6767K, committed 7488K, reserved 1048576K
}
Event: 72.247 GC heap before
{Heap before GC invocations=903 (full 3):
 PSYoungGen      total 7168K, used 7136K [0x00000000d5580000, 0x00000000d6080000, 0x0000000100000000)
  eden space 5120K, 100% used [0x00000000d5580000,0x00000000d5a80000,0x00000000d5a80000)
  from space 2048K, 98% used [0x00000000d5b00000,0x00000000d5cf8000,0x00000000d5d00000)
  to   space 3072K, 0% used [0x00000000d5d80000,0x00000000d5d80000,0x00000000d6080000)
 ParOldGen       total 684032K, used 683866K [0x0000000080000000, 0x00000000a9c00000, 0x00000000d5580000)
  object space 684032K, 99% used [0x0000000080000000,0x00000000a9bd6a90,0x00000000a9c00000)
 Metaspace       used 63356K, committed 64960K, reserved 1114112K
  class space    used 6767K, committed 7488K, reserved 1048576K
}
Event: 72.252 GC heap after
{Heap after GC invocations=903 (full 3):
 PSYoungGen      total 5632K, used 160K [0x00000000d5580000, 0x00000000d5e00000, 0x0000000100000000)
  eden space 5120K, 0% used [0x00000000d5580000,0x00000000d5580000,0x00000000d5a80000)
  from space 512K, 31% used [0x00000000d5d80000,0x00000000d5da8000,0x00000000d5e00000)
  to   space 1024K, 0% used [0x00000000d5c00000,0x00000000d5c00000,0x00000000d5d00000)
 ParOldGen       total 686080K, used 685802K [0x0000000080000000, 0x00000000a9e00000, 0x00000000d5580000)
  object space 686080K, 99% used [0x0000000080000000,0x00000000a9dbaa90,0x00000000a9e00000)
 Metaspace       used 63356K, committed 64960K, reserved 1114112K
  class space    used 6767K, committed 7488K, reserved 1048576K
}
Event: 312.182 GC heap before
{Heap before GC invocations=904 (full 3):
 PSYoungGen      total 5632K, used 5276K [0x00000000d5580000, 0x00000000d5e00000, 0x0000000100000000)
  eden space 5120K, 99% used [0x00000000d5580000,0x00000000d5a7f268,0x00000000d5a80000)
  from space 512K, 31% used [0x00000000d5d80000,0x00000000d5da8000,0x00000000d5e00000)
  to   space 1024K, 0% used [0x00000000d5c00000,0x00000000d5c00000,0x00000000d5d00000)
 ParOldGen       total 686080K, used 685802K [0x0000000080000000, 0x00000000a9e00000, 0x00000000d5580000)
  object space 686080K, 99% used [0x0000000080000000,0x00000000a9dbaa90,0x00000000a9e00000)
 Metaspace       used 63768K, committed 65408K, reserved 1114112K
  class space    used 6809K, committed 7552K, reserved 1048576K
}
Event: 312.406 GC heap after
{Heap after GC invocations=904 (full 3):
 PSYoungGen      total 6144K, used 416K [0x00000000d5580000, 0x00000000d5e00000, 0x0000000100000000)
  eden space 5120K, 0% used [0x00000000d5580000,0x00000000d5580000,0x00000000d5a80000)
  from space 1024K, 40% used [0x00000000d5c00000,0x00000000d5c68020,0x00000000d5d00000)
  to   space 512K, 0% used [0x00000000d5d80000,0x00000000d5d80000,0x00000000d5e00000)
 ParOldGen       total 686080K, used 685858K [0x0000000080000000, 0x00000000a9e00000, 0x00000000d5580000)
  object space 686080K, 99% used [0x0000000080000000,0x00000000a9dc8a90,0x00000000a9e00000)
 Metaspace       used 63768K, committed 65408K, reserved 1114112K
  class space    used 6809K, committed 7552K, reserved 1048576K
}
Event: 312.950 GC heap before
{Heap before GC invocations=905 (full 3):
 PSYoungGen      total 6144K, used 5536K [0x00000000d5580000, 0x00000000d5e00000, 0x0000000100000000)
  eden space 5120K, 100% used [0x00000000d5580000,0x00000000d5a80000,0x00000000d5a80000)
  from space 1024K, 40% used [0x00000000d5c00000,0x00000000d5c68020,0x00000000d5d00000)
  to   space 512K, 0% used [0x00000000d5d80000,0x00000000d5d80000,0x00000000d5e00000)
 ParOldGen       total 686080K, used 685858K [0x0000000080000000, 0x00000000a9e00000, 0x00000000d5580000)
  object space 686080K, 99% used [0x0000000080000000,0x00000000a9dc8a90,0x00000000a9e00000)
 Metaspace       used 64227K, committed 65792K, reserved 1114112K
  class space    used 6851K, committed 7552K, reserved 1048576K
}
Event: 312.957 GC heap after
{Heap after GC invocations=905 (full 3):
 PSYoungGen      total 5632K, used 352K [0x00000000d5580000, 0x00000000d5e00000, 0x0000000100000000)
  eden space 5120K, 0% used [0x00000000d5580000,0x00000000d5580000,0x00000000d5a80000)
  from space 512K, 68% used [0x00000000d5d80000,0x00000000d5dd8000,0x00000000d5e00000)
  to   space 512K, 0% used [0x00000000d5d00000,0x00000000d5d00000,0x00000000d5d80000)
 ParOldGen       total 686592K, used 686130K [0x0000000080000000, 0x00000000a9e80000, 0x00000000d5580000)
  object space 686592K, 99% used [0x0000000080000000,0x00000000a9e0cab0,0x00000000a9e80000)
 Metaspace       used 64227K, committed 65792K, reserved 1114112K
  class space    used 6851K, committed 7552K, reserved 1048576K
}
Event: 313.083 GC heap before
{Heap before GC invocations=906 (full 3):
 PSYoungGen      total 5632K, used 5460K [0x00000000d5580000, 0x00000000d5e00000, 0x0000000100000000)
  eden space 5120K, 99% used [0x00000000d5580000,0x00000000d5a7d050,0x00000000d5a80000)
  from space 512K, 68% used [0x00000000d5d80000,0x00000000d5dd8000,0x00000000d5e00000)
  to   space 512K, 0% used [0x00000000d5d00000,0x00000000d5d00000,0x00000000d5d80000)
 ParOldGen       total 686592K, used 686130K [0x0000000080000000, 0x00000000a9e80000, 0x00000000d5580000)
  object space 686592K, 99% used [0x0000000080000000,0x00000000a9e0cab0,0x00000000a9e80000)
 Metaspace       used 64855K, committed 66496K, reserved 1114112K
  class space    used 6903K, committed 7616K, reserved 1048576K
}
Event: 313.090 GC heap after
{Heap after GC invocations=906 (full 3):
 PSYoungGen      total 5632K, used 385K [0x00000000d5580000, 0x00000000d5e00000, 0x0000000100000000)
  eden space 5120K, 0% used [0x00000000d5580000,0x00000000d5580000,0x00000000d5a80000)
  from space 512K, 75% used [0x00000000d5d00000,0x00000000d5d60630,0x00000000d5d80000)
  to   space 512K, 0% used [0x00000000d5d80000,0x00000000d5d80000,0x00000000d5e00000)
 ParOldGen       total 688128K, used 687620K [0x0000000080000000, 0x00000000aa000000, 0x00000000d5580000)
  object space 688128K, 99% used [0x0000000080000000,0x00000000a9f813f0,0x00000000aa000000)
 Metaspace       used 64855K, committed 66496K, reserved 1114112K
  class space    used 6903K, committed 7616K, reserved 1048576K
}
Event: 313.190 GC heap before
{Heap before GC invocations=907 (full 3):
 PSYoungGen      total 5632K, used 5505K [0x00000000d5580000, 0x00000000d5e00000, 0x0000000100000000)
  eden space 5120K, 100% used [0x00000000d5580000,0x00000000d5a80000,0x00000000d5a80000)
  from space 512K, 75% used [0x00000000d5d00000,0x00000000d5d60630,0x00000000d5d80000)
  to   space 512K, 0% used [0x00000000d5d80000,0x00000000d5d80000,0x00000000d5e00000)
 ParOldGen       total 688128K, used 687620K [0x0000000080000000, 0x00000000aa000000, 0x00000000d5580000)
  object space 688128K, 99% used [0x0000000080000000,0x00000000a9f813f0,0x00000000aa000000)
 Metaspace       used 65643K, committed 67264K, reserved 1114112K
  class space    used 6976K, committed 7680K, reserved 1048576K
}
Event: 313.194 GC heap after
{Heap after GC invocations=907 (full 3):
 PSYoungGen      total 5632K, used 512K [0x00000000d5580000, 0x00000000d5e00000, 0x0000000100000000)
  eden space 5120K, 0% used [0x00000000d5580000,0x00000000d5580000,0x00000000d5a80000)
  from space 512K, 100% used [0x00000000d5d80000,0x00000000d5e00000,0x00000000d5e00000)
  to   space 1024K, 0% used [0x00000000d5c00000,0x00000000d5c00000,0x00000000d5d00000)
 ParOldGen       total 688128K, used 687805K [0x0000000080000000, 0x00000000aa000000, 0x00000000d5580000)
  object space 688128K, 99% used [0x0000000080000000,0x00000000a9faf420,0x00000000aa000000)
 Metaspace       used 65643K, committed 67264K, reserved 1114112K
  class space    used 6976K, committed 7680K, reserved 1048576K
}
Event: 313.281 GC heap before
{Heap before GC invocations=908 (full 3):
 PSYoungGen      total 5632K, used 5632K [0x00000000d5580000, 0x00000000d5e00000, 0x0000000100000000)
  eden space 5120K, 100% used [0x00000000d5580000,0x00000000d5a80000,0x00000000d5a80000)
  from space 512K, 100% used [0x00000000d5d80000,0x00000000d5e00000,0x00000000d5e00000)
  to   space 1024K, 0% used [0x00000000d5c00000,0x00000000d5c00000,0x00000000d5d00000)
 ParOldGen       total 688128K, used 687805K [0x0000000080000000, 0x00000000aa000000, 0x00000000d5580000)
  object space 688128K, 99% used [0x0000000080000000,0x00000000a9faf420,0x00000000aa000000)
 Metaspace       used 65954K, committed 67584K, reserved 1114112K
  class space    used 7010K, committed 7744K, reserved 1048576K
}
Event: 313.286 GC heap after
{Heap after GC invocations=908 (full 3):
 PSYoungGen      total 6144K, used 971K [0x00000000d5580000, 0x00000000d5e00000, 0x0000000100000000)
  eden space 5120K, 0% used [0x00000000d5580000,0x00000000d5580000,0x00000000d5a80000)
  from space 1024K, 94% used [0x00000000d5c00000,0x00000000d5cf2ca8,0x00000000d5d00000)
  to   space 1024K, 0% used [0x00000000d5d00000,0x00000000d5d00000,0x00000000d5e00000)
 ParOldGen       total 689664K, used 689587K [0x0000000080000000, 0x00000000aa180000, 0x00000000d5580000)
  object space 689664K, 99% used [0x0000000080000000,0x00000000aa16cc48,0x00000000aa180000)
 Metaspace       used 65954K, committed 67584K, reserved 1114112K
  class space    used 7010K, committed 7744K, reserved 1048576K
}
Event: 313.328 GC heap before
{Heap before GC invocations=909 (full 3):
 PSYoungGen      total 6144K, used 5945K [0x00000000d5580000, 0x00000000d5e00000, 0x0000000100000000)
  eden space 5120K, 97% used [0x00000000d5580000,0x00000000d5a5b7c8,0x00000000d5a80000)
  from space 1024K, 94% used [0x00000000d5c00000,0x00000000d5cf2ca8,0x00000000d5d00000)
  to   space 1024K, 0% used [0x00000000d5d00000,0x00000000d5d00000,0x00000000d5e00000)
 ParOldGen       total 691712K, used 691502K [0x0000000080000000, 0x00000000aa380000, 0x00000000d5580000)
  object space 691712K, 99% used [0x0000000080000000,0x00000000aa34b858,0x00000000aa380000)
 Metaspace       used 66132K, committed 67776K, reserved 1114112K
  class space    used 7030K, committed 7744K, reserved 1048576K
}
Event: 313.334 GC heap after
{Heap after GC invocations=909 (full 3):
 PSYoungGen      total 6144K, used 585K [0x00000000d5580000, 0x00000000d5e00000, 0x0000000100000000)
  eden space 5120K, 0% used [0x00000000d5580000,0x00000000d5580000,0x00000000d5a80000)
  from space 1024K, 57% used [0x00000000d5d00000,0x00000000d5d92508,0x00000000d5e00000)
  to   space 1024K, 0% used [0x00000000d5c00000,0x00000000d5c00000,0x00000000d5d00000)
 ParOldGen       total 693760K, used 693641K [0x0000000080000000, 0x00000000aa580000, 0x00000000d5580000)
  object space 693760K, 99% used [0x0000000080000000,0x00000000aa5626f0,0x00000000aa580000)
 Metaspace       used 66132K, committed 67776K, reserved 1114112K
  class space    used 7030K, committed 7744K, reserved 1048576K
}
Event: 313.373 GC heap before
{Heap before GC invocations=910 (full 3):
 PSYoungGen      total 6144K, used 5705K [0x00000000d5580000, 0x00000000d5e00000, 0x0000000100000000)
  eden space 5120K, 100% used [0x00000000d5580000,0x00000000d5a80000,0x00000000d5a80000)
  from space 1024K, 57% used [0x00000000d5d00000,0x00000000d5d92508,0x00000000d5e00000)
  to   space 1024K, 0% used [0x00000000d5c00000,0x00000000d5c00000,0x00000000d5d00000)
 ParOldGen       total 701440K, used 701304K [0x0000000080000000, 0x00000000aad00000, 0x00000000d5580000)
  object space 701440K, 99% used [0x0000000080000000,0x00000000aacde020,0x00000000aad00000)
 Metaspace       used 66294K, committed 67904K, reserved 1114112K
  class space    used 7036K, committed 7744K, reserved 1048576K
}
Event: 313.377 GC heap after
{Heap after GC invocations=910 (full 3):
 PSYoungGen      total 6144K, used 352K [0x00000000d5580000, 0x00000000d5d80000, 0x0000000100000000)
  eden space 5120K, 0% used [0x00000000d5580000,0x00000000d5580000,0x00000000d5a80000)
  from space 1024K, 34% used [0x00000000d5c00000,0x00000000d5c58020,0x00000000d5d00000)
  to   space 512K, 0% used [0x00000000d5d00000,0x00000000d5d00000,0x00000000d5d80000)
 ParOldGen       total 701440K, used 701384K [0x0000000080000000, 0x00000000aad00000, 0x00000000d5580000)
  object space 701440K, 99% used [0x0000000080000000,0x00000000aacf2020,0x00000000aad00000)
 Metaspace       used 66294K, committed 67904K, reserved 1114112K
  class space    used 7036K, committed 7744K, reserved 1048576K
}

Dll operation events (11 events):
Event: 0.015 Loaded shared library c:\Users\Bharadwaj\.vscode\extensions\redhat.java-1.50.0-win32-x64\jre\21.0.9-win32-x86_64\bin\java.dll
Event: 0.153 Loaded shared library c:\Users\Bharadwaj\.vscode\extensions\redhat.java-1.50.0-win32-x64\jre\21.0.9-win32-x86_64\bin\zip.dll
Event: 0.176 Loaded shared library C:\Users\Bharadwaj\.vscode\extensions\redhat.java-1.50.0-win32-x64\jre\21.0.9-win32-x86_64\bin\instrument.dll
Event: 0.183 Loaded shared library C:\Users\Bharadwaj\.vscode\extensions\redhat.java-1.50.0-win32-x64\jre\21.0.9-win32-x86_64\bin\net.dll
Event: 0.186 Loaded shared library C:\Users\Bharadwaj\.vscode\extensions\redhat.java-1.50.0-win32-x64\jre\21.0.9-win32-x86_64\bin\nio.dll
Event: 0.190 Loaded shared library C:\Users\Bharadwaj\.vscode\extensions\redhat.java-1.50.0-win32-x64\jre\21.0.9-win32-x86_64\bin\zip.dll
Event: 0.221 Loaded shared library C:\Users\Bharadwaj\.vscode\extensions\redhat.java-1.50.0-win32-x64\jre\21.0.9-win32-x86_64\bin\jimage.dll
Event: 0.343 Loaded shared library c:\Users\Bharadwaj\.vscode\extensions\redhat.java-1.50.0-win32-x64\jre\21.0.9-win32-x86_64\bin\verify.dll
Event: 2.073 Loaded shared library C:\Users\Bharadwaj\AppData\Roaming\Code\User\globalStorage\redhat.java\1.50.0\config_win\org.eclipse.equinox.launcher\org.eclipse.equinox.launcher.win32.win32.x86_64_1.2.1400.v20250801-0854\eclipse_11916.dll
Event: 6.996 Loaded shared library C:\Users\Bharadwaj\AppData\Local\Temp\jna-1080683302\jna8833365544157129753.dll
Event: 313.123 Loaded shared library C:\Users\Bharadwaj\.vscode\extensions\redhat.java-1.50.0-win32-x64\jre\21.0.9-win32-x86_64\bin\sunmscapi.dll

Deoptimization events (20 events):
Event: 313.307 Thread 0x000001f889bdf190 Uncommon trap: trap_request=0xffffffc6 fr.pc=0x000001f8348dae94 relative=0x0000000000001ef4
Event: 313.307 Thread 0x000001f889bdf190 Uncommon trap: reason=bimorphic_or_optimized_type_check action=maybe_recompile pc=0x000001f8348dae94 method=java.util.zip.InflaterInputStream.read([BII)I @ 78 c2
Event: 313.308 Thread 0x000001f889bdf190 DEOPT PACKING pc=0x000001f8348dae94 sp=0x000000381a2ff480
Event: 313.308 Thread 0x000001f889bdf190 DEOPT UNPACKING pc=0x000001f833f33aa2 sp=0x000000381a2ff4e0 mode 2
Event: 313.309 Thread 0x000001f889bdf190 Uncommon trap: trap_request=0xffffffc6 fr.pc=0x000001f8348dae94 relative=0x0000000000001ef4
Event: 313.309 Thread 0x000001f889bdf190 Uncommon trap: reason=bimorphic_or_optimized_type_check action=maybe_recompile pc=0x000001f8348dae94 method=java.util.zip.InflaterInputStream.read([BII)I @ 78 c2
Event: 313.309 Thread 0x000001f88af91650 Uncommon trap: trap_request=0xffffff45 fr.pc=0x000001f834b9c014 relative=0x0000000000000474
Event: 313.310 Thread 0x000001f88af91650 Uncommon trap: reason=unstable_if action=reinterpret pc=0x000001f834b9c014 method=java.lang.Integer.parseInt(Ljava/lang/String;I)I @ 197 c2
Event: 313.310 Thread 0x000001f889bdf190 DEOPT PACKING pc=0x000001f8348dae94 sp=0x000000381a2ff480
Event: 313.310 Thread 0x000001f889bdf190 DEOPT UNPACKING pc=0x000001f833f33aa2 sp=0x000000381a2ff4e0 mode 2
Event: 313.310 Thread 0x000001f88af91650 DEOPT PACKING pc=0x000001f834b9c014 sp=0x000000381fcfeb40
Event: 313.310 Thread 0x000001f88af91650 DEOPT UNPACKING pc=0x000001f833f33aa2 sp=0x000000381fcfeab0 mode 2
Event: 313.423 Thread 0x000001f88af92370 Uncommon trap: trap_request=0xffffffde fr.pc=0x000001f8347686d8 relative=0x0000000000000218
Event: 313.423 Thread 0x000001f88af92370 Uncommon trap: reason=class_check action=maybe_recompile pc=0x000001f8347686d8 method=jdk.internal.util.StrongReferenceKey.equals(Ljava/lang/Object;)Z @ 1 c2
Event: 313.423 Thread 0x000001f88af92370 DEOPT PACKING pc=0x000001f8347686d8 sp=0x000000381fbfdae0
Event: 313.424 Thread 0x000001f88af92370 DEOPT UNPACKING pc=0x000001f833f33aa2 sp=0x000000381fbfda68 mode 2
Event: 313.438 Thread 0x000001f88af8d4b0 Uncommon trap: trap_request=0xffffffde fr.pc=0x000001f8347686d8 relative=0x0000000000000218
Event: 313.438 Thread 0x000001f88af8d4b0 Uncommon trap: reason=class_check action=maybe_recompile pc=0x000001f8347686d8 method=jdk.internal.util.StrongReferenceKey.equals(Ljava/lang/Object;)Z @ 1 c2
Event: 313.438 Thread 0x000001f88af8d4b0 DEOPT PACKING pc=0x000001f8347686d8 sp=0x000000381f5fdcd0
Event: 313.439 Thread 0x000001f88af8d4b0 DEOPT UNPACKING pc=0x000001f833f33aa2 sp=0x000000381f5fdc58 mode 2

Classes loaded (20 events):
Event: 313.215 Loading class com/sun/crypto/provider/AESConstants done
Event: 313.215 Loading class com/sun/crypto/provider/SymmetricCipher
Event: 313.216 Loading class com/sun/crypto/provider/SymmetricCipher done
Event: 313.216 Loading class com/sun/crypto/provider/AESCrypt done
Event: 313.217 Loading class com/sun/crypto/provider/ElectronicCodeBook
Event: 313.217 Loading class com/sun/crypto/provider/FeedbackCipher
Event: 313.218 Loading class com/sun/crypto/provider/FeedbackCipher done
Event: 313.218 Loading class com/sun/crypto/provider/ElectronicCodeBook done
Event: 313.218 Loading class com/sun/crypto/provider/PKCS5Padding
Event: 313.220 Loading class com/sun/crypto/provider/Padding
Event: 313.220 Loading class com/sun/crypto/provider/Padding done
Event: 313.220 Loading class com/sun/crypto/provider/PKCS5Padding done
Event: 313.220 Loading class com/sun/crypto/provider/CipherBlockChaining
Event: 313.221 Loading class com/sun/crypto/provider/CipherBlockChaining done
Event: 313.223 Loading class javax/crypto/NullCipher
Event: 313.224 Loading class javax/crypto/NullCipher done
Event: 313.224 Loading class sun/security/util/ArrayUtil
Event: 313.225 Loading class sun/security/util/ArrayUtil done
Event: 313.301 Loading class java/util/zip/CheckedInputStream
Event: 313.303 Loading class java/util/zip/CheckedInputStream done

Classes unloaded (7 events):
Event: 9.043 Thread 0x000001f82985a9e0 Unloading class 0x000001f8421aa800 'java/lang/invoke/LambdaForm$MH+0x000001f8421aa800'
Event: 9.043 Thread 0x000001f82985a9e0 Unloading class 0x000001f8421aa400 'java/lang/invoke/LambdaForm$MH+0x000001f8421aa400'
Event: 9.043 Thread 0x000001f82985a9e0 Unloading class 0x000001f8421aa000 'java/lang/invoke/LambdaForm$MH+0x000001f8421aa000'
Event: 9.043 Thread 0x000001f82985a9e0 Unloading class 0x000001f8421a9c00 'java/lang/invoke/LambdaForm$MH+0x000001f8421a9c00'
Event: 9.043 Thread 0x000001f82985a9e0 Unloading class 0x000001f8421a9800 'java/lang/invoke/LambdaForm$BMH+0x000001f8421a9800'
Event: 9.043 Thread 0x000001f82985a9e0 Unloading class 0x000001f8421a9400 'java/lang/invoke/LambdaForm$DMH+0x000001f8421a9400'
Event: 9.043 Thread 0x000001f82985a9e0 Unloading class 0x000001f8421a8000 'java/lang/invoke/LambdaForm$DMH+0x000001f8421a8000'

Classes redefined (0 events):
No events

Internal exceptions (20 events):
Event: 312.896 Thread 0x000001f88af93090 Exception <a 'sun/nio/fs/WindowsException'{0x00000000d59c7370}> (0x00000000d59c7370) 
thrown [s\src\hotspot\share\prims\jni.cpp, line 520]
Event: 312.896 Thread 0x000001f88af90930 Exception <a 'sun/nio/fs/WindowsException'{0x00000000d59c12f0}> (0x00000000d59c12f0) 
thrown [s\src\hotspot\share\prims\jni.cpp, line 520]
Event: 312.896 Thread 0x000001f88af93090 Exception <a 'sun/nio/fs/WindowsException'{0x00000000d59c7c10}> (0x00000000d59c7c10) 
thrown [s\src\hotspot\share\prims\jni.cpp, line 520]
Event: 312.896 Thread 0x000001f88af90930 Exception <a 'sun/nio/fs/WindowsException'{0x00000000d59c1b90}> (0x00000000d59c1b90) 
thrown [s\src\hotspot\share\prims\jni.cpp, line 520]
Event: 312.898 Thread 0x000001f88af93090 Exception <a 'sun/nio/fs/WindowsException'{0x00000000d59da1d8}> (0x00000000d59da1d8) 
thrown [s\src\hotspot\share\prims\jni.cpp, line 520]
Event: 312.898 Thread 0x000001f88af90930 Exception <a 'sun/nio/fs/WindowsException'{0x00000000d59c2c68}> (0x00000000d59c2c68) 
thrown [s\src\hotspot\share\prims\jni.cpp, line 520]
Event: 312.899 Thread 0x000001f88af93090 Exception <a 'sun/nio/fs/WindowsException'{0x00000000d59da808}> (0x00000000d59da808) 
thrown [s\src\hotspot\share\prims\jni.cpp, line 520]
Event: 312.899 Thread 0x000001f88af90930 Exception <a 'sun/nio/fs/WindowsException'{0x00000000d59c3298}> (0x00000000d59c3298) 
thrown [s\src\hotspot\share\prims\jni.cpp, line 520]
Event: 312.914 Thread 0x000001f88aa81050 Exception <a 'java/lang/IncompatibleClassChangeError'{0x00000000d59f1db0}: Found class java.lang.Object, but interface was expected> (0x00000000d59f1db0) 
thrown [s\src\hotspot\share\interpreter\linkResolver.cpp, line 840]
Event: 312.941 Thread 0x000001f88aa81050 Exception <a 'java/lang/IncompatibleClassChangeError'{0x00000000d5a34f38}: Found class java.lang.Object, but interface was expected> (0x00000000d5a34f38) 
thrown [s\src\hotspot\share\interpreter\linkResolver.cpp, line 840]
Event: 312.947 Thread 0x000001f88aa81050 Exception <a 'java/lang/IncompatibleClassChangeError'{0x00000000d5a60f18}: Found class java.lang.Object, but interface was expected> (0x00000000d5a60f18) 
thrown [s\src\hotspot\share\interpreter\linkResolver.cpp, line 840]
Event: 312.971 Thread 0x000001f88aa81050 Exception <a 'java/lang/IncompatibleClassChangeError'{0x00000000d55bdb70}: Found class java.lang.Object, but interface was expected> (0x00000000d55bdb70) 
thrown [s\src\hotspot\share\interpreter\linkResolver.cpp, line 840]
Event: 313.174 Thread 0x000001f889bdf190 Exception <a 'sun/nio/fs/WindowsException'{0x00000000d59b7958}> (0x00000000d59b7958) 
thrown [s\src\hotspot\share\prims\jni.cpp, line 520]
Event: 313.202 Thread 0x000001f88aa81050 Exception <a 'java/lang/IncompatibleClassChangeError'{0x00000000d55da370}: Found class java.lang.Object, but interface was expected> (0x00000000d55da370) 
thrown [s\src\hotspot\share\interpreter\linkResolver.cpp, line 840]
Event: 313.212 Thread 0x000001f88af90fc0 Exception <a 'java/lang/NoSuchMethodError'{0x00000000d565dfe8}: 'int java.lang.invoke.Invokers$Holder.invokeExact_MT(java.lang.Object, java.lang.Object)'> (0x00000000d565dfe8) 
thrown [s\src\hotspot\share\interpreter\linkResolver.cpp, line 773]
Event: 313.262 Thread 0x000001f8880f4e50 Exception <a 'java/lang/NoSuchMethodError'{0x00000000d5967b00}: 'java.lang.Object java.lang.invoke.DirectMethodHandle$Holder.invokeSpecial(java.lang.Object, java.lang.Object, int, long)'> (0x00000000d5967b00) 
thrown [s\src\hotspot\share\interpreter\linkResolver.cpp, line 773]
Event: 313.290 Thread 0x000001f88af92370 Exception <a 'java/lang/NoSuchMethodError'{0x00000000d55cf940}: 'java.lang.Object java.lang.invoke.DirectMethodHandle$Holder.invokeSpecial(java.lang.Object, java.lang.Object, java.lang.Object, java.lang.Object, int, java.lang.Object, java.lang.Object)'> (0x00000000d55cf940) 
thrown [s\src\hotspot\share\interpreter\linkResolver.cpp, line 773]
Event: 313.291 Thread 0x000001f88af8d4b0 Exception <a 'java/lang/NoSuchMethodError'{0x00000000d5582a78}: 'java.lang.Object java.lang.invoke.DirectMethodHandle$Holder.invokeSpecial(java.lang.Object, java.lang.Object, java.lang.Object, java.lang.Object, int, java.lang.Object, java.lang.Object)'> (0x00000000d5582a78) 
thrown [s\src\hotspot\share\interpreter\linkResolver.cpp, line 773]
Event: 313.291 Thread 0x000001f88af93090 Exception <a 'java/lang/NoSuchMethodError'{0x00000000d55aedf8}: 'java.lang.Object java.lang.invoke.DirectMethodHandle$Holder.invokeSpecial(java.lang.Object, java.lang.Object, java.lang.Object, java.lang.Object, int, java.lang.Object, java.lang.Object)'> (0x00000000d55aedf8) 
thrown [s\src\hotspot\share\interpreter\linkResolver.cpp, line 773]
Event: 313.363 Thread 0x000001f88af90fc0 Exception <a 'java/lang/IncompatibleClassChangeError'{0x00000000d5a02468}: Found class java.lang.Object, but interface was expected> (0x00000000d5a02468) 
thrown [s\src\hotspot\share\interpreter\linkResolver.cpp, line 840]

ZGC Phase Switch (0 events):
No events

VM Operations (20 events):
Event: 313.090 Executing VM operation: ParallelGCFailedAllocation (Allocation Failure) done
Event: 313.091 Executing VM operation: HandshakeAllThreads (Deoptimize)
Event: 313.093 Executing VM operation: HandshakeAllThreads (Deoptimize) done
Event: 313.187 Executing VM operation: ParallelGCFailedAllocation (Allocation Failure)
Event: 313.194 Executing VM operation: ParallelGCFailedAllocation (Allocation Failure) done
Event: 313.281 Executing VM operation: ParallelGCFailedAllocation (Allocation Failure)
Event: 313.286 Executing VM operation: ParallelGCFailedAllocation (Allocation Failure) done
Event: 313.320 Executing VM operation: ParallelGCFailedAllocation (Allocation Failure)
Event: 313.326 Executing VM operation: ParallelGCFailedAllocation (Allocation Failure) done
Event: 313.326 Executing VM operation: ParallelGCSystemGC (GCLocker Initiated GC)
Event: 313.334 Executing VM operation: ParallelGCSystemGC (GCLocker Initiated GC) done
Event: 313.334 Executing VM operation: HandshakeAllThreads (Deoptimize)
Event: 313.334 Executing VM operation: HandshakeAllThreads (Deoptimize) done
Event: 313.372 Executing VM operation: ParallelGCFailedAllocation (Allocation Failure)
Event: 313.372 Executing VM operation: ParallelGCFailedAllocation (Allocation Failure) done
Event: 313.372 Executing VM operation: ParallelGCSystemGC (GCLocker Initiated GC)
Event: 313.377 Executing VM operation: ParallelGCSystemGC (GCLocker Initiated GC) done
Event: 313.408 Executing VM operation: HandshakeAllThreads (Deoptimize)
Event: 313.408 Executing VM operation: HandshakeAllThreads (Deoptimize) done
Event: 313.416 Executing VM operation: HandshakeAllThreads (Deoptimize)

Memory protections (0 events):
No events

Nmethod flushes (20 events):
Event: 37.548 Thread 0x000001f82985a9e0 flushing  nmethod 0x000001f82d2dce90
Event: 37.548 Thread 0x000001f82985a9e0 flushing  nmethod 0x000001f82d2dd310
Event: 37.548 Thread 0x000001f82985a9e0 flushing  nmethod 0x000001f82d2e6390
Event: 37.548 Thread 0x000001f82985a9e0 flushing  nmethod 0x000001f82d304910
Event: 37.548 Thread 0x000001f82985a9e0 flushing  nmethod 0x000001f82d305a10
Event: 37.548 Thread 0x000001f82985a9e0 flushing  nmethod 0x000001f82d308590
Event: 37.548 Thread 0x000001f82985a9e0 flushing  nmethod 0x000001f82d31e090
Event: 37.548 Thread 0x000001f82985a9e0 flushing  nmethod 0x000001f82d323b90
Event: 37.548 Thread 0x000001f82985a9e0 flushing  nmethod 0x000001f82d337a10
Event: 37.548 Thread 0x000001f82985a9e0 flushing  nmethod 0x000001f82d349710
Event: 37.548 Thread 0x000001f82985a9e0 flushing  nmethod 0x000001f82d34a910
Event: 37.548 Thread 0x000001f82985a9e0 flushing  nmethod 0x000001f82d34b390
Event: 37.548 Thread 0x000001f82985a9e0 flushing  nmethod 0x000001f82d34c910
Event: 37.548 Thread 0x000001f82985a9e0 flushing  nmethod 0x000001f82d34ce90
Event: 37.548 Thread 0x000001f82985a9e0 flushing  nmethod 0x000001f82d34d590
Event: 37.549 Thread 0x000001f82985a9e0 flushing  nmethod 0x000001f82d34df10
Event: 37.549 Thread 0x000001f82985a9e0 flushing  nmethod 0x000001f82d34ee10
Event: 37.549 Thread 0x000001f82985a9e0 flushing  nmethod 0x000001f82d356610
Event: 37.549 Thread 0x000001f82985a9e0 flushing  nmethod 0x000001f82d356e10
Event: 37.549 Thread 0x000001f82985a9e0 flushing  nmethod 0x000001f82d35a110

Events (20 events):
Event: 131.000 Thread 0x000001f8880f3410 Thread exited: 0x000001f8880f3410
Event: 131.631 Thread 0x000001f8880f3aa0 Thread exited: 0x000001f8880f3aa0
Event: 131.914 Thread 0x000001f8880f47c0 Thread exited: 0x000001f8880f47c0
Event: 132.730 Thread 0x000001f88af93720 Thread exited: 0x000001f88af93720
Event: 140.973 Thread 0x000001f889bdf190 Thread exited: 0x000001f889bdf190
Event: 192.733 Thread 0x000001f88af8e860 Thread exited: 0x000001f88af8e860
Event: 200.981 Thread 0x000001f889be0bd0 Thread exited: 0x000001f889be0bd0
Event: 252.734 Thread 0x000001f88af91ce0 Thread exited: 0x000001f88af91ce0
Event: 260.993 Thread 0x000001f889be1f80 Thread exited: 0x000001f889be1f80
Event: 310.024 Thread 0x000001f8880f4e50 Thread added: 0x000001f889be1f80
Event: 310.053 Thread 0x000001f889be1f80 Thread exited: 0x000001f889be1f80
Event: 310.117 Thread 0x000001f8880f4e50 Thread added: 0x000001f889be1f80
Event: 310.119 Thread 0x000001f889be1f80 Thread exited: 0x000001f889be1f80
Event: 312.735 Thread 0x000001f88af92a00 Thread exited: 0x000001f88af92a00
Event: 312.999 Thread 0x000001f88af91650 Thread added: 0x000001f889bdf190
Event: 313.200 Thread 0x000001f88aa81050 Thread added: 0x000001f889be0bd0
Event: 313.201 Thread 0x000001f889be0bd0 Thread added: 0x000001f889be46e0
Event: 313.206 Thread 0x000001f88aa81050 Thread added: 0x000001f889be1f80
Event: 313.228 Thread 0x000001f829755260 Thread added: 0x000001f88c2bef90
Event: 313.228 Thread 0x000001f829755260 Thread added: 0x000001f88a3122f0


Dynamic libraries:
0x00007ff6f5040000 - 0x00007ff6f504e000 	c:\Users\Bharadwaj\.vscode\extensions\redhat.java-1.50.0-win32-x64\jre\21.0.9-win32-x86_64\bin\java.exe
0x00007ff8d2260000 - 0x00007ff8d24c8000 	C:\WINDOWS\SYSTEM32\ntdll.dll
0x00007ff8d0fd0000 - 0x00007ff8d1099000 	C:\WINDOWS\System32\KERNEL32.DLL
0x00007ff8cf460000 - 0x00007ff8cf858000 	C:\WINDOWS\System32\KERNELBASE.dll
0x00007ff8cbe90000 - 0x00007ff8cbf2f000 	C:\WINDOWS\SYSTEM32\apphelp.dll
0x00007ff8cfd30000 - 0x00007ff8cfe7b000 	C:\WINDOWS\System32\ucrtbase.dll
0x00007ff8a7050000 - 0x00007ff8a706e000 	c:\Users\Bharadwaj\.vscode\extensions\redhat.java-1.50.0-win32-x64\jre\21.0.9-win32-x86_64\bin\VCRUNTIME140.dll
0x00007ff8a7070000 - 0x00007ff8a7088000 	c:\Users\Bharadwaj\.vscode\extensions\redhat.java-1.50.0-win32-x64\jre\21.0.9-win32-x86_64\bin\jli.dll
0x00007ff8d1360000 - 0x00007ff8d1527000 	C:\WINDOWS\System32\USER32.dll
0x00007ff8cfa50000 - 0x00007ff8cfa77000 	C:\WINDOWS\System32\win32u.dll
0x00007ff8b2bf0000 - 0x00007ff8b2e84000 	C:\WINDOWS\WinSxS\amd64_microsoft.windows.common-controls_6595b64144ccf1df_6.0.26100.7019_none_3e06ffa0e335b8a8\COMCTL32.dll
0x00007ff8d0000000 - 0x00007ff8d002b000 	C:\WINDOWS\System32\GDI32.dll
0x00007ff8d1180000 - 0x00007ff8d1229000 	C:\WINDOWS\System32\msvcrt.dll
0x00007ff8cf920000 - 0x00007ff8cfa4c000 	C:\WINDOWS\System32\gdi32full.dll
0x00007ff8cfa80000 - 0x00007ff8cfb23000 	C:\WINDOWS\System32\msvcp_win.dll
0x00007ff8d0800000 - 0x00007ff8d0831000 	C:\WINDOWS\System32\IMM32.DLL
0x00007ff8bacf0000 - 0x00007ff8bacfc000 	c:\Users\Bharadwaj\.vscode\extensions\redhat.java-1.50.0-win32-x64\jre\21.0.9-win32-x86_64\bin\vcruntime140_1.dll
0x00007ff884790000 - 0x00007ff88481d000 	c:\Users\Bharadwaj\.vscode\extensions\redhat.java-1.50.0-win32-x64\jre\21.0.9-win32-x86_64\bin\msvcp140.dll
0x00007ff820d90000 - 0x00007ff821b30000 	c:\Users\Bharadwaj\.vscode\extensions\redhat.java-1.50.0-win32-x64\jre\21.0.9-win32-x86_64\bin\server\jvm.dll
0x00007ff8d1f50000 - 0x00007ff8d2004000 	C:\WINDOWS\System32\ADVAPI32.dll
0x00007ff8d1230000 - 0x00007ff8d12d6000 	C:\WINDOWS\System32\sechost.dll
0x00007ff8d0180000 - 0x00007ff8d0298000 	C:\WINDOWS\System32\RPCRT4.dll
0x00007ff8d12e0000 - 0x00007ff8d1354000 	C:\WINDOWS\System32\WS2_32.dll
0x00007ff8cf210000 - 0x00007ff8cf26e000 	C:\WINDOWS\SYSTEM32\POWRPROF.dll
0x00007ff8bbc00000 - 0x00007ff8bbc0b000 	C:\WINDOWS\SYSTEM32\VERSION.dll
0x00007ff8c8d80000 - 0x00007ff8c8db5000 	C:\WINDOWS\SYSTEM32\WINMM.dll
0x00007ff8cf1f0000 - 0x00007ff8cf204000 	C:\WINDOWS\SYSTEM32\UMPDC.dll
0x00007ff8ce170000 - 0x00007ff8ce18b000 	C:\WINDOWS\SYSTEM32\kernel.appcore.dll
0x00007ff8b9940000 - 0x00007ff8b994a000 	c:\Users\Bharadwaj\.vscode\extensions\redhat.java-1.50.0-win32-x64\jre\21.0.9-win32-x86_64\bin\jimage.dll
0x00007ff8ccb50000 - 0x00007ff8ccd92000 	C:\WINDOWS\SYSTEM32\DBGHELP.DLL
0x00007ff8d0c40000 - 0x00007ff8d0fcb000 	C:\WINDOWS\System32\combase.dll
0x00007ff8d10a0000 - 0x00007ff8d1177000 	C:\WINDOWS\System32\OLEAUT32.dll
0x00007ff8adf80000 - 0x00007ff8adfbc000 	C:\WINDOWS\SYSTEM32\dbgcore.DLL
0x00007ff8cf3b0000 - 0x00007ff8cf455000 	C:\WINDOWS\System32\bcryptPrimitives.dll
0x00007ff8b9910000 - 0x00007ff8b991f000 	c:\Users\Bharadwaj\.vscode\extensions\redhat.java-1.50.0-win32-x64\jre\21.0.9-win32-x86_64\bin\instrument.dll
0x00007ff896700000 - 0x00007ff896720000 	c:\Users\Bharadwaj\.vscode\extensions\redhat.java-1.50.0-win32-x64\jre\21.0.9-win32-x86_64\bin\java.dll
0x00007ff8d17f0000 - 0x00007ff8d1f3f000 	C:\WINDOWS\System32\SHELL32.dll
0x00007ff8cfbc0000 - 0x00007ff8cfd2b000 	C:\WINDOWS\System32\wintypes.dll
0x00007ff8ccfd0000 - 0x00007ff8cd82d000 	C:\WINDOWS\SYSTEM32\windows.storage.dll
0x00007ff8d1560000 - 0x00007ff8d1652000 	C:\WINDOWS\System32\SHCORE.dll
0x00007ff8d2010000 - 0x00007ff8d2077000 	C:\WINDOWS\System32\shlwapi.dll
0x00007ff8cf2d0000 - 0x00007ff8cf2f9000 	C:\WINDOWS\SYSTEM32\profapi.dll
0x00007ff895e60000 - 0x00007ff895e78000 	c:\Users\Bharadwaj\.vscode\extensions\redhat.java-1.50.0-win32-x64\jre\21.0.9-win32-x86_64\bin\zip.dll
0x00007ff8b9230000 - 0x00007ff8b9240000 	C:\Users\Bharadwaj\.vscode\extensions\redhat.java-1.50.0-win32-x64\jre\21.0.9-win32-x86_64\bin\net.dll
0x00007ff8c5760000 - 0x00007ff8c5888000 	C:\WINDOWS\SYSTEM32\WINHTTP.dll
0x00007ff8ce6e0000 - 0x00007ff8ce74b000 	C:\WINDOWS\system32\mswsock.dll
0x00007ff88b3b0000 - 0x00007ff88b3c6000 	C:\Users\Bharadwaj\.vscode\extensions\redhat.java-1.50.0-win32-x64\jre\21.0.9-win32-x86_64\bin\nio.dll
0x00007ff8b3bf0000 - 0x00007ff8b3c00000 	c:\Users\Bharadwaj\.vscode\extensions\redhat.java-1.50.0-win32-x64\jre\21.0.9-win32-x86_64\bin\verify.dll
0x00007ff88a640000 - 0x00007ff88a684000 	C:\Users\Bharadwaj\AppData\Roaming\Code\User\globalStorage\redhat.java\1.50.0\config_win\org.eclipse.equinox.launcher\org.eclipse.equinox.launcher.win32.win32.x86_64_1.2.1400.v20250801-0854\eclipse_11916.dll
0x00007ff8d2080000 - 0x00007ff8d2217000 	C:\WINDOWS\System32\ole32.dll
0x00007ff8ce9b0000 - 0x00007ff8ce9cb000 	C:\WINDOWS\SYSTEM32\CRYPTSP.dll
0x00007ff8ce0d0000 - 0x00007ff8ce10a000 	C:\WINDOWS\system32\rsaenh.dll
0x00007ff8ce790000 - 0x00007ff8ce7bb000 	C:\WINDOWS\SYSTEM32\USERENV.dll
0x00007ff8cf2a0000 - 0x00007ff8cf2ca000 	C:\WINDOWS\SYSTEM32\bcrypt.dll
0x00007ff8ce9a0000 - 0x00007ff8ce9ac000 	C:\WINDOWS\SYSTEM32\CRYPTBASE.dll
0x00007ff8cdcb0000 - 0x00007ff8cdce4000 	C:\WINDOWS\SYSTEM32\IPHLPAPI.DLL
0x00007ff8d17e0000 - 0x00007ff8d17ea000 	C:\WINDOWS\System32\NSI.dll
0x00007ff8823e0000 - 0x00007ff882429000 	C:\Users\Bharadwaj\AppData\Local\Temp\jna-1080683302\jna8833365544157129753.dll
0x00007ff8d1660000 - 0x00007ff8d1668000 	C:\WINDOWS\System32\PSAPI.DLL
0x00007ff8c94c0000 - 0x00007ff8c94de000 	C:\WINDOWS\SYSTEM32\dhcpcsvc6.DLL
0x00007ff8c9400000 - 0x00007ff8c9423000 	C:\WINDOWS\SYSTEM32\dhcpcsvc.DLL
0x00007ff8cbe60000 - 0x00007ff8cbe6e000 	C:\Users\Bharadwaj\.vscode\extensions\redhat.java-1.50.0-win32-x64\jre\21.0.9-win32-x86_64\bin\sunmscapi.dll
0x00007ff8cfe80000 - 0x00007ff8cfff7000 	C:\WINDOWS\System32\CRYPT32.dll
0x00007ff8cebc0000 - 0x00007ff8cebf0000 	C:\WINDOWS\SYSTEM32\ncrypt.dll
0x00007ff8ceb70000 - 0x00007ff8cebaf000 	C:\WINDOWS\SYSTEM32\NTASN1.dll

JVMTI agents:
c:\Users\Bharadwaj\.vscode\extensions\redhat.java-1.50.0-win32-x64\lombok\lombok-1.18.39-4050.jar path:c:\Users\Bharadwaj\.vscode\extensions\redhat.java-1.50.0-win32-x64\jre\21.0.9-win32-x86_64\bin\instrument.dll, loaded, initialized, instrumentlib options:none

dbghelp: loaded successfully - version: 4.0.5 - missing functions: none
symbol engine: initialized successfully - sym options: 0x614 - pdb path: .;c:\Users\Bharadwaj\.vscode\extensions\redhat.java-1.50.0-win32-x64\jre\21.0.9-win32-x86_64\bin;C:\WINDOWS\SYSTEM32;C:\WINDOWS\WinSxS\amd64_microsoft.windows.common-controls_6595b64144ccf1df_6.0.26100.7019_none_3e06ffa0e335b8a8;c:\Users\Bharadwaj\.vscode\extensions\redhat.java-1.50.0-win32-x64\jre\21.0.9-win32-x86_64\bin\server;C:\Users\Bharadwaj\AppData\Roaming\Code\User\globalStorage\redhat.java\1.50.0\config_win\org.eclipse.equinox.launcher\org.eclipse.equinox.launcher.win32.win32.x86_64_1.2.1400.v20250801-0854;C:\Users\Bharadwaj\AppData\Local\Temp\jna-1080683302

VM Arguments:
jvm_args: --add-modules=ALL-SYSTEM --add-opens=java.base/java.util=ALL-UNNAMED --add-opens=java.base/java.lang=ALL-UNNAMED --add-opens=java.base/sun.nio.fs=ALL-UNNAMED -Declipse.application=org.eclipse.jdt.ls.core.id1 -Dosgi.bundles.defaultStartLevel=4 -Declipse.product=org.eclipse.jdt.ls.core.product -Djava.import.generatesMetadataFilesAtProjectRoot=false -DDetectVMInstallationsJob.disabled=true -Dfile.encoding=utf8 -XX:+UseParallelGC -XX:GCTimeRatio=4 -XX:AdaptiveSizePolicyWeight=90 -Dsun.zip.disableMemoryMapping=true -Xmx2G -Xms100m -Xlog:disable -javaagent:c:\Users\Bharadwaj\.vscode\extensions\redhat.java-1.50.0-win32-x64\lombok\lombok-1.18.39-4050.jar -XX:+HeapDumpOnOutOfMemoryError -XX:HeapDumpPath=c:\Users\Bharadwaj\AppData\Roaming\Code\User\workspaceStorage\76af7f3a76c08663db84ece0fa0e3d78\redhat.java -Daether.dependencyCollector.impl=bf 
java_command: c:\Users\Bharadwaj\.vscode\extensions\redhat.java-1.50.0-win32-x64\server\plugins\org.eclipse.equinox.launcher_1.7.100.v20251111-0406.jar -configuration c:\Users\Bharadwaj\AppData\Roaming\Code\User\globalStorage\redhat.java\1.50.0\config_win -data c:\Users\Bharadwaj\AppData\Roaming\Code\User\workspaceStorage\76af7f3a76c08663db84ece0fa0e3d78\redhat.java\jdt_ws --pipe=\\.\pipe\lsp-55bc8f30ccf6f67ac32bdd537a86b81b-sock
java_class_path (initial): c:\Users\Bharadwaj\.vscode\extensions\redhat.java-1.50.0-win32-x64\server\plugins\org.eclipse.equinox.launcher_1.7.100.v20251111-0406.jar
Launcher Type: SUN_STANDARD

[Global flags]
    uintx AdaptiveSizePolicyWeight                 = 90                                        {product} {command line}
     intx CICompilerCount                          = 4                                         {product} {ergonomic}
    uintx GCTimeRatio                              = 4                                         {product} {command line}
     bool HeapDumpOnOutOfMemoryError               = true                                   {manageable} {command line}
    ccstr HeapDumpPath                             = c:\Users\Bharadwaj\AppData\Roaming\Code\User\workspaceStorage\76af7f3a76c08663db84ece0fa0e3d78\redhat.java         {manageable} {command line}
   size_t InitialHeapSize                          = 104857600                                 {product} {command line}
   size_t MaxHeapSize                              = 2147483648                                {product} {command line}
   size_t MaxNewSize                               = 715653120                                 {product} {ergonomic}
   size_t MinHeapDeltaBytes                        = 524288                                    {product} {ergonomic}
   size_t MinHeapSize                              = 104857600                                 {product} {command line}
   size_t NewSize                                  = 34603008                                  {product} {ergonomic}
    uintx NonNMethodCodeHeapSize                   = 5839372                                {pd product} {ergonomic}
    uintx NonProfiledCodeHeapSize                  = 122909434                              {pd product} {ergonomic}
   size_t OldSize                                  = 70254592                                  {product} {ergonomic}
    uintx ProfiledCodeHeapSize                     = 122909434                              {pd product} {ergonomic}
    uintx ReservedCodeCacheSize                    = 251658240                              {pd product} {ergonomic}
     bool SegmentedCodeCache                       = true                                      {product} {ergonomic}
   size_t SoftMaxHeapSize                          = 2147483648                             {manageable} {ergonomic}
     bool UseCompressedOops                        = true                           {product lp64_product} {ergonomic}
     bool UseLargePagesIndividualAllocation        = false                                  {pd product} {ergonomic}
     bool UseParallelGC                            = true                                      {product} {command line}

Logging:
Log output configuration:
 #0: stdout all=off uptime,level,tags foldmultilines=false
 #1: stderr all=off uptime,level,tags foldmultilines=false

Release file:
JAVA_VERSION="21.0.9" 
MODULES="java.base java.compiler java.datatransfer java.xml java.prefs java.desktop java.instrument java.logging java.management java.security.sasl java.naming java.rmi java.management.rmi java.net.http java.scripting java.security.jgss java.transaction.xa java.sql java.sql.rowset java.xml.crypto java.se java.smartcardio jdk.accessibility jdk.internal.jvmstat jdk.attach jdk.charsets jdk.internal.opt jdk.zipfs jdk.compiler jdk.crypto.ec jdk.crypto.cryptoki jdk.crypto.mscapi jdk.dynalink jdk.internal.ed jdk.editpad jdk.hotspot.agent jdk.httpserver jdk.internal.le jdk.internal.vm.ci jdk.internal.vm.compiler jdk.internal.vm.compiler.management jdk.jartool jdk.javadoc jdk.jcmd jdk.management jdk.management.agent jdk.jconsole jdk.jdeps jdk.jdwp.agent jdk.jdi jdk.jfr jdk.jshell jdk.jsobject jdk.jstatd jdk.localedata jdk.management.jfr jdk.naming.dns jdk.naming.rmi jdk.net jdk.nio.mapmode jdk.random jdk.sctp jdk.security.auth jdk.security.jgss jdk.unsupported jdk.unsupported.desktop jdk.xml.dom" 

Environment Variables:
PATH=C:\WINDOWS\system32;C:\WINDOWS;C:\WINDOWS\System32\Wbem;C:\WINDOWS\System32\WindowsPowerShell\v1.0\;C:\WINDOWS\System32\OpenSSH\;C:\Program Files\dotnet\;C:\Program Files\Java\jdk-23\bin;C:\Program Files\Git\cmd;C:\Users\Bharadwaj\Downloads\apache-maven-3.9.10\bin;C:\Users\Bharadwaj\AppData\Local\Google\Cloud SDK\google-cloud-sdk\bin;C:\Program Files\MySQL\MySQL Server 8.0\bin;C:\Program Files\nodejs\;C:\Users\Bharadwaj\AppData\Roaming\npm;C:\Program Files\PostgreSQL\17\bin;C:\Program Files\MySQL\MySQL Shell 8.0\bin\;C:\Users\Bharadwaj\AppData\Local\Microsoft\WindowsApps;C:\Users\Bharadwaj\AppData\Local\Programs\Microsoft VS Code\bin;C:\Users\Bharadwaj\AppData\Local\Google\Cloud SDK\google-cloud-sdk\bin;C:\Program Files\JetBrains\IntelliJ IDEA Community Edition 2025.2.1\bin;C:\Users\Bharadwaj\AppData\Roaming\npm
USERNAME=Bharadwaj
OS=Windows_NT
PROCESSOR_IDENTIFIER=Intel64 Family 6 Model 154 Stepping 4, GenuineIntel
TMP=C:\Users\BHARAD~1\AppData\Local\Temp
TEMP=C:\Users\BHARAD~1\AppData\Local\Temp




Periodic native trim disabled

---------------  S Y S T E M  ---------------

OS:
 Windows 11 , 64 bit Build 26100 (10.0.26100.7019)
OS uptime: 7 days 21:30 hours
Hyper-V role detected

CPU: total 12 (initial active 12) (6 cores per cpu, 2 threads per core) family 6 model 154 stepping 4 microcode 0x437, cx8, cmov, fxsr, ht, mmx, 3dnowpref, sse, sse2, sse3, ssse3, sse4.1, sse4.2, popcnt, lzcnt, tsc, tscinvbit, avx, avx2, aes, erms, clmul, bmi1, bmi2, adx, sha, fma, vzeroupper, clflush, clflushopt, clwb, hv, serialize, rdtscp, rdpid, fsrm, f16c, cet_ibt, cet_ss
Processor Information for the first 12 processors :
  Max Mhz: 1300, Current Mhz: 1300, Mhz Limit: 1300

Memory: 4k page, system-wide physical 7876M (1496M free)
TotalPageFile size 32452M (AvailPageFile size 0M)
current process WorkingSet (physical memory assigned to process): 262M, peak: 947M
current process commit charge ("private bytes"): 998M, peak: 1677M

vm_info: OpenJDK 64-Bit Server VM (21.0.9+10-LTS) for windows-amd64 JRE (21.0.9+10-LTS), built on 2025-10-21T00:00:00Z by "admin" with unknown MS VC++:1942

END.
