#
# There is insufficient memory for the Java Runtime Environment to continue.
# Native memory allocation (malloc) failed to allocate 154416 bytes. Error detail: Chunk::new
# Possible reasons:
#   The system is out of physical RAM or swap space
#   This process is running with CompressedOops enabled, and the Java Heap may be blocking the growth of the native heap
# Possible solutions:
#   Reduce memory load on the system
#   Increase physical memory or swap space
#   Check if swap backing store is full
#   Decrease Java heap size (-Xmx/-Xms)
#   Decrease number of Java threads
#   Decrease Java thread stack sizes (-Xss)
#   Set larger code cache with -XX:ReservedCodeCacheSize=
#   JVM is running with Unscaled Compressed Oops mode in which the Java heap is
#     placed in the first 4GB address space. The Java Heap base address is the
#     maximum limit for the native heap growth. Please use -XX:HeapBaseMinAddress
#     to set the Java Heap base and to place the Java Heap above 4GB virtual address.
# This output file may be truncated or incomplete.
#
#  Out of Memory Error (arena.cpp:168), pid=2576, tid=27484
#
# JRE version: OpenJDK Runtime Environment Temurin-21.0.9+10 (21.0.9+10) (build 21.0.9+10-LTS)
# Java VM: OpenJDK 64-Bit Server VM Temurin-21.0.9+10 (21.0.9+10-LTS, mixed mode, sharing, tiered, compressed oops, compressed class ptrs, parallel gc, windows-amd64)
# No core dump will be written. Minidumps are not enabled by default on client versions of Windows
#

---------------  S U M M A R Y ------------

Command Line: --add-modules=ALL-SYSTEM --add-opens=java.base/java.util=ALL-UNNAMED --add-opens=java.base/java.lang=ALL-UNNAMED --add-opens=java.base/sun.nio.fs=ALL-UNNAMED -Declipse.application=org.eclipse.jdt.ls.core.id1 -Dosgi.bundles.defaultStartLevel=4 -Declipse.product=org.eclipse.jdt.ls.core.product -Djava.import.generatesMetadataFilesAtProjectRoot=false -DDetectVMInstallationsJob.disabled=true -Dfile.encoding=utf8 -XX:+UseParallelGC -XX:GCTimeRatio=4 -XX:AdaptiveSizePolicyWeight=90 -Dsun.zip.disableMemoryMapping=true -Xmx2G -Xms100m -Xlog:disable -javaagent:c:\Users\Bharadwaj\.vscode\extensions\redhat.java-1.50.0-win32-x64\lombok\lombok-1.18.39-4050.jar c:\Users\Bharadwaj\.vscode\extensions\redhat.java-1.50.0-win32-x64\server\plugins\org.eclipse.equinox.launcher_1.7.100.v20251111-0406.jar -configuration c:\Users\Bharadwaj\AppData\Roaming\Code\User\globalStorage\redhat.java\1.50.0\config_ss_win -data c:\Users\Bharadwaj\AppData\Roaming\Code\User\workspaceStorage\76af7f3a76c08663db84ece0fa0e3d78\redhat.java\ss_ws --pipe=\\.\pipe\lsp-ba828330aef14112cf4a74bc07cbd05f-sock

Host: 12th Gen Intel(R) Core(TM) i5-1235U, 12 cores, 7G,  Windows 11 , 64 bit Build 26100 (10.0.26100.7019)
Time: Thu Nov 27 16:16:37 2025 India Standard Time elapsed time: 14.683166 seconds (0d 0h 0m 14s)

---------------  T H R E A D  ---------------

Current thread (0x000001a98733acd0):  JavaThread "C2 CompilerThread2" daemon [_thread_in_native, id=27484, stack(0x0000007a8d900000,0x0000007a8da00000) (1024K)]


Current CompileTask:
C2:14683 3323       4       jdk.internal.jimage.BasicImageReader::getLocationIndex (52 bytes)

Stack: [0x0000007a8d900000,0x0000007a8da00000]
Native frames: (J=compiled Java code, j=interpreted, Vv=VM code, C=native code)
V  [jvm.dll+0x6d6e29]
V  [jvm.dll+0x8b4b76]
V  [jvm.dll+0x8b712e]
V  [jvm.dll+0x8b7813]
V  [jvm.dll+0x283d86]
V  [jvm.dll+0xc66ed]
V  [jvm.dll+0xc6c31]
V  [jvm.dll+0x2facee]
V  [jvm.dll+0x5fde44]
V  [jvm.dll+0x255557]
V  [jvm.dll+0x24d994]
V  [jvm.dll+0x24b482]
V  [jvm.dll+0x1cb13e]
V  [jvm.dll+0x25b29d]
V  [jvm.dll+0x25982a]
V  [jvm.dll+0x3f7ea6]
V  [jvm.dll+0x85e9ad]
V  [jvm.dll+0x6d565d]
C  [ucrtbase.dll+0x37b0]
C  [KERNEL32.DLL+0x2e8d7]
C  [ntdll.dll+0x8c53c]


---------------  P R O C E S S  ---------------

Threads class SMR info:
_java_thread_list=0x000001a987e48a60, length=33, elements={
0x000001a9289dcbf0, 0x000001a93f469390, 0x000001a928a8e020, 0x000001a93f46d260,
0x000001a93f46e170, 0x000001a93f470300, 0x000001a93f476770, 0x000001a93f47ce90,
0x000001a9818daf60, 0x000001a981af45c0, 0x000001a981c70990, 0x000001a9871a8480,
0x000001a9871a8ae0, 0x000001a9871ac2d0, 0x000001a9871ac930, 0x000001a9877922b0,
0x000001a987792d20, 0x000001a987715fb0, 0x000001a981c018e0, 0x000001a9879d1530,
0x000001a9879d1bc0, 0x000001a9879d2250, 0x000001a9879cfaf0, 0x000001a9879d28e0,
0x000001a9879d2f70, 0x000001a9879d0180, 0x000001a9879d0810, 0x000001a9879d0ea0,
0x000001a987c1d7e0, 0x000001a987c1e500, 0x000001a987c1f8b0, 0x000001a987490c60,
0x000001a98733acd0
}

Java Threads: ( => current thread )
  0x000001a9289dcbf0 JavaThread "main"                              [_thread_blocked, id=28916, stack(0x0000007a8ad00000,0x0000007a8ae00000) (1024K)]
  0x000001a93f469390 JavaThread "Reference Handler"          daemon [_thread_blocked, id=22588, stack(0x0000007a8b100000,0x0000007a8b200000) (1024K)]
  0x000001a928a8e020 JavaThread "Finalizer"                  daemon [_thread_blocked, id=9300, stack(0x0000007a8b200000,0x0000007a8b300000) (1024K)]
  0x000001a93f46d260 JavaThread "Signal Dispatcher"          daemon [_thread_blocked, id=4316, stack(0x0000007a8b300000,0x0000007a8b400000) (1024K)]
  0x000001a93f46e170 JavaThread "Attach Listener"            daemon [_thread_blocked, id=7692, stack(0x0000007a8b400000,0x0000007a8b500000) (1024K)]
  0x000001a93f470300 JavaThread "Service Thread"             daemon [_thread_blocked, id=23836, stack(0x0000007a8b500000,0x0000007a8b600000) (1024K)]
  0x000001a93f476770 JavaThread "Monitor Deflation Thread"   daemon [_thread_blocked, id=17136, stack(0x0000007a8b600000,0x0000007a8b700000) (1024K)]
  0x000001a93f47ce90 JavaThread "C2 CompilerThread0"         daemon [_thread_in_native, id=24200, stack(0x0000007a8b700000,0x0000007a8b800000) (1024K)]
  0x000001a9818daf60 JavaThread "C1 CompilerThread0"         daemon [_thread_blocked, id=30152, stack(0x0000007a8b800000,0x0000007a8b900000) (1024K)]
  0x000001a981af45c0 JavaThread "Common-Cleaner"             daemon [_thread_blocked, id=26912, stack(0x0000007a8ba00000,0x0000007a8bb00000) (1024K)]
  0x000001a981c70990 JavaThread "Notification Thread"        daemon [_thread_blocked, id=13772, stack(0x0000007a8b900000,0x0000007a8ba00000) (1024K)]
  0x000001a9871a8480 JavaThread "Equinox resolver thread - Equinox Container: 71121319-7d37-4972-83fb-618a4dc35e4d" daemon [_thread_blocked, id=16212, stack(0x0000007a8c300000,0x0000007a8c400000) (1024K)]
  0x000001a9871a8ae0 JavaThread "Equinox resolver thread - Equinox Container: 71121319-7d37-4972-83fb-618a4dc35e4d" daemon [_thread_blocked, id=14980, stack(0x0000007a8c400000,0x0000007a8c500000) (1024K)]
  0x000001a9871ac2d0 JavaThread "Equinox resolver thread - Equinox Container: 71121319-7d37-4972-83fb-618a4dc35e4d" daemon [_thread_blocked, id=10892, stack(0x0000007a8c500000,0x0000007a8c600000) (1024K)]
  0x000001a9871ac930 JavaThread "Equinox resolver thread - Equinox Container: 71121319-7d37-4972-83fb-618a4dc35e4d" daemon [_thread_blocked, id=31336, stack(0x0000007a8c600000,0x0000007a8c700000) (1024K)]
  0x000001a9877922b0 JavaThread "Equinox resolver thread - Equinox Container: 71121319-7d37-4972-83fb-618a4dc35e4d" daemon [_thread_blocked, id=2880, stack(0x0000007a8c700000,0x0000007a8c800000) (1024K)]
  0x000001a987792d20 JavaThread "Equinox resolver thread - Equinox Container: 71121319-7d37-4972-83fb-618a4dc35e4d" daemon [_thread_blocked, id=17876, stack(0x0000007a8c800000,0x0000007a8c900000) (1024K)]
  0x000001a987715fb0 JavaThread "Active Thread: Equinox Container: 71121319-7d37-4972-83fb-618a4dc35e4d"        [_thread_blocked, id=14332, stack(0x0000007a8c900000,0x0000007a8ca00000) (1024K)]
  0x000001a981c018e0 JavaThread "Framework Event Dispatcher: Equinox Container: 71121319-7d37-4972-83fb-618a4dc35e4d" daemon [_thread_blocked, id=17388, stack(0x0000007a8bb00000,0x0000007a8bc00000) (1024K)]
  0x000001a9879d1530 JavaThread "Start Level: Equinox Container: 71121319-7d37-4972-83fb-618a4dc35e4d" daemon [_thread_in_native, id=19852, stack(0x0000007a8bc00000,0x0000007a8bd00000) (1024K)]
  0x000001a9879d1bc0 JavaThread "Refresh Thread: Equinox Container: 71121319-7d37-4972-83fb-618a4dc35e4d" daemon [_thread_blocked, id=14744, stack(0x0000007a8cc00000,0x0000007a8cd00000) (1024K)]
  0x000001a9879d2250 JavaThread "Equinox resolver thread - Equinox Container: 71121319-7d37-4972-83fb-618a4dc35e4d" daemon [_thread_blocked, id=31708, stack(0x0000007a8cd00000,0x0000007a8ce00000) (1024K)]
  0x000001a9879cfaf0 JavaThread "Equinox resolver thread - Equinox Container: 71121319-7d37-4972-83fb-618a4dc35e4d" daemon [_thread_blocked, id=10760, stack(0x0000007a8ce00000,0x0000007a8cf00000) (1024K)]
  0x000001a9879d28e0 JavaThread "Equinox resolver thread - Equinox Container: 71121319-7d37-4972-83fb-618a4dc35e4d" daemon [_thread_blocked, id=11056, stack(0x0000007a8cf00000,0x0000007a8d000000) (1024K)]
  0x000001a9879d2f70 JavaThread "Equinox resolver thread - Equinox Container: 71121319-7d37-4972-83fb-618a4dc35e4d" daemon [_thread_blocked, id=7956, stack(0x0000007a8d000000,0x0000007a8d100000) (1024K)]
  0x000001a9879d0180 JavaThread "Equinox resolver thread - Equinox Container: 71121319-7d37-4972-83fb-618a4dc35e4d" daemon [_thread_blocked, id=29104, stack(0x0000007a8d100000,0x0000007a8d200000) (1024K)]
  0x000001a9879d0810 JavaThread "Equinox resolver thread - Equinox Container: 71121319-7d37-4972-83fb-618a4dc35e4d" daemon [_thread_blocked, id=30672, stack(0x0000007a8d200000,0x0000007a8d300000) (1024K)]
  0x000001a9879d0ea0 JavaThread "SCR Component Actor"        daemon [_thread_blocked, id=20856, stack(0x0000007a8ca00000,0x0000007a8cb00000) (1024K)]
  0x000001a987c1d7e0 JavaThread "Worker-JM"                         [_thread_blocked, id=30384, stack(0x0000007a8d500000,0x0000007a8d600000) (1024K)]
  0x000001a987c1e500 JavaThread "Worker-0"                          [_thread_blocked, id=11832, stack(0x0000007a8d300000,0x0000007a8d400000) (1024K)]
  0x000001a987c1f8b0 JavaThread "Worker-1"                          [_thread_blocked, id=29968, stack(0x0000007a8d700000,0x0000007a8d800000) (1024K)]
  0x000001a987490c60 JavaThread "C2 CompilerThread1"         daemon [_thread_in_native, id=8508, stack(0x0000007a8d800000,0x0000007a8d900000) (1024K)]
=>0x000001a98733acd0 JavaThread "C2 CompilerThread2"         daemon [_thread_in_native, id=27484, stack(0x0000007a8d900000,0x0000007a8da00000) (1024K)]
Total: 33

Other Threads:
  0x000001a93f464960 VMThread "VM Thread"                           [id=28000, stack(0x0000007a8b000000,0x0000007a8b100000) (1024K)]
  0x000001a93f35ca00 WatcherThread "VM Periodic Task Thread"        [id=27108, stack(0x0000007a8af00000,0x0000007a8b000000) (1024K)]
  0x000001a9289f4360 WorkerThread "GC Thread#0"                     [id=22888, stack(0x0000007a8ae00000,0x0000007a8af00000) (1024K)]
  0x000001a987531a70 WorkerThread "GC Thread#1"                     [id=14260, stack(0x0000007a8bd00000,0x0000007a8be00000) (1024K)]
  0x000001a987531e10 WorkerThread "GC Thread#2"                     [id=15576, stack(0x0000007a8be00000,0x0000007a8bf00000) (1024K)]
  0x000001a9875321b0 WorkerThread "GC Thread#3"                     [id=25052, stack(0x0000007a8bf00000,0x0000007a8c000000) (1024K)]
  0x000001a981c1d4a0 WorkerThread "GC Thread#4"                     [id=23768, stack(0x0000007a8c000000,0x0000007a8c100000) (1024K)]
  0x000001a981c1d840 WorkerThread "GC Thread#5"                     [id=10972, stack(0x0000007a8c100000,0x0000007a8c200000) (1024K)]
  0x000001a981c1dbe0 WorkerThread "GC Thread#6"                     [id=29728, stack(0x0000007a8c200000,0x0000007a8c300000) (1024K)]
  0x000001a987741820 WorkerThread "GC Thread#7"                     [id=15220, stack(0x0000007a8cb00000,0x0000007a8cc00000) (1024K)]
  0x000001a987c8b560 WorkerThread "GC Thread#8"                     [id=17820, stack(0x0000007a8d400000,0x0000007a8d500000) (1024K)]
  0x000001a987c8c780 WorkerThread "GC Thread#9"                     [id=26468, stack(0x0000007a8d600000,0x0000007a8d700000) (1024K)]
Total: 12

Threads with active compile tasks:
C2 CompilerThread0  14758 3269       4       org.lombokweb.asm.ClassReader::readMethod (1070 bytes)
C2 CompilerThread1  14758 3333       4       lombok.patcher.PatchScript$MethodPatcher::visitMethod (158 bytes)
C2 CompilerThread2  14758 3323       4       jdk.internal.jimage.BasicImageReader::getLocationIndex (52 bytes)
Total: 3

VM state: not at safepoint (normal execution)

VM Mutex/Monitor currently owned by a thread: None

Heap address: 0x0000000080000000, size: 2048 MB, Compressed Oops mode: 32-bit

CDS archive(s) mapped at: [0x000001a940000000-0x000001a940ba0000-0x000001a940ba0000), size 12189696, SharedBaseAddress: 0x000001a940000000, ArchiveRelocationMode: 1.
Compressed class space mapped at: 0x000001a941000000-0x000001a981000000, reserved size: 1073741824
Narrow klass base: 0x000001a940000000, Narrow klass shift: 0, Narrow klass range: 0x100000000

GC Precious Log:
 CardTable entry size: 512
 CPUs: 12 total, 12 available
 Memory: 7876M
 Large Page Support: Disabled
 NUMA Support: Disabled
 Compressed Oops: Enabled (32-bit)
 Alignments: Space 512K, Generation 512K, Heap 2M
 Heap Min Capacity: 100M
 Heap Initial Capacity: 100M
 Heap Max Capacity: 2G
 Pre-touch: Disabled
 Parallel Workers: 10

Heap:
 PSYoungGen      total 28160K, used 19099K [0x00000000d5580000, 0x00000000d7680000, 0x0000000100000000)
  eden space 24576K, 77% used [0x00000000d5580000,0x00000000d6826d38,0x00000000d6d80000)
  from space 3584K, 0% used [0x00000000d6e00000,0x00000000d6e00000,0x00000000d7180000)
  to   space 4608K, 0% used [0x00000000d7200000,0x00000000d7200000,0x00000000d7680000)
 ParOldGen       total 68608K, used 9866K [0x0000000080000000, 0x0000000084300000, 0x00000000d5580000)
  object space 68608K, 14% used [0x0000000080000000,0x00000000809a29a8,0x0000000084300000)
 Metaspace       used 21882K, committed 22528K, reserved 1114112K
  class space    used 2090K, committed 2368K, reserved 1048576K

Card table byte_map: [0x000001a928370000,0x000001a928780000] _byte_map_base: 0x000001a927f70000

Marking Bits: (ParMarkBitMap*) 0x00007ff821a52460
 Begin Bits: [0x000001a93ae80000, 0x000001a93ce80000)
 End Bits:   [0x000001a93ce80000, 0x000001a93ee80000)

Polling page: 0x000001a9267f0000

Metaspace:

Usage:
  Non-class:     19.33 MB used.
      Class:      2.04 MB used.
       Both:     21.37 MB used.

Virtual space:
  Non-class space:       64.00 MB reserved,      19.69 MB ( 31%) committed,  1 nodes.
      Class space:        1.00 GB reserved,       2.31 MB ( <1%) committed,  1 nodes.
             Both:        1.06 GB reserved,      22.00 MB (  2%) committed. 

Chunk freelists:
   Non-Class:  11.86 MB
       Class:  13.53 MB
        Both:  25.39 MB

MaxMetaspaceSize: unlimited
CompressedClassSpaceSize: 1.00 GB
Initial GC threshold: 21.00 MB
Current GC threshold: 35.00 MB
CDS: on
 - commit_granule_bytes: 65536.
 - commit_granule_words: 8192.
 - virtual_space_node_default_size: 8388608.
 - enlarge_chunks_in_place: 1.
 - use_allocation_guard: 0.


Internal statistics:

num_allocs_failed_limit: 3.
num_arena_births: 456.
num_arena_deaths: 14.
num_vsnodes_births: 2.
num_vsnodes_deaths: 0.
num_space_committed: 352.
num_space_uncommitted: 0.
num_chunks_returned_to_freelist: 17.
num_chunks_taken_from_freelist: 1247.
num_chunk_merges: 7.
num_chunk_splits: 821.
num_chunks_enlarged: 553.
num_inconsistent_stats: 0.

CodeHeap 'non-profiled nmethods': size=120000Kb used=1403Kb max_used=1403Kb free=118596Kb
 bounds [0x000001a9336a0000, 0x000001a933910000, 0x000001a93abd0000]
CodeHeap 'profiled nmethods': size=120000Kb used=6868Kb max_used=6868Kb free=113132Kb
 bounds [0x000001a92bbd0000, 0x000001a92c290000, 0x000001a933100000]
CodeHeap 'non-nmethods': size=5760Kb used=1305Kb max_used=1327Kb free=4454Kb
 bounds [0x000001a933100000, 0x000001a933370000, 0x000001a9336a0000]
CodeCache: size=245760Kb, used=9576Kb, max_used=9598Kb, free=236182Kb
 total_blobs=3920, nmethods=3334, adapters=492, full_count=0
Compilation: enabled, stopped_count=0, restarted_count=0

Compilation events (20 events):
Event: 12.487 Thread 0x000001a987490c60 3322       4       jdk.internal.module.SystemModuleFinders$SystemModuleReader::find (59 bytes)
Event: 12.518 Thread 0x000001a98733acd0 nmethod 3321 0x000001a9337fa310 code [0x000001a9337fa500, 0x000001a9337fa8e0]
Event: 12.518 Thread 0x000001a98733acd0 3323       4       jdk.internal.jimage.BasicImageReader::getLocationIndex (52 bytes)
Event: 12.519 Thread 0x000001a9818daf60 3324       3       org.lombokweb.asm.ClassReader::readLong (29 bytes)
Event: 12.519 Thread 0x000001a9818daf60 nmethod 3324 0x000001a92c279690 code [0x000001a92c279840, 0x000001a92c279a08]
Event: 12.520 Thread 0x000001a9818daf60 3325       1       lombok.patcher.scripts.WrapReturnValuesScript::access$1 (5 bytes)
Event: 12.521 Thread 0x000001a9818daf60 nmethod 3325 0x000001a9337fad10 code [0x000001a9337faea0, 0x000001a9337faf50]
Event: 12.522 Thread 0x000001a9818daf60 3326       3       org.lombokweb.asm.MethodVisitor::visitFrame (22 bytes)
Event: 12.523 Thread 0x000001a9818daf60 nmethod 3326 0x000001a92c279b10 code [0x000001a92c279cc0, 0x000001a92c279ec8]
Event: 12.524 Thread 0x000001a9818daf60 3327       3       lombok.patcher.scripts.WrapReturnValuesScript$WrapReturnValues::visitInsn (283 bytes)
Event: 12.531 Thread 0x000001a9818daf60 nmethod 3327 0x000001a92c279f90 code [0x000001a92c27a3a0, 0x000001a92c27bfc0]
Event: 12.532 Thread 0x000001a9818daf60 3331       1       lombok.patcher.scripts.ReplaceMethodCallScript::access$0 (5 bytes)
Event: 12.532 Thread 0x000001a9818daf60 nmethod 3331 0x000001a9337fb010 code [0x000001a9337fb1a0, 0x000001a9337fb250]
Event: 12.532 Thread 0x000001a9818daf60 3329       3       java.util.regex.Matcher::checkGroup (41 bytes)
Event: 12.535 Thread 0x000001a9818daf60 nmethod 3329 0x000001a92c27c990 code [0x000001a92c27cbc0, 0x000001a92c27d248]
Event: 12.535 Thread 0x000001a9818daf60 3334       3       org.lombokweb.asm.MethodVisitor::visitLocalVariable (24 bytes)
Event: 12.536 Thread 0x000001a9818daf60 nmethod 3334 0x000001a92c27d510 code [0x000001a92c27d6c0, 0x000001a92c27d8d0]
Event: 12.536 Thread 0x000001a9818daf60 3336       3       lombok.patcher.Hook::getClassSpec (8 bytes)
Event: 12.537 Thread 0x000001a9818daf60 nmethod 3336 0x000001a92c27d990 code [0x000001a92c27db40, 0x000001a92c27dc78]
Event: 12.537 Thread 0x000001a9818daf60 3337       3       lombok.patcher.scripts.ReplaceMethodCallScript$ReplaceMethodCall::visitMethodInsn (250 bytes)

GC Heap History (16 events):
Event: 3.252 GC heap before
{Heap before GC invocations=1 (full 0):
 PSYoungGen      total 29696K, used 25600K [0x00000000d5580000, 0x00000000d7680000, 0x0000000100000000)
  eden space 25600K, 100% used [0x00000000d5580000,0x00000000d6e80000,0x00000000d6e80000)
  from space 4096K, 0% used [0x00000000d7280000,0x00000000d7280000,0x00000000d7680000)
  to   space 4096K, 0% used [0x00000000d6e80000,0x00000000d6e80000,0x00000000d7280000)
 ParOldGen       total 68608K, used 0K [0x0000000080000000, 0x0000000084300000, 0x00000000d5580000)
  object space 68608K, 0% used [0x0000000080000000,0x0000000080000000,0x0000000084300000)
 Metaspace       used 4456K, committed 4672K, reserved 1114112K
  class space    used 490K, committed 576K, reserved 1048576K
}
Event: 3.273 GC heap after
{Heap after GC invocations=1 (full 0):
 PSYoungGen      total 29696K, used 3287K [0x00000000d5580000, 0x00000000d7680000, 0x0000000100000000)
  eden space 25600K, 0% used [0x00000000d5580000,0x00000000d5580000,0x00000000d6e80000)
  from space 4096K, 80% used [0x00000000d6e80000,0x00000000d71b5ea8,0x00000000d7280000)
  to   space 4096K, 0% used [0x00000000d7280000,0x00000000d7280000,0x00000000d7680000)
 ParOldGen       total 68608K, used 16K [0x0000000080000000, 0x0000000084300000, 0x00000000d5580000)
  object space 68608K, 0% used [0x0000000080000000,0x0000000080004000,0x0000000084300000)
 Metaspace       used 4456K, committed 4672K, reserved 1114112K
  class space    used 490K, committed 576K, reserved 1048576K
}
Event: 5.086 GC heap before
{Heap before GC invocations=2 (full 0):
 PSYoungGen      total 29696K, used 28887K [0x00000000d5580000, 0x00000000d7680000, 0x0000000100000000)
  eden space 25600K, 100% used [0x00000000d5580000,0x00000000d6e80000,0x00000000d6e80000)
  from space 4096K, 80% used [0x00000000d6e80000,0x00000000d71b5ea8,0x00000000d7280000)
  to   space 4096K, 0% used [0x00000000d7280000,0x00000000d7280000,0x00000000d7680000)
 ParOldGen       total 68608K, used 16K [0x0000000080000000, 0x0000000084300000, 0x00000000d5580000)
  object space 68608K, 0% used [0x0000000080000000,0x0000000080004000,0x0000000084300000)
 Metaspace       used 8314K, committed 8640K, reserved 1114112K
  class space    used 888K, committed 1024K, reserved 1048576K
}
Event: 5.101 GC heap after
{Heap after GC invocations=2 (full 0):
 PSYoungGen      total 29696K, used 4090K [0x00000000d5580000, 0x00000000d7680000, 0x0000000100000000)
  eden space 25600K, 0% used [0x00000000d5580000,0x00000000d5580000,0x00000000d6e80000)
  from space 4096K, 99% used [0x00000000d7280000,0x00000000d767e978,0x00000000d7680000)
  to   space 4096K, 0% used [0x00000000d6e80000,0x00000000d6e80000,0x00000000d7280000)
 ParOldGen       total 68608K, used 347K [0x0000000080000000, 0x0000000084300000, 0x00000000d5580000)
  object space 68608K, 0% used [0x0000000080000000,0x0000000080056d60,0x0000000084300000)
 Metaspace       used 8314K, committed 8640K, reserved 1114112K
  class space    used 888K, committed 1024K, reserved 1048576K
}
Event: 6.637 GC heap before
{Heap before GC invocations=3 (full 0):
 PSYoungGen      total 29696K, used 29690K [0x00000000d5580000, 0x00000000d7680000, 0x0000000100000000)
  eden space 25600K, 100% used [0x00000000d5580000,0x00000000d6e80000,0x00000000d6e80000)
  from space 4096K, 99% used [0x00000000d7280000,0x00000000d767e978,0x00000000d7680000)
  to   space 4096K, 0% used [0x00000000d6e80000,0x00000000d6e80000,0x00000000d7280000)
 ParOldGen       total 68608K, used 347K [0x0000000080000000, 0x0000000084300000, 0x00000000d5580000)
  object space 68608K, 0% used [0x0000000080000000,0x0000000080056d60,0x0000000084300000)
 Metaspace       used 9356K, committed 9728K, reserved 1114112K
  class space    used 978K, committed 1152K, reserved 1048576K
}
Event: 6.653 GC heap after
{Heap after GC invocations=3 (full 0):
 PSYoungGen      total 29696K, used 4064K [0x00000000d5580000, 0x00000000d7680000, 0x0000000100000000)
  eden space 25600K, 0% used [0x00000000d5580000,0x00000000d5580000,0x00000000d6e80000)
  from space 4096K, 99% used [0x00000000d6e80000,0x00000000d7278078,0x00000000d7280000)
  to   space 4096K, 0% used [0x00000000d7280000,0x00000000d7280000,0x00000000d7680000)
 ParOldGen       total 68608K, used 3090K [0x0000000080000000, 0x0000000084300000, 0x00000000d5580000)
  object space 68608K, 4% used [0x0000000080000000,0x0000000080304820,0x0000000084300000)
 Metaspace       used 9356K, committed 9728K, reserved 1114112K
  class space    used 978K, committed 1152K, reserved 1048576K
}
Event: 8.198 GC heap before
{Heap before GC invocations=4 (full 0):
 PSYoungGen      total 29696K, used 29664K [0x00000000d5580000, 0x00000000d7680000, 0x0000000100000000)
  eden space 25600K, 100% used [0x00000000d5580000,0x00000000d6e80000,0x00000000d6e80000)
  from space 4096K, 99% used [0x00000000d6e80000,0x00000000d7278078,0x00000000d7280000)
  to   space 4096K, 0% used [0x00000000d7280000,0x00000000d7280000,0x00000000d7680000)
 ParOldGen       total 68608K, used 3090K [0x0000000080000000, 0x0000000084300000, 0x00000000d5580000)
  object space 68608K, 4% used [0x0000000080000000,0x0000000080304820,0x0000000084300000)
 Metaspace       used 13714K, committed 14272K, reserved 1114112K
  class space    used 1420K, committed 1664K, reserved 1048576K
}
Event: 8.214 GC heap after
{Heap after GC invocations=4 (full 0):
 PSYoungGen      total 29696K, used 4086K [0x00000000d5580000, 0x00000000d7680000, 0x0000000100000000)
  eden space 25600K, 0% used [0x00000000d5580000,0x00000000d5580000,0x00000000d6e80000)
  from space 4096K, 99% used [0x00000000d7280000,0x00000000d767da30,0x00000000d7680000)
  to   space 4096K, 0% used [0x00000000d6e80000,0x00000000d6e80000,0x00000000d7280000)
 ParOldGen       total 68608K, used 4671K [0x0000000080000000, 0x0000000084300000, 0x00000000d5580000)
  object space 68608K, 6% used [0x0000000080000000,0x000000008048fce0,0x0000000084300000)
 Metaspace       used 13714K, committed 14272K, reserved 1114112K
  class space    used 1420K, committed 1664K, reserved 1048576K
}
Event: 10.666 GC heap before
{Heap before GC invocations=5 (full 0):
 PSYoungGen      total 29696K, used 29686K [0x00000000d5580000, 0x00000000d7680000, 0x0000000100000000)
  eden space 25600K, 100% used [0x00000000d5580000,0x00000000d6e80000,0x00000000d6e80000)
  from space 4096K, 99% used [0x00000000d7280000,0x00000000d767da30,0x00000000d7680000)
  to   space 4096K, 0% used [0x00000000d6e80000,0x00000000d6e80000,0x00000000d7280000)
 ParOldGen       total 68608K, used 4671K [0x0000000080000000, 0x0000000084300000, 0x00000000d5580000)
  object space 68608K, 6% used [0x0000000080000000,0x000000008048fce0,0x0000000084300000)
 Metaspace       used 17234K, committed 17856K, reserved 1114112K
  class space    used 1763K, committed 2048K, reserved 1048576K
}
Event: 10.676 GC heap after
{Heap after GC invocations=5 (full 0):
 PSYoungGen      total 29184K, used 4083K [0x00000000d5580000, 0x00000000d7c00000, 0x0000000100000000)
  eden space 25088K, 0% used [0x00000000d5580000,0x00000000d5580000,0x00000000d6e00000)
  from space 4096K, 99% used [0x00000000d6e80000,0x00000000d727cc98,0x00000000d7280000)
  to   space 7168K, 0% used [0x00000000d7500000,0x00000000d7500000,0x00000000d7c00000)
 ParOldGen       total 68608K, used 7389K [0x0000000080000000, 0x0000000084300000, 0x00000000d5580000)
  object space 68608K, 10% used [0x0000000080000000,0x00000000807374e0,0x0000000084300000)
 Metaspace       used 17234K, committed 17856K, reserved 1114112K
  class space    used 1763K, committed 2048K, reserved 1048576K
}
Event: 11.633 GC heap before
{Heap before GC invocations=6 (full 0):
 PSYoungGen      total 29184K, used 28869K [0x00000000d5580000, 0x00000000d7c00000, 0x0000000100000000)
  eden space 25088K, 98% used [0x00000000d5580000,0x00000000d6db4a60,0x00000000d6e00000)
  from space 4096K, 99% used [0x00000000d6e80000,0x00000000d727cc98,0x00000000d7280000)
  to   space 7168K, 0% used [0x00000000d7500000,0x00000000d7500000,0x00000000d7c00000)
 ParOldGen       total 68608K, used 7389K [0x0000000080000000, 0x0000000084300000, 0x00000000d5580000)
  object space 68608K, 10% used [0x0000000080000000,0x00000000807374e0,0x0000000084300000)
 Metaspace       used 20545K, committed 21184K, reserved 1114112K
  class space    used 2008K, committed 2304K, reserved 1048576K
}
Event: 11.652 GC heap after
{Heap after GC invocations=6 (full 0):
 PSYoungGen      total 31744K, used 6876K [0x00000000d5580000, 0x00000000d7c00000, 0x0000000100000000)
  eden space 24576K, 0% used [0x00000000d5580000,0x00000000d5580000,0x00000000d6d80000)
  from space 7168K, 95% used [0x00000000d7500000,0x00000000d7bb7020,0x00000000d7c00000)
  to   space 7168K, 0% used [0x00000000d6e00000,0x00000000d6e00000,0x00000000d7500000)
 ParOldGen       total 68608K, used 7397K [0x0000000080000000, 0x0000000084300000, 0x00000000d5580000)
  object space 68608K, 10% used [0x0000000080000000,0x00000000807394e0,0x0000000084300000)
 Metaspace       used 20545K, committed 21184K, reserved 1114112K
  class space    used 2008K, committed 2304K, reserved 1048576K
}
Event: 11.701 GC heap before
{Heap before GC invocations=7 (full 0):
 PSYoungGen      total 31744K, used 7653K [0x00000000d5580000, 0x00000000d7c00000, 0x0000000100000000)
  eden space 24576K, 3% used [0x00000000d5580000,0x00000000d5642550,0x00000000d6d80000)
  from space 7168K, 95% used [0x00000000d7500000,0x00000000d7bb7020,0x00000000d7c00000)
  to   space 7168K, 0% used [0x00000000d6e00000,0x00000000d6e00000,0x00000000d7500000)
 ParOldGen       total 68608K, used 7397K [0x0000000080000000, 0x0000000084300000, 0x00000000d5580000)
  object space 68608K, 10% used [0x0000000080000000,0x00000000807394e0,0x0000000084300000)
 Metaspace       used 20947K, committed 21504K, reserved 1114112K
  class space    used 2031K, committed 2304K, reserved 1048576K
}
Event: 11.720 GC heap after
{Heap after GC invocations=7 (full 0):
 PSYoungGen      total 28160K, used 3125K [0x00000000d5580000, 0x00000000d7680000, 0x0000000100000000)
  eden space 24576K, 0% used [0x00000000d5580000,0x00000000d5580000,0x00000000d6d80000)
  from space 3584K, 87% used [0x00000000d6e00000,0x00000000d710d400,0x00000000d7180000)
  to   space 4608K, 0% used [0x00000000d7200000,0x00000000d7200000,0x00000000d7680000)
 ParOldGen       total 68608K, used 8915K [0x0000000080000000, 0x0000000084300000, 0x00000000d5580000)
  object space 68608K, 12% used [0x0000000080000000,0x00000000808b4ca8,0x0000000084300000)
 Metaspace       used 20947K, committed 21504K, reserved 1114112K
  class space    used 2031K, committed 2304K, reserved 1048576K
}
Event: 11.720 GC heap before
{Heap before GC invocations=8 (full 1):
 PSYoungGen      total 28160K, used 3125K [0x00000000d5580000, 0x00000000d7680000, 0x0000000100000000)
  eden space 24576K, 0% used [0x00000000d5580000,0x00000000d5580000,0x00000000d6d80000)
  from space 3584K, 87% used [0x00000000d6e00000,0x00000000d710d400,0x00000000d7180000)
  to   space 4608K, 0% used [0x00000000d7200000,0x00000000d7200000,0x00000000d7680000)
 ParOldGen       total 68608K, used 8915K [0x0000000080000000, 0x0000000084300000, 0x00000000d5580000)
  object space 68608K, 12% used [0x0000000080000000,0x00000000808b4ca8,0x0000000084300000)
 Metaspace       used 20947K, committed 21504K, reserved 1114112K
  class space    used 2031K, committed 2304K, reserved 1048576K
}
Event: 11.809 GC heap after
{Heap after GC invocations=8 (full 1):
 PSYoungGen      total 28160K, used 0K [0x00000000d5580000, 0x00000000d7680000, 0x0000000100000000)
  eden space 24576K, 0% used [0x00000000d5580000,0x00000000d5580000,0x00000000d6d80000)
  from space 3584K, 0% used [0x00000000d6e00000,0x00000000d6e00000,0x00000000d7180000)
  to   space 4608K, 0% used [0x00000000d7200000,0x00000000d7200000,0x00000000d7680000)
 ParOldGen       total 68608K, used 9866K [0x0000000080000000, 0x0000000084300000, 0x00000000d5580000)
  object space 68608K, 14% used [0x0000000080000000,0x00000000809a29a8,0x0000000084300000)
 Metaspace       used 20934K, committed 21504K, reserved 1114112K
  class space    used 2028K, committed 2304K, reserved 1048576K
}

Dll operation events (11 events):
Event: 0.620 Loaded shared library c:\Users\Bharadwaj\.vscode\extensions\redhat.java-1.50.0-win32-x64\jre\21.0.9-win32-x86_64\bin\java.dll
Event: 0.920 Loaded shared library c:\Users\Bharadwaj\.vscode\extensions\redhat.java-1.50.0-win32-x64\jre\21.0.9-win32-x86_64\bin\zip.dll
Event: 0.969 Loaded shared library C:\Users\Bharadwaj\.vscode\extensions\redhat.java-1.50.0-win32-x64\jre\21.0.9-win32-x86_64\bin\instrument.dll
Event: 1.169 Loaded shared library C:\Users\Bharadwaj\.vscode\extensions\redhat.java-1.50.0-win32-x64\jre\21.0.9-win32-x86_64\bin\net.dll
Event: 1.358 Loaded shared library C:\Users\Bharadwaj\.vscode\extensions\redhat.java-1.50.0-win32-x64\jre\21.0.9-win32-x86_64\bin\nio.dll
Event: 1.364 Loaded shared library C:\Users\Bharadwaj\.vscode\extensions\redhat.java-1.50.0-win32-x64\jre\21.0.9-win32-x86_64\bin\zip.dll
Event: 1.409 Loaded shared library C:\Users\Bharadwaj\.vscode\extensions\redhat.java-1.50.0-win32-x64\jre\21.0.9-win32-x86_64\bin\jimage.dll
Event: 1.783 Loaded shared library c:\Users\Bharadwaj\.vscode\extensions\redhat.java-1.50.0-win32-x64\jre\21.0.9-win32-x86_64\bin\verify.dll
Event: 6.136 Loaded shared library C:\Users\Bharadwaj\AppData\Roaming\Code\User\globalStorage\redhat.java\1.50.0\config_ss_win\org.eclipse.equinox.launcher\org.eclipse.equinox.launcher.win32.win32.x86_64_1.2.1400.v20250801-0854\eclipse_11916.dll
Event: 9.270 Loaded shared library C:\Users\Bharadwaj\.vscode\extensions\redhat.java-1.50.0-win32-x64\jre\21.0.9-win32-x86_64\bin\management.dll
Event: 9.463 Loaded shared library C:\Users\Bharadwaj\.vscode\extensions\redhat.java-1.50.0-win32-x64\jre\21.0.9-win32-x86_64\bin\management_ext.dll

Deoptimization events (20 events):
Event: 10.396 Thread 0x000001a9879d1530 Uncommon trap: trap_request=0xffffffde fr.pc=0x000001a9337da114 relative=0x00000000000003b4
Event: 10.396 Thread 0x000001a9879d1530 Uncommon trap: reason=class_check action=maybe_recompile pc=0x000001a9337da114 method=java.util.regex.Pattern$BmpCharPropertyGreedy.match(Ljava/util/regex/Matcher;ILjava/lang/CharSequence;)Z @ 70 c2
Event: 10.396 Thread 0x000001a9879d1530 DEOPT PACKING pc=0x000001a9337da114 sp=0x0000007a8bcf3420
Event: 10.396 Thread 0x000001a9879d1530 DEOPT UNPACKING pc=0x000001a933153aa2 sp=0x0000007a8bcf33c8 mode 2
Event: 10.396 Thread 0x000001a9879d1530 Uncommon trap: trap_request=0xffffffde fr.pc=0x000001a9337da114 relative=0x00000000000003b4
Event: 10.396 Thread 0x000001a9879d1530 Uncommon trap: reason=class_check action=maybe_recompile pc=0x000001a9337da114 method=java.util.regex.Pattern$BmpCharPropertyGreedy.match(Ljava/util/regex/Matcher;ILjava/lang/CharSequence;)Z @ 70 c2
Event: 10.396 Thread 0x000001a9879d1530 DEOPT PACKING pc=0x000001a9337da114 sp=0x0000007a8bcf3270
Event: 10.396 Thread 0x000001a9879d1530 DEOPT UNPACKING pc=0x000001a933153aa2 sp=0x0000007a8bcf3218 mode 2
Event: 11.310 Thread 0x000001a9879d1530 Uncommon trap: trap_request=0xffffff6e fr.pc=0x000001a9337f386c relative=0x00000000000009ec
Event: 11.310 Thread 0x000001a9879d1530 Uncommon trap: reason=loop_limit_check action=maybe_recompile pc=0x000001a9337f386c method=java.util.regex.Pattern$StartS.match(Ljava/util/regex/Matcher;ILjava/lang/CharSequence;)Z @ 34 c2
Event: 11.310 Thread 0x000001a9879d1530 DEOPT PACKING pc=0x000001a9337f386c sp=0x0000007a8bcf2960
Event: 11.310 Thread 0x000001a9879d1530 DEOPT UNPACKING pc=0x000001a933153aa2 sp=0x0000007a8bcf28b0 mode 2
Event: 11.427 Thread 0x000001a9879d1530 Uncommon trap: trap_request=0xffffff45 fr.pc=0x000001a9337f57ec relative=0x000000000000014c
Event: 11.427 Thread 0x000001a9879d1530 Uncommon trap: reason=unstable_if action=reinterpret pc=0x000001a9337f57ec method=org.lombokweb.asm.ByteVector.putByteArray([BII)Lorg/lombokweb/asm/ByteVector; @ 20 c2
Event: 11.427 Thread 0x000001a9879d1530 DEOPT PACKING pc=0x000001a9337f57ec sp=0x0000007a8bcf2930
Event: 11.427 Thread 0x000001a9879d1530 DEOPT UNPACKING pc=0x000001a933153aa2 sp=0x0000007a8bcf2900 mode 2
Event: 11.427 Thread 0x000001a9879d1530 Uncommon trap: trap_request=0xffffff45 fr.pc=0x000001a9337f47a4 relative=0x0000000000000364
Event: 11.427 Thread 0x000001a9879d1530 Uncommon trap: reason=unstable_if action=reinterpret pc=0x000001a9337f47a4 method=org.lombokweb.asm.Label.resolve([BLorg/lombokweb/asm/ByteVector;I)Z @ 81 c2
Event: 11.427 Thread 0x000001a9879d1530 DEOPT PACKING pc=0x000001a9337f47a4 sp=0x0000007a8bcf29c0
Event: 11.427 Thread 0x000001a9879d1530 DEOPT UNPACKING pc=0x000001a933153aa2 sp=0x0000007a8bcf28c8 mode 2

Classes loaded (20 events):
Event: 10.383 Loading class java/util/zip/GZIPInputStream
Event: 10.384 Loading class java/util/zip/GZIPInputStream done
Event: 10.388 Loading class java/io/StringReader
Event: 10.390 Loading class java/io/StringReader done
Event: 10.473 Loading class java/net/SocketTimeoutException
Event: 10.474 Loading class java/io/InterruptedIOException
Event: 10.474 Loading class java/io/InterruptedIOException done
Event: 10.474 Loading class java/net/SocketTimeoutException done
Event: 10.474 Loading class java/net/SocketException
Event: 10.476 Loading class java/net/SocketException done
Event: 10.476 Loading class java/net/UnknownHostException
Event: 10.476 Loading class java/net/UnknownHostException done
Event: 10.476 Loading class java/net/ProtocolException
Event: 10.477 Loading class java/net/ProtocolException done
Event: 10.543 Loading class java/lang/ThreadLocal$SuppliedThreadLocal
Event: 10.543 Loading class java/lang/ThreadLocal$SuppliedThreadLocal done
Event: 10.572 Loading class java/lang/NegativeArraySizeException
Event: 10.572 Loading class java/lang/NegativeArraySizeException done
Event: 10.573 Loading class java/io/FileWriter
Event: 10.573 Loading class java/io/FileWriter done

Classes unloaded (7 events):
Event: 11.745 Thread 0x000001a93f464960 Unloading class 0x000001a9411a1000 'java/lang/invoke/LambdaForm$MH+0x000001a9411a1000'
Event: 11.745 Thread 0x000001a93f464960 Unloading class 0x000001a9411a0c00 'java/lang/invoke/LambdaForm$MH+0x000001a9411a0c00'
Event: 11.745 Thread 0x000001a93f464960 Unloading class 0x000001a9411a0800 'java/lang/invoke/LambdaForm$MH+0x000001a9411a0800'
Event: 11.745 Thread 0x000001a93f464960 Unloading class 0x000001a9411a0400 'java/lang/invoke/LambdaForm$MH+0x000001a9411a0400'
Event: 11.745 Thread 0x000001a93f464960 Unloading class 0x000001a9411a0000 'java/lang/invoke/LambdaForm$BMH+0x000001a9411a0000'
Event: 11.745 Thread 0x000001a93f464960 Unloading class 0x000001a94119fc00 'java/lang/invoke/LambdaForm$DMH+0x000001a94119fc00'
Event: 11.745 Thread 0x000001a93f464960 Unloading class 0x000001a94119e800 'java/lang/invoke/LambdaForm$DMH+0x000001a94119e800'

Classes redefined (0 events):
No events

Internal exceptions (20 events):
Event: 10.040 Thread 0x000001a9879d1530 Exception <a 'java/lang/NoSuchMethodError'{0x00000000d60c2480}: 'java.lang.Object java.lang.invoke.Invokers$Holder.linkToTargetMethod(java.lang.Object, java.lang.Object, long, java.lang.Object)'> (0x00000000d60c2480) 
thrown [s\src\hotspot\share\interpreter\linkResolver.cpp, line 773]
Event: 10.100 Thread 0x000001a9879d1530 Exception <a 'java/lang/IncompatibleClassChangeError'{0x00000000d61b3b78}: Found class java.lang.Object, but interface was expected> (0x00000000d61b3b78) 
thrown [s\src\hotspot\share\interpreter\linkResolver.cpp, line 840]
Event: 10.101 Thread 0x000001a9879d1530 Exception <a 'java/lang/NoSuchMethodError'{0x00000000d61b77a0}: 'java.lang.Object java.lang.invoke.DirectMethodHandle$Holder.invokeSpecial(java.lang.Object, java.lang.Object, java.lang.Object, int, java.lang.Object, java.lang.Object)'> (0x00000000d61b77a0) 
thrown [s\src\hotspot\share\interpreter\linkResolver.cpp, line 773]
Event: 10.103 Thread 0x000001a9879d1530 Exception <a 'java/lang/NoSuchMethodError'{0x00000000d61bf278}: 'java.lang.Object java.lang.invoke.DirectMethodHandle$Holder.newInvokeSpecial(java.lang.Object, java.lang.Object, java.lang.Object, int, java.lang.Object)'> (0x00000000d61bf278) 
thrown [s\src\hotspot\share\interpreter\linkResolver.cpp, line 773]
Event: 10.105 Thread 0x000001a9879d1530 Exception <a 'java/lang/NoSuchMethodError'{0x00000000d61c31f8}: 'java.lang.Object java.lang.invoke.DirectMethodHandle$Holder.invokeSpecial(java.lang.Object, java.lang.Object, java.lang.Object, java.lang.Object, int, java.lang.Object)'> (0x00000000d61c31f8) 
thrown [s\src\hotspot\share\interpreter\linkResolver.cpp, line 773]
Event: 10.106 Thread 0x000001a9879d1530 Exception <a 'java/lang/NoSuchMethodError'{0x00000000d61c6d38}: 'java.lang.Object java.lang.invoke.Invokers$Holder.linkToTargetMethod(java.lang.Object, java.lang.Object, int, java.lang.Object, java.lang.Object)'> (0x00000000d61c6d38) 
thrown [s\src\hotspot\share\interpreter\linkResolver.cpp, line 773]
Event: 10.109 Thread 0x000001a987c1e500 Exception <a 'java/lang/NoSuchMethodError'{0x00000000d61199f0}: 'java.lang.Object java.lang.invoke.DirectMethodHandle$Holder.invokeSpecial(java.lang.Object, java.lang.Object, int, java.lang.Object, java.lang.Object)'> (0x00000000d61199f0) 
thrown [s\src\hotspot\share\interpreter\linkResolver.cpp, line 773]
Event: 10.112 Thread 0x000001a987c1e500 Exception <a 'java/lang/NoSuchMethodError'{0x00000000d6120728}: 'java.lang.Object java.lang.invoke.DirectMethodHandle$Holder.newInvokeSpecial(java.lang.Object, java.lang.Object, int, java.lang.Object)'> (0x00000000d6120728) 
thrown [s\src\hotspot\share\interpreter\linkResolver.cpp, line 773]
Event: 10.112 Thread 0x000001a987c1e500 Exception <a 'java/lang/NoSuchMethodError'{0x00000000d6124008}: 'java.lang.Object java.lang.invoke.DirectMethodHandle$Holder.invokeSpecial(java.lang.Object, java.lang.Object, java.lang.Object, int, java.lang.Object)'> (0x00000000d6124008) 
thrown [s\src\hotspot\share\interpreter\linkResolver.cpp, line 773]
Event: 10.194 Thread 0x000001a9879d1530 Exception <a 'java/lang/NoSuchMethodError'{0x00000000d62f1a80}: 'void java.lang.invoke.DirectMethodHandle$Holder.invokeSpecial(java.lang.Object, java.lang.Object, java.lang.Object, java.lang.Object, java.lang.Object)'> (0x00000000d62f1a80) 
thrown [s\src\hotspot\share\interpreter\linkResolver.cpp, line 773]
Event: 10.334 Thread 0x000001a9879d1530 Exception <a 'java/lang/NoSuchMethodError'{0x00000000d64d0fd0}: 'double java.lang.invoke.DirectMethodHandle$Holder.invokeStatic(java.lang.Object, java.lang.Object)'> (0x00000000d64d0fd0) 
thrown [s\src\hotspot\share\interpreter\linkResolver.cpp, line 773]
Event: 10.336 Thread 0x000001a9879d1530 Exception <a 'java/lang/NoSuchMethodError'{0x00000000d64d4690}: 'double java.lang.invoke.DirectMethodHandle$Holder.invokeStaticInit(java.lang.Object, java.lang.Object)'> (0x00000000d64d4690) 
thrown [s\src\hotspot\share\interpreter\linkResolver.cpp, line 773]
Event: 10.750 Thread 0x000001a9879d1530 Exception <a 'java/io/FileNotFoundException'{0x00000000d5baff98}> (0x00000000d5baff98) 
thrown [s\src\hotspot\share\prims\jni.cpp, line 520]
Event: 10.750 Thread 0x000001a9879d1530 Exception <a 'java/io/FileNotFoundException'{0x00000000d5bb0de8}> (0x00000000d5bb0de8) 
thrown [s\src\hotspot\share\prims\jni.cpp, line 520]
Event: 10.750 Thread 0x000001a9879d1530 Exception <a 'java/io/FileNotFoundException'{0x00000000d5bb1d38}> (0x00000000d5bb1d38) 
thrown [s\src\hotspot\share\prims\jni.cpp, line 520]
Event: 11.276 Thread 0x000001a9879d1530 Exception <a 'java/lang/NoSuchMethodError'{0x00000000d64f7250}: 'int java.lang.invoke.DirectMethodHandle$Holder.invokeStaticInit(java.lang.Object, java.lang.Object, java.lang.Object)'> (0x00000000d64f7250) 
thrown [s\src\hotspot\share\interpreter\linkResolver.cpp, line 773]
Event: 11.427 Thread 0x000001a9879d1530 Implicit null exception at 0x000001a9337f56f5 to 0x000001a9337f57d0
Event: 11.986 Thread 0x000001a9879d1530 Exception <a 'java/io/FileNotFoundException'{0x00000000d5809f60}> (0x00000000d5809f60) 
thrown [s\src\hotspot\share\prims\jni.cpp, line 520]
Event: 11.992 Thread 0x000001a9879d1530 Exception <a 'java/lang/NoSuchMethodError'{0x00000000d58117e8}: 'java.lang.Object java.lang.invoke.DirectMethodHandle$Holder.newInvokeSpecial(java.lang.Object, int, java.lang.Object, java.lang.Object)'> (0x00000000d58117e8) 
thrown [s\src\hotspot\share\interpreter\linkResolver.cpp, line 773]
Event: 12.204 Thread 0x000001a9879d1530 Exception <a 'java/io/FileNotFoundException'{0x00000000d63aa9b8}> (0x00000000d63aa9b8) 
thrown [s\src\hotspot\share\prims\jni.cpp, line 520]

ZGC Phase Switch (0 events):
No events

VM Operations (20 events):
Event: 8.020 Executing VM operation: HandshakeAllThreads (Deoptimize) done
Event: 8.198 Executing VM operation: ParallelGCFailedAllocation (Allocation Failure)
Event: 8.214 Executing VM operation: ParallelGCFailedAllocation (Allocation Failure) done
Event: 9.219 Executing VM operation: Cleanup
Event: 9.219 Executing VM operation: Cleanup done
Event: 9.634 Executing VM operation: HandshakeAllThreads (Deoptimize)
Event: 9.634 Executing VM operation: HandshakeAllThreads (Deoptimize) done
Event: 9.665 Executing VM operation: HandshakeAllThreads (Deoptimize)
Event: 9.665 Executing VM operation: HandshakeAllThreads (Deoptimize) done
Event: 9.753 Executing VM operation: HandshakeAllThreads (Deoptimize)
Event: 9.753 Executing VM operation: HandshakeAllThreads (Deoptimize) done
Event: 9.865 Executing VM operation: HandshakeAllThreads (Deoptimize)
Event: 9.865 Executing VM operation: HandshakeAllThreads (Deoptimize) done
Event: 10.666 Executing VM operation: ParallelGCFailedAllocation (Allocation Failure)
Event: 10.676 Executing VM operation: ParallelGCFailedAllocation (Allocation Failure) done
Event: 11.633 Executing VM operation: ParallelGCFailedAllocation (Allocation Failure)
Event: 11.653 Executing VM operation: ParallelGCFailedAllocation (Allocation Failure) done
Event: 11.701 Executing VM operation: CollectForMetadataAllocation (Metadata GC Threshold)
Event: 11.809 Executing VM operation: CollectForMetadataAllocation (Metadata GC Threshold) done
Event: 12.812 Executing VM operation: Cleanup

Memory protections (0 events):
No events

Nmethod flushes (0 events):
No events

Events (20 events):
Event: 5.855 Thread 0x000001a9879d1bc0 Thread added: 0x000001a9879d2f70
Event: 5.855 Thread 0x000001a9879d1bc0 Thread added: 0x000001a9879d0180
Event: 5.855 Thread 0x000001a9879d1bc0 Thread added: 0x000001a9879d0810
Event: 6.137 Thread 0x000001a987727c50 Thread exited: 0x000001a987727c50
Event: 6.148 Thread 0x000001a9818daf60 Thread added: 0x000001a987b296b0
Event: 6.195 Thread 0x000001a93f47ce90 Thread added: 0x000001a987b7f330
Event: 6.687 Thread 0x000001a987b7f330 Thread exited: 0x000001a987b7f330
Event: 6.884 Thread 0x000001a987b296b0 Thread exited: 0x000001a987b296b0
Event: 6.968 Thread 0x000001a9879d1530 Thread added: 0x000001a9879d0ea0
Event: 7.447 Thread 0x000001a9818daf60 Thread added: 0x000001a987c2fab0
Event: 8.120 Thread 0x000001a9879d1530 Thread added: 0x000001a987c1d7e0
Event: 8.430 Thread 0x000001a987c2fab0 Thread exited: 0x000001a987c2fab0
Event: 9.786 Thread 0x000001a9818daf60 Thread added: 0x000001a9819698c0
Event: 9.906 Thread 0x000001a9819698c0 Thread exited: 0x000001a9819698c0
Event: 10.055 Thread 0x000001a9879d1530 Thread added: 0x000001a987c1e500
Event: 10.111 Thread 0x000001a9879d1530 Thread added: 0x000001a987c1f8b0
Event: 10.664 Thread 0x000001a9818daf60 Thread added: 0x000001a9878daf80
Event: 10.834 Thread 0x000001a9878daf80 Thread exited: 0x000001a9878daf80
Event: 12.355 Thread 0x000001a9818daf60 Thread added: 0x000001a987490c60
Event: 12.355 Thread 0x000001a9818daf60 Thread added: 0x000001a98733acd0


Dynamic libraries:
0x00007ff6f5040000 - 0x00007ff6f504e000 	c:\Users\Bharadwaj\.vscode\extensions\redhat.java-1.50.0-win32-x64\jre\21.0.9-win32-x86_64\bin\java.exe
0x00007ff8d2260000 - 0x00007ff8d24c8000 	C:\WINDOWS\SYSTEM32\ntdll.dll
0x00007ff8d0fd0000 - 0x00007ff8d1099000 	C:\WINDOWS\System32\KERNEL32.DLL
0x00007ff8cf460000 - 0x00007ff8cf858000 	C:\WINDOWS\System32\KERNELBASE.dll
0x00007ff8cbe90000 - 0x00007ff8cbf2f000 	C:\WINDOWS\SYSTEM32\apphelp.dll
0x00007ff8cfd30000 - 0x00007ff8cfe7b000 	C:\WINDOWS\System32\ucrtbase.dll
0x00007ff8a7070000 - 0x00007ff8a7088000 	c:\Users\Bharadwaj\.vscode\extensions\redhat.java-1.50.0-win32-x64\jre\21.0.9-win32-x86_64\bin\jli.dll
0x00007ff8d1360000 - 0x00007ff8d1527000 	C:\WINDOWS\System32\USER32.dll
0x00007ff8cfa50000 - 0x00007ff8cfa77000 	C:\WINDOWS\System32\win32u.dll
0x00007ff8b2bf0000 - 0x00007ff8b2e84000 	C:\WINDOWS\WinSxS\amd64_microsoft.windows.common-controls_6595b64144ccf1df_6.0.26100.7019_none_3e06ffa0e335b8a8\COMCTL32.dll
0x00007ff8d0000000 - 0x00007ff8d002b000 	C:\WINDOWS\System32\GDI32.dll
0x00007ff8cf920000 - 0x00007ff8cfa4c000 	C:\WINDOWS\System32\gdi32full.dll
0x00007ff8d1180000 - 0x00007ff8d1229000 	C:\WINDOWS\System32\msvcrt.dll
0x00007ff8cfa80000 - 0x00007ff8cfb23000 	C:\WINDOWS\System32\msvcp_win.dll
0x00007ff8a7050000 - 0x00007ff8a706e000 	c:\Users\Bharadwaj\.vscode\extensions\redhat.java-1.50.0-win32-x64\jre\21.0.9-win32-x86_64\bin\VCRUNTIME140.dll
0x00007ff8d0800000 - 0x00007ff8d0831000 	C:\WINDOWS\System32\IMM32.DLL
0x00007ff8bacf0000 - 0x00007ff8bacfc000 	c:\Users\Bharadwaj\.vscode\extensions\redhat.java-1.50.0-win32-x64\jre\21.0.9-win32-x86_64\bin\vcruntime140_1.dll
0x00007ff884790000 - 0x00007ff88481d000 	c:\Users\Bharadwaj\.vscode\extensions\redhat.java-1.50.0-win32-x64\jre\21.0.9-win32-x86_64\bin\msvcp140.dll
0x00007ff820d90000 - 0x00007ff821b30000 	c:\Users\Bharadwaj\.vscode\extensions\redhat.java-1.50.0-win32-x64\jre\21.0.9-win32-x86_64\bin\server\jvm.dll
0x00007ff8d1f50000 - 0x00007ff8d2004000 	C:\WINDOWS\System32\ADVAPI32.dll
0x00007ff8d1230000 - 0x00007ff8d12d6000 	C:\WINDOWS\System32\sechost.dll
0x00007ff8d0180000 - 0x00007ff8d0298000 	C:\WINDOWS\System32\RPCRT4.dll
0x00007ff8d12e0000 - 0x00007ff8d1354000 	C:\WINDOWS\System32\WS2_32.dll
0x00007ff8cf210000 - 0x00007ff8cf26e000 	C:\WINDOWS\SYSTEM32\POWRPROF.dll
0x00007ff8c8d80000 - 0x00007ff8c8db5000 	C:\WINDOWS\SYSTEM32\WINMM.dll
0x00007ff8bbc00000 - 0x00007ff8bbc0b000 	C:\WINDOWS\SYSTEM32\VERSION.dll
0x00007ff8cf1f0000 - 0x00007ff8cf204000 	C:\WINDOWS\SYSTEM32\UMPDC.dll
0x00007ff8ce170000 - 0x00007ff8ce18b000 	C:\WINDOWS\SYSTEM32\kernel.appcore.dll
0x00007ff8b9940000 - 0x00007ff8b994a000 	c:\Users\Bharadwaj\.vscode\extensions\redhat.java-1.50.0-win32-x64\jre\21.0.9-win32-x86_64\bin\jimage.dll
0x00007ff8ccb50000 - 0x00007ff8ccd92000 	C:\WINDOWS\SYSTEM32\DBGHELP.DLL
0x00007ff8d0c40000 - 0x00007ff8d0fcb000 	C:\WINDOWS\System32\combase.dll
0x00007ff8d10a0000 - 0x00007ff8d1177000 	C:\WINDOWS\System32\OLEAUT32.dll
0x00007ff8adf80000 - 0x00007ff8adfbc000 	C:\WINDOWS\SYSTEM32\dbgcore.DLL
0x00007ff8cf3b0000 - 0x00007ff8cf455000 	C:\WINDOWS\System32\bcryptPrimitives.dll
0x00007ff8b9910000 - 0x00007ff8b991f000 	c:\Users\Bharadwaj\.vscode\extensions\redhat.java-1.50.0-win32-x64\jre\21.0.9-win32-x86_64\bin\instrument.dll
0x00007ff896700000 - 0x00007ff896720000 	c:\Users\Bharadwaj\.vscode\extensions\redhat.java-1.50.0-win32-x64\jre\21.0.9-win32-x86_64\bin\java.dll
0x00007ff8d17f0000 - 0x00007ff8d1f3f000 	C:\WINDOWS\System32\SHELL32.dll
0x00007ff8cfbc0000 - 0x00007ff8cfd2b000 	C:\WINDOWS\System32\wintypes.dll
0x00007ff8ccfd0000 - 0x00007ff8cd82d000 	C:\WINDOWS\SYSTEM32\windows.storage.dll
0x00007ff8d1560000 - 0x00007ff8d1652000 	C:\WINDOWS\System32\SHCORE.dll
0x00007ff8d2010000 - 0x00007ff8d2077000 	C:\WINDOWS\System32\shlwapi.dll
0x00007ff8cf2d0000 - 0x00007ff8cf2f9000 	C:\WINDOWS\SYSTEM32\profapi.dll
0x00007ff895e60000 - 0x00007ff895e78000 	c:\Users\Bharadwaj\.vscode\extensions\redhat.java-1.50.0-win32-x64\jre\21.0.9-win32-x86_64\bin\zip.dll
0x00007ff8b9230000 - 0x00007ff8b9240000 	C:\Users\Bharadwaj\.vscode\extensions\redhat.java-1.50.0-win32-x64\jre\21.0.9-win32-x86_64\bin\net.dll
0x00007ff8c5760000 - 0x00007ff8c5888000 	C:\WINDOWS\SYSTEM32\WINHTTP.dll
0x00007ff8ce6e0000 - 0x00007ff8ce74b000 	C:\WINDOWS\system32\mswsock.dll
0x00007ff88b3b0000 - 0x00007ff88b3c6000 	C:\Users\Bharadwaj\.vscode\extensions\redhat.java-1.50.0-win32-x64\jre\21.0.9-win32-x86_64\bin\nio.dll
0x00007ff8b3bf0000 - 0x00007ff8b3c00000 	c:\Users\Bharadwaj\.vscode\extensions\redhat.java-1.50.0-win32-x64\jre\21.0.9-win32-x86_64\bin\verify.dll
0x00007ff88a640000 - 0x00007ff88a684000 	C:\Users\Bharadwaj\AppData\Roaming\Code\User\globalStorage\redhat.java\1.50.0\config_ss_win\org.eclipse.equinox.launcher\org.eclipse.equinox.launcher.win32.win32.x86_64_1.2.1400.v20250801-0854\eclipse_11916.dll
0x00007ff8d2080000 - 0x00007ff8d2217000 	C:\WINDOWS\System32\ole32.dll
0x00007ff895e50000 - 0x00007ff895e5a000 	C:\Users\Bharadwaj\.vscode\extensions\redhat.java-1.50.0-win32-x64\jre\21.0.9-win32-x86_64\bin\management.dll
0x00007ff88be00000 - 0x00007ff88be0c000 	C:\Users\Bharadwaj\.vscode\extensions\redhat.java-1.50.0-win32-x64\jre\21.0.9-win32-x86_64\bin\management_ext.dll
0x00007ff8d1660000 - 0x00007ff8d1668000 	C:\WINDOWS\System32\PSAPI.DLL

JVMTI agents:
c:\Users\Bharadwaj\.vscode\extensions\redhat.java-1.50.0-win32-x64\lombok\lombok-1.18.39-4050.jar path:c:\Users\Bharadwaj\.vscode\extensions\redhat.java-1.50.0-win32-x64\jre\21.0.9-win32-x86_64\bin\instrument.dll, loaded, initialized, instrumentlib options:none

dbghelp: loaded successfully - version: 4.0.5 - missing functions: none
symbol engine: initialized successfully - sym options: 0x614 - pdb path: .;c:\Users\Bharadwaj\.vscode\extensions\redhat.java-1.50.0-win32-x64\jre\21.0.9-win32-x86_64\bin;C:\WINDOWS\SYSTEM32;C:\WINDOWS\WinSxS\amd64_microsoft.windows.common-controls_6595b64144ccf1df_6.0.26100.7019_none_3e06ffa0e335b8a8;c:\Users\Bharadwaj\.vscode\extensions\redhat.java-1.50.0-win32-x64\jre\21.0.9-win32-x86_64\bin\server;C:\Users\Bharadwaj\AppData\Roaming\Code\User\globalStorage\redhat.java\1.50.0\config_ss_win\org.eclipse.equinox.launcher\org.eclipse.equinox.launcher.win32.win32.x86_64_1.2.1400.v20250801-0854

VM Arguments:
jvm_args: --add-modules=ALL-SYSTEM --add-opens=java.base/java.util=ALL-UNNAMED --add-opens=java.base/java.lang=ALL-UNNAMED --add-opens=java.base/sun.nio.fs=ALL-UNNAMED -Declipse.application=org.eclipse.jdt.ls.core.id1 -Dosgi.bundles.defaultStartLevel=4 -Declipse.product=org.eclipse.jdt.ls.core.product -Djava.import.generatesMetadataFilesAtProjectRoot=false -DDetectVMInstallationsJob.disabled=true -Dfile.encoding=utf8 -XX:+UseParallelGC -XX:GCTimeRatio=4 -XX:AdaptiveSizePolicyWeight=90 -Dsun.zip.disableMemoryMapping=true -Xmx2G -Xms100m -Xlog:disable -javaagent:c:\Users\Bharadwaj\.vscode\extensions\redhat.java-1.50.0-win32-x64\lombok\lombok-1.18.39-4050.jar 
java_command: c:\Users\Bharadwaj\.vscode\extensions\redhat.java-1.50.0-win32-x64\server\plugins\org.eclipse.equinox.launcher_1.7.100.v20251111-0406.jar -configuration c:\Users\Bharadwaj\AppData\Roaming\Code\User\globalStorage\redhat.java\1.50.0\config_ss_win -data c:\Users\Bharadwaj\AppData\Roaming\Code\User\workspaceStorage\76af7f3a76c08663db84ece0fa0e3d78\redhat.java\ss_ws --pipe=\\.\pipe\lsp-ba828330aef14112cf4a74bc07cbd05f-sock
java_class_path (initial): c:\Users\Bharadwaj\.vscode\extensions\redhat.java-1.50.0-win32-x64\server\plugins\org.eclipse.equinox.launcher_1.7.100.v20251111-0406.jar
Launcher Type: SUN_STANDARD

[Global flags]
    uintx AdaptiveSizePolicyWeight                 = 90                                        {product} {command line}
     intx CICompilerCount                          = 4                                         {product} {ergonomic}
    uintx GCTimeRatio                              = 4                                         {product} {command line}
   size_t InitialHeapSize                          = 104857600                                 {product} {command line}
   size_t MaxHeapSize                              = 2147483648                                {product} {command line}
   size_t MaxNewSize                               = 715653120                                 {product} {ergonomic}
   size_t MinHeapDeltaBytes                        = 524288                                    {product} {ergonomic}
   size_t MinHeapSize                              = 104857600                                 {product} {command line}
   size_t NewSize                                  = 34603008                                  {product} {ergonomic}
    uintx NonNMethodCodeHeapSize                   = 5839372                                {pd product} {ergonomic}
    uintx NonProfiledCodeHeapSize                  = 122909434                              {pd product} {ergonomic}
   size_t OldSize                                  = 70254592                                  {product} {ergonomic}
    uintx ProfiledCodeHeapSize                     = 122909434                              {pd product} {ergonomic}
    uintx ReservedCodeCacheSize                    = 251658240                              {pd product} {ergonomic}
     bool SegmentedCodeCache                       = true                                      {product} {ergonomic}
   size_t SoftMaxHeapSize                          = 2147483648                             {manageable} {ergonomic}
     bool UseCompressedOops                        = true                           {product lp64_product} {ergonomic}
     bool UseLargePagesIndividualAllocation        = false                                  {pd product} {ergonomic}
     bool UseParallelGC                            = true                                      {product} {command line}

Logging:
Log output configuration:
 #0: stdout all=off uptime,level,tags foldmultilines=false
 #1: stderr all=off uptime,level,tags foldmultilines=false

Release file:
JAVA_VERSION="21.0.9" 
MODULES="java.base java.compiler java.datatransfer java.xml java.prefs java.desktop java.instrument java.logging java.management java.security.sasl java.naming java.rmi java.management.rmi java.net.http java.scripting java.security.jgss java.transaction.xa java.sql java.sql.rowset java.xml.crypto java.se java.smartcardio jdk.accessibility jdk.internal.jvmstat jdk.attach jdk.charsets jdk.internal.opt jdk.zipfs jdk.compiler jdk.crypto.ec jdk.crypto.cryptoki jdk.crypto.mscapi jdk.dynalink jdk.internal.ed jdk.editpad jdk.hotspot.agent jdk.httpserver jdk.internal.le jdk.internal.vm.ci jdk.internal.vm.compiler jdk.internal.vm.compiler.management jdk.jartool jdk.javadoc jdk.jcmd jdk.management jdk.management.agent jdk.jconsole jdk.jdeps jdk.jdwp.agent jdk.jdi jdk.jfr jdk.jshell jdk.jsobject jdk.jstatd jdk.localedata jdk.management.jfr jdk.naming.dns jdk.naming.rmi jdk.net jdk.nio.mapmode jdk.random jdk.sctp jdk.security.auth jdk.security.jgss jdk.unsupported jdk.unsupported.desktop jdk.xml.dom" 

Environment Variables:
PATH=C:\WINDOWS\system32;C:\WINDOWS;C:\WINDOWS\System32\Wbem;C:\WINDOWS\System32\WindowsPowerShell\v1.0\;C:\WINDOWS\System32\OpenSSH\;C:\Program Files\dotnet\;C:\Program Files\Java\jdk-23\bin;C:\Program Files\Git\cmd;C:\Users\Bharadwaj\Downloads\apache-maven-3.9.10\bin;C:\Users\Bharadwaj\AppData\Local\Google\Cloud SDK\google-cloud-sdk\bin;C:\Program Files\MySQL\MySQL Server 8.0\bin;C:\Program Files\nodejs\;C:\Users\Bharadwaj\AppData\Roaming\npm;C:\Program Files\PostgreSQL\17\bin;C:\Program Files\MySQL\MySQL Shell 8.0\bin\;C:\Users\Bharadwaj\AppData\Local\Microsoft\WindowsApps;C:\Users\Bharadwaj\AppData\Local\Programs\Microsoft VS Code\bin;C:\Users\Bharadwaj\AppData\Local\Google\Cloud SDK\google-cloud-sdk\bin;C:\Program Files\JetBrains\IntelliJ IDEA Community Edition 2025.2.1\bin;C:\Users\Bharadwaj\AppData\Roaming\npm
USERNAME=Bharadwaj
OS=Windows_NT
PROCESSOR_IDENTIFIER=Intel64 Family 6 Model 154 Stepping 4, GenuineIntel
TMP=C:\Users\BHARAD~1\AppData\Local\Temp
TEMP=C:\Users\BHARAD~1\AppData\Local\Temp




Periodic native trim disabled

---------------  S Y S T E M  ---------------

OS:
 Windows 11 , 64 bit Build 26100 (10.0.26100.7019)
OS uptime: 7 days 21:24 hours
Hyper-V role detected

CPU: total 12 (initial active 12) (6 cores per cpu, 2 threads per core) family 6 model 154 stepping 4 microcode 0x437, cx8, cmov, fxsr, ht, mmx, 3dnowpref, sse, sse2, sse3, ssse3, sse4.1, sse4.2, popcnt, lzcnt, tsc, tscinvbit, avx, avx2, aes, erms, clmul, bmi1, bmi2, adx, sha, fma, vzeroupper, clflush, clflushopt, clwb, hv, serialize, rdtscp, rdpid, fsrm, f16c, cet_ibt, cet_ss
Processor Information for the first 12 processors :
  Max Mhz: 1300, Current Mhz: 1300, Mhz Limit: 1300

Memory: 4k page, system-wide physical 7876M (767M free)
TotalPageFile size 32452M (AvailPageFile size 16M)
current process WorkingSet (physical memory assigned to process): 161M, peak: 163M
current process commit charge ("private bytes"): 300M, peak: 303M

vm_info: OpenJDK 64-Bit Server VM (21.0.9+10-LTS) for windows-amd64 JRE (21.0.9+10-LTS), built on 2025-10-21T00:00:00Z by "admin" with unknown MS VC++:1942

END.
