#
# There is insufficient memory for the Java Runtime Environment to continue.
# Native memory allocation (malloc) failed to allocate 62080 bytes. Error detail: Chunk::new
# Possible reasons:
#   The system is out of physical RAM or swap space
#   This process is running with CompressedOops enabled, and the Java Heap may be blocking the growth of the native heap
# Possible solutions:
#   Reduce memory load on the system
#   Increase physical memory or swap space
#   Check if swap backing store is full
#   Decrease Java heap size (-Xmx/-Xms)
#   Decrease number of Java threads
#   Decrease Java thread stack sizes (-Xss)
#   Set larger code cache with -XX:ReservedCodeCacheSize=
#   JVM is running with Unscaled Compressed Oops mode in which the Java heap is
#     placed in the first 4GB address space. The Java Heap base address is the
#     maximum limit for the native heap growth. Please use -XX:HeapBaseMinAddress
#     to set the Java Heap base and to place the Java Heap above 4GB virtual address.
# This output file may be truncated or incomplete.
#
#  Out of Memory Error (arena.cpp:168), pid=11600, tid=17556
#
# JRE version: OpenJDK Runtime Environment Temurin-21.0.9+10 (21.0.9+10) (build 21.0.9+10-LTS)
# Java VM: OpenJDK 64-Bit Server VM Temurin-21.0.9+10 (21.0.9+10-LTS, mixed mode, sharing, tiered, compressed oops, compressed class ptrs, parallel gc, windows-amd64)
# No core dump will be written. Minidumps are not enabled by default on client versions of Windows
#

---------------  S U M M A R Y ------------

Command Line: --add-modules=ALL-SYSTEM --add-opens=java.base/java.util=ALL-UNNAMED --add-opens=java.base/java.lang=ALL-UNNAMED --add-opens=java.base/sun.nio.fs=ALL-UNNAMED -Declipse.application=org.eclipse.jdt.ls.core.id1 -Dosgi.bundles.defaultStartLevel=4 -Declipse.product=org.eclipse.jdt.ls.core.product -Djava.import.generatesMetadataFilesAtProjectRoot=false -DDetectVMInstallationsJob.disabled=true -Dfile.encoding=utf8 -XX:+UseParallelGC -XX:GCTimeRatio=4 -XX:AdaptiveSizePolicyWeight=90 -Dsun.zip.disableMemoryMapping=true -Xmx2G -Xms100m -Xlog:disable -javaagent:c:\Users\Bharadwaj\.vscode\extensions\redhat.java-1.50.0-win32-x64\lombok\lombok-1.18.39-4050.jar c:\Users\Bharadwaj\.vscode\extensions\redhat.java-1.50.0-win32-x64\server\plugins\org.eclipse.equinox.launcher_1.7.100.v20251111-0406.jar -configuration c:\Users\Bharadwaj\AppData\Roaming\Code\User\globalStorage\redhat.java\1.50.0\config_ss_win -data c:\Users\Bharadwaj\AppData\Roaming\Code\User\workspaceStorage\76af7f3a76c08663db84ece0fa0e3d78\redhat.java\ss_ws --pipe=\\.\pipe\lsp-0896963b8967acb65c7b5391d61eee10-sock

Host: 12th Gen Intel(R) Core(TM) i5-1235U, 12 cores, 7G,  Windows 11 , 64 bit Build 26100 (10.0.26100.7019)
Time: Thu Nov 27 16:23:33 2025 India Standard Time elapsed time: 12.788476 seconds (0d 0h 0m 12s)

---------------  T H R E A D  ---------------

Current thread (0x00000205f5e13350):  JavaThread "C2 CompilerThread0" daemon [_thread_in_native, id=17556, stack(0x000000a395900000,0x000000a395a00000) (1024K)]


Current CompileTask:
C2:12788 3237       4       org.lombokweb.asm.ClassReader::readMethod (1070 bytes)

Stack: [0x000000a395900000,0x000000a395a00000]
Native frames: (J=compiled Java code, j=interpreted, Vv=VM code, C=native code)
V  [jvm.dll+0x6d6e29]
V  [jvm.dll+0x8b4b76]
V  [jvm.dll+0x8b712e]
V  [jvm.dll+0x8b7813]
V  [jvm.dll+0x283d86]
V  [jvm.dll+0xc66ed]
V  [jvm.dll+0xc6c31]
V  [jvm.dll+0x2fb34d]
V  [jvm.dll+0x5fde44]
V  [jvm.dll+0x255557]
V  [jvm.dll+0x24d994]
V  [jvm.dll+0x24b482]
V  [jvm.dll+0x1cb13e]
V  [jvm.dll+0x25b29d]
V  [jvm.dll+0x25982a]
V  [jvm.dll+0x3f7ea6]
V  [jvm.dll+0x85e9ad]
V  [jvm.dll+0x6d565d]
C  [ucrtbase.dll+0x37b0]
C  [KERNEL32.DLL+0x2e8d7]
C  [ntdll.dll+0x8c53c]


---------------  P R O C E S S  ---------------

Threads class SMR info:
_java_thread_list=0x00000205fc2c7990, length=31, elements={
0x000002059ae0e6c0, 0x000002059d032110, 0x000002059d14d870, 0x000002059d03e030,
0x00000205f5e01fb0, 0x00000205f5e06740, 0x00000205f5e091a0, 0x00000205f5e13350,
0x00000205f5e172e0, 0x00000205f60755b0, 0x00000205f6165780, 0x00000205fb74fdc0,
0x00000205fb750420, 0x00000205fb775680, 0x00000205fb73e800, 0x00000205fb73ee60,
0x00000205fb769240, 0x00000205fb5b7ed0, 0x00000205fb595b30, 0x00000205fb895270,
0x00000205fb896620, 0x00000205fb895900, 0x00000205fb896cb0, 0x00000205fb894be0,
0x00000205fb894550, 0x00000205fb897340, 0x00000205fb893ec0, 0x00000205fbb30770,
0x00000205fbb2e6a0, 0x00000205fbb30e00, 0x00000205fbb300e0
}

Java Threads: ( => current thread )
  0x000002059ae0e6c0 JavaThread "main"                              [_thread_blocked, id=15428, stack(0x000000a394f00000,0x000000a395000000) (1024K)]
  0x000002059d032110 JavaThread "Reference Handler"          daemon [_thread_blocked, id=20720, stack(0x000000a395300000,0x000000a395400000) (1024K)]
  0x000002059d14d870 JavaThread "Finalizer"                  daemon [_thread_blocked, id=22756, stack(0x000000a395400000,0x000000a395500000) (1024K)]
  0x000002059d03e030 JavaThread "Signal Dispatcher"          daemon [_thread_blocked, id=30376, stack(0x000000a395500000,0x000000a395600000) (1024K)]
  0x00000205f5e01fb0 JavaThread "Attach Listener"            daemon [_thread_blocked, id=13900, stack(0x000000a395600000,0x000000a395700000) (1024K)]
  0x00000205f5e06740 JavaThread "Service Thread"             daemon [_thread_blocked, id=3944, stack(0x000000a395700000,0x000000a395800000) (1024K)]
  0x00000205f5e091a0 JavaThread "Monitor Deflation Thread"   daemon [_thread_blocked, id=23456, stack(0x000000a395800000,0x000000a395900000) (1024K)]
=>0x00000205f5e13350 JavaThread "C2 CompilerThread0"         daemon [_thread_in_native, id=17556, stack(0x000000a395900000,0x000000a395a00000) (1024K)]
  0x00000205f5e172e0 JavaThread "C1 CompilerThread0"         daemon [_thread_blocked, id=8468, stack(0x000000a395a00000,0x000000a395b00000) (1024K)]
  0x00000205f60755b0 JavaThread "Common-Cleaner"             daemon [_thread_blocked, id=832, stack(0x000000a395c00000,0x000000a395d00000) (1024K)]
  0x00000205f6165780 JavaThread "Notification Thread"        daemon [_thread_blocked, id=28096, stack(0x000000a395b00000,0x000000a395c00000) (1024K)]
  0x00000205fb74fdc0 JavaThread "Equinox resolver thread - Equinox Container: 979d98d9-88e7-4a7c-971a-e27306f542d1" daemon [_thread_blocked, id=9516, stack(0x000000a395d00000,0x000000a395e00000) (1024K)]
  0x00000205fb750420 JavaThread "Equinox resolver thread - Equinox Container: 979d98d9-88e7-4a7c-971a-e27306f542d1" daemon [_thread_blocked, id=24568, stack(0x000000a396400000,0x000000a396500000) (1024K)]
  0x00000205fb775680 JavaThread "Equinox resolver thread - Equinox Container: 979d98d9-88e7-4a7c-971a-e27306f542d1" daemon [_thread_blocked, id=4116, stack(0x000000a396500000,0x000000a396600000) (1024K)]
  0x00000205fb73e800 JavaThread "Equinox resolver thread - Equinox Container: 979d98d9-88e7-4a7c-971a-e27306f542d1" daemon [_thread_blocked, id=12540, stack(0x000000a396600000,0x000000a396700000) (1024K)]
  0x00000205fb73ee60 JavaThread "Equinox resolver thread - Equinox Container: 979d98d9-88e7-4a7c-971a-e27306f542d1" daemon [_thread_blocked, id=2608, stack(0x000000a396700000,0x000000a396800000) (1024K)]
  0x00000205fb769240 JavaThread "Equinox resolver thread - Equinox Container: 979d98d9-88e7-4a7c-971a-e27306f542d1" daemon [_thread_blocked, id=30048, stack(0x000000a396800000,0x000000a396900000) (1024K)]
  0x00000205fb5b7ed0 JavaThread "Active Thread: Equinox Container: 979d98d9-88e7-4a7c-971a-e27306f542d1"        [_thread_blocked, id=14960, stack(0x000000a396900000,0x000000a396a00000) (1024K)]
  0x00000205fb595b30 JavaThread "Framework Event Dispatcher: Equinox Container: 979d98d9-88e7-4a7c-971a-e27306f542d1" daemon [_thread_blocked, id=20892, stack(0x000000a396a00000,0x000000a396b00000) (1024K)]
  0x00000205fb895270 JavaThread "Start Level: Equinox Container: 979d98d9-88e7-4a7c-971a-e27306f542d1" daemon [_thread_blocked, id=30116, stack(0x000000a396b00000,0x000000a396c00000) (1024K)]
  0x00000205fb896620 JavaThread "Refresh Thread: Equinox Container: 979d98d9-88e7-4a7c-971a-e27306f542d1" daemon [_thread_blocked, id=29060, stack(0x000000a396e00000,0x000000a396f00000) (1024K)]
  0x00000205fb895900 JavaThread "Equinox resolver thread - Equinox Container: 979d98d9-88e7-4a7c-971a-e27306f542d1" daemon [_thread_blocked, id=20692, stack(0x000000a396f00000,0x000000a397000000) (1024K)]
  0x00000205fb896cb0 JavaThread "Equinox resolver thread - Equinox Container: 979d98d9-88e7-4a7c-971a-e27306f542d1" daemon [_thread_blocked, id=27300, stack(0x000000a397000000,0x000000a397100000) (1024K)]
  0x00000205fb894be0 JavaThread "Equinox resolver thread - Equinox Container: 979d98d9-88e7-4a7c-971a-e27306f542d1" daemon [_thread_blocked, id=14356, stack(0x000000a397100000,0x000000a397200000) (1024K)]
  0x00000205fb894550 JavaThread "Equinox resolver thread - Equinox Container: 979d98d9-88e7-4a7c-971a-e27306f542d1" daemon [_thread_blocked, id=31392, stack(0x000000a397200000,0x000000a397300000) (1024K)]
  0x00000205fb897340 JavaThread "Equinox resolver thread - Equinox Container: 979d98d9-88e7-4a7c-971a-e27306f542d1" daemon [_thread_blocked, id=30164, stack(0x000000a397300000,0x000000a397400000) (1024K)]
  0x00000205fb893ec0 JavaThread "Equinox resolver thread - Equinox Container: 979d98d9-88e7-4a7c-971a-e27306f542d1" daemon [_thread_blocked, id=19488, stack(0x000000a397400000,0x000000a397500000) (1024K)]
  0x00000205fbb30770 JavaThread "SCR Component Actor"        daemon [_thread_blocked, id=7596, stack(0x000000a396d00000,0x000000a396e00000) (1024K)]
  0x00000205fbb2e6a0 JavaThread "Worker-JM"                         [_thread_blocked, id=28872, stack(0x000000a397700000,0x000000a397800000) (1024K)]
  0x00000205fbb30e00 JavaThread "Worker-0"                          [_thread_blocked, id=24664, stack(0x000000a397a00000,0x000000a397b00000) (1024K)]
  0x00000205fbb300e0 JavaThread "Worker-1"                          [_thread_blocked, id=25740, stack(0x000000a397900000,0x000000a397a00000) (1024K)]
Total: 31

Other Threads:
  0x000002059d13db90 VMThread "VM Thread"                           [id=3748, stack(0x000000a395200000,0x000000a395300000) (1024K)]
  0x000002059cf1c8d0 WatcherThread "VM Periodic Task Thread"        [id=11180, stack(0x000000a395100000,0x000000a395200000) (1024K)]
  0x000002059d0be390 WorkerThread "GC Thread#0"                     [id=25004, stack(0x000000a395000000,0x000000a395100000) (1024K)]
  0x00000205fb6ce8e0 WorkerThread "GC Thread#1"                     [id=7888, stack(0x000000a395e00000,0x000000a395f00000) (1024K)]
  0x00000205fb4082a0 WorkerThread "GC Thread#2"                     [id=28908, stack(0x000000a395f00000,0x000000a396000000) (1024K)]
  0x00000205fb50ef50 WorkerThread "GC Thread#3"                     [id=11688, stack(0x000000a396000000,0x000000a396100000) (1024K)]
  0x00000205fb50f2f0 WorkerThread "GC Thread#4"                     [id=16688, stack(0x000000a396100000,0x000000a396200000) (1024K)]
  0x00000205fb50f690 WorkerThread "GC Thread#5"                     [id=19808, stack(0x000000a396200000,0x000000a396300000) (1024K)]
  0x00000205fb358170 WorkerThread "GC Thread#6"                     [id=24332, stack(0x000000a396300000,0x000000a396400000) (1024K)]
  0x00000205fb5c14d0 WorkerThread "GC Thread#7"                     [id=9380, stack(0x000000a396c00000,0x000000a396d00000) (1024K)]
  0x00000205fb9236c0 WorkerThread "GC Thread#8"                     [id=29544, stack(0x000000a397600000,0x000000a397700000) (1024K)]
  0x00000205fb923a60 WorkerThread "GC Thread#9"                     [id=3696, stack(0x000000a397800000,0x000000a397900000) (1024K)]
Total: 12

Threads with active compile tasks:
C2 CompilerThread0  12842 3237       4       org.lombokweb.asm.ClassReader::readMethod (1070 bytes)
Total: 1

VM state: at safepoint (normal execution)

VM Mutex/Monitor currently owned by a thread:  ([mutex/lock_event])
[0x00007ff821a4d570] Threads_lock - owner thread: 0x000002059d13db90
[0x00007ff821a4d670] Heap_lock - owner thread: 0x00000205fb895270

Heap address: 0x0000000080000000, size: 2048 MB, Compressed Oops mode: 32-bit

CDS archive(s) mapped at: [0x00000205b4000000-0x00000205b4ba0000-0x00000205b4ba0000), size 12189696, SharedBaseAddress: 0x00000205b4000000, ArchiveRelocationMode: 1.
Compressed class space mapped at: 0x00000205b5000000-0x00000205f5000000, reserved size: 1073741824
Narrow klass base: 0x00000205b4000000, Narrow klass shift: 0, Narrow klass range: 0x100000000

GC Precious Log:
 CardTable entry size: 512
 CPUs: 12 total, 12 available
 Memory: 7876M
 Large Page Support: Disabled
 NUMA Support: Disabled
 Compressed Oops: Enabled (32-bit)
 Alignments: Space 512K, Generation 512K, Heap 2M
 Heap Min Capacity: 100M
 Heap Initial Capacity: 100M
 Heap Max Capacity: 2G
 Pre-touch: Disabled
 Parallel Workers: 10

Heap:
 PSYoungGen      total 29184K, used 29071K [0x00000000d5580000, 0x00000000d7c00000, 0x0000000100000000)
  eden space 25088K, 99% used [0x00000000d5580000,0x00000000d6de70c8,0x00000000d6e00000)
  from space 4096K, 99% used [0x00000000d6e80000,0x00000000d727cbc8,0x00000000d7280000)
  to   space 7168K, 89% used [0x00000000d7500000,0x00000000d7b6d6d8,0x00000000d7c00000)
 ParOldGen       total 68608K, used 7132K [0x0000000080000000, 0x0000000084300000, 0x00000000d5580000)
  object space 68608K, 10% used [0x0000000080000000,0x00000000806f7098,0x0000000084300000)
 Metaspace       used 20551K, committed 21120K, reserved 1114112K
  class space    used 2007K, committed 2304K, reserved 1048576K

Card table byte_map: [0x000002059ca30000,0x000002059ce40000] _byte_map_base: 0x000002059c630000

Marking Bits: (ParMarkBitMap*) 0x00007ff821a52460
 Begin Bits: [0x00000205af540000, 0x00000205b1540000)
 End Bits:   [0x00000205b1540000, 0x00000205b3540000)

Polling page: 0x000002059acb0000

Metaspace:

Usage:
  Non-class:     18.11 MB used.
      Class:      1.96 MB used.
       Both:     20.07 MB used.

Virtual space:
  Non-class space:       64.00 MB reserved,      18.38 MB ( 29%) committed,  1 nodes.
      Class space:        1.00 GB reserved,       2.25 MB ( <1%) committed,  1 nodes.
             Both:        1.06 GB reserved,      20.62 MB (  2%) committed. 

Chunk freelists:
   Non-Class:  13.25 MB
       Class:  13.58 MB
        Both:  26.83 MB

MaxMetaspaceSize: unlimited
CompressedClassSpaceSize: 1.00 GB
Initial GC threshold: 21.00 MB
Current GC threshold: 21.00 MB
CDS: on
 - commit_granule_bytes: 65536.
 - commit_granule_words: 8192.
 - virtual_space_node_default_size: 8388608.
 - enlarge_chunks_in_place: 1.
 - use_allocation_guard: 0.


Internal statistics:

num_allocs_failed_limit: 0.
num_arena_births: 448.
num_arena_deaths: 0.
num_vsnodes_births: 2.
num_vsnodes_deaths: 0.
num_space_committed: 330.
num_space_uncommitted: 0.
num_chunks_returned_to_freelist: 0.
num_chunks_taken_from_freelist: 1173.
num_chunk_merges: 0.
num_chunk_splits: 779.
num_chunks_enlarged: 525.
num_inconsistent_stats: 0.

CodeHeap 'non-profiled nmethods': size=120000Kb used=1381Kb max_used=1381Kb free=118618Kb
 bounds [0x00000205a7d60000, 0x00000205a7fd0000, 0x00000205af290000]
CodeHeap 'profiled nmethods': size=120000Kb used=6610Kb max_used=6610Kb free=113389Kb
 bounds [0x00000205a0290000, 0x00000205a0910000, 0x00000205a77c0000]
CodeHeap 'non-nmethods': size=5760Kb used=1302Kb max_used=1304Kb free=4457Kb
 bounds [0x00000205a77c0000, 0x00000205a7a30000, 0x00000205a7d60000]
CodeCache: size=245760Kb, used=9293Kb, max_used=9295Kb, free=236464Kb
 total_blobs=3822, nmethods=3241, adapters=487, full_count=0
Compilation: enabled, stopped_count=0, restarted_count=0

Compilation events (20 events):
Event: 10.558 Thread 0x00000205f5e172e0 nmethod 3228 0x00000205a08f4e90 code [0x00000205a08f5060, 0x00000205a08f5410]
Event: 10.574 Thread 0x00000205f5e172e0 3229       3       sun.net.util.IPAddressUtil::checkExternalForm (98 bytes)
Event: 10.575 Thread 0x00000205f5e172e0 nmethod 3229 0x00000205a08f5610 code [0x00000205a08f5800, 0x00000205a08f5b38]
Event: 10.616 Thread 0x00000205f5e172e0 3230       3       org.lombokweb.asm.ClassReader::<init> (359 bytes)
Event: 10.619 Thread 0x00000205f5e172e0 nmethod 3230 0x00000205a08f5c90 code [0x00000205a08f5f80, 0x00000205a08f7140]
Event: 10.619 Thread 0x00000205f5e172e0 3231       3       org.lombokweb.asm.SymbolTable::<init> (554 bytes)
Event: 10.621 Thread 0x00000205f5e13350 3237       4       org.lombokweb.asm.ClassReader::readMethod (1070 bytes)
Event: 10.625 Thread 0x00000205f5e172e0 nmethod 3231 0x00000205a08f7710 code [0x00000205a08f7ce0, 0x00000205a08fa590]
Event: 10.625 Thread 0x00000205f5e172e0 3236       3       org.lombokweb.asm.MethodWriter::visitLabel (332 bytes)
Event: 10.627 Thread 0x00000205f5e172e0 nmethod 3236 0x00000205a08fb790 code [0x00000205a08fb9e0, 0x00000205a08fc2d8]
Event: 10.627 Thread 0x00000205f5e172e0 3233       3       java.util.Arrays::fill (21 bytes)
Event: 10.627 Thread 0x00000205f5e172e0 nmethod 3233 0x00000205a08fc510 code [0x00000205a08fc6c0, 0x00000205a08fc858]
Event: 10.627 Thread 0x00000205f5e172e0 3232       3       java.util.regex.Pattern$Branch::match (66 bytes)
Event: 10.628 Thread 0x00000205f5e172e0 nmethod 3232 0x00000205a08fc990 code [0x00000205a08fcb80, 0x00000205a08fd040]
Event: 10.628 Thread 0x00000205f5e172e0 3234       3       org.lombokweb.asm.Label::addForwardReference (102 bytes)
Event: 10.629 Thread 0x00000205f5e172e0 nmethod 3234 0x00000205a08fd210 code [0x00000205a08fd3e0, 0x00000205a08fd840]
Event: 10.629 Thread 0x00000205f5e172e0 3235       1       lombok.patcher.MethodLogistics::getReturnOpcode (5 bytes)
Event: 10.629 Thread 0x00000205f5e172e0 nmethod 3235 0x00000205a7eb9490 code [0x00000205a7eb9620, 0x00000205a7eb96e8]
Event: 11.934 Thread 0x00000205f5e172e0 3238       3       java.util.concurrent.locks.LockSupport::setBlocker (12 bytes)
Event: 12.783 Thread 0x00000205f5e172e0 nmethod 3238 0x00000205a08fda10 code [0x00000205a08fdbc0, 0x00000205a08fddc8]

GC Heap History (10 events):
Event: 1.864 GC heap before
{Heap before GC invocations=1 (full 0):
 PSYoungGen      total 29696K, used 25600K [0x00000000d5580000, 0x00000000d7680000, 0x0000000100000000)
  eden space 25600K, 100% used [0x00000000d5580000,0x00000000d6e80000,0x00000000d6e80000)
  from space 4096K, 0% used [0x00000000d7280000,0x00000000d7280000,0x00000000d7680000)
  to   space 4096K, 0% used [0x00000000d6e80000,0x00000000d6e80000,0x00000000d7280000)
 ParOldGen       total 68608K, used 0K [0x0000000080000000, 0x0000000084300000, 0x00000000d5580000)
  object space 68608K, 0% used [0x0000000080000000,0x0000000080000000,0x0000000084300000)
 Metaspace       used 4350K, committed 4608K, reserved 1114112K
  class space    used 473K, committed 576K, reserved 1048576K
}
Event: 1.891 GC heap after
{Heap after GC invocations=1 (full 0):
 PSYoungGen      total 29696K, used 3287K [0x00000000d5580000, 0x00000000d7680000, 0x0000000100000000)
  eden space 25600K, 0% used [0x00000000d5580000,0x00000000d5580000,0x00000000d6e80000)
  from space 4096K, 80% used [0x00000000d6e80000,0x00000000d71b5ea8,0x00000000d7280000)
  to   space 4096K, 0% used [0x00000000d7280000,0x00000000d7280000,0x00000000d7680000)
 ParOldGen       total 68608K, used 16K [0x0000000080000000, 0x0000000084300000, 0x00000000d5580000)
  object space 68608K, 0% used [0x0000000080000000,0x0000000080004000,0x0000000084300000)
 Metaspace       used 4350K, committed 4608K, reserved 1114112K
  class space    used 473K, committed 576K, reserved 1048576K
}
Event: 5.141 GC heap before
{Heap before GC invocations=2 (full 0):
 PSYoungGen      total 29696K, used 28787K [0x00000000d5580000, 0x00000000d7680000, 0x0000000100000000)
  eden space 25600K, 99% used [0x00000000d5580000,0x00000000d6e670b0,0x00000000d6e80000)
  from space 4096K, 80% used [0x00000000d6e80000,0x00000000d71b5ea8,0x00000000d7280000)
  to   space 4096K, 0% used [0x00000000d7280000,0x00000000d7280000,0x00000000d7680000)
 ParOldGen       total 68608K, used 16K [0x0000000080000000, 0x0000000084300000, 0x00000000d5580000)
  object space 68608K, 0% used [0x0000000080000000,0x0000000080004000,0x0000000084300000)
 Metaspace       used 8230K, committed 8448K, reserved 1114112K
  class space    used 878K, committed 960K, reserved 1048576K
}
Event: 5.157 GC heap after
{Heap after GC invocations=2 (full 0):
 PSYoungGen      total 29696K, used 4076K [0x00000000d5580000, 0x00000000d7680000, 0x0000000100000000)
  eden space 25600K, 0% used [0x00000000d5580000,0x00000000d5580000,0x00000000d6e80000)
  from space 4096K, 99% used [0x00000000d7280000,0x00000000d767b230,0x00000000d7680000)
  to   space 4096K, 0% used [0x00000000d6e80000,0x00000000d6e80000,0x00000000d7280000)
 ParOldGen       total 68608K, used 337K [0x0000000080000000, 0x0000000084300000, 0x00000000d5580000)
  object space 68608K, 0% used [0x0000000080000000,0x0000000080054688,0x0000000084300000)
 Metaspace       used 8230K, committed 8448K, reserved 1114112K
  class space    used 878K, committed 960K, reserved 1048576K
}
Event: 6.805 GC heap before
{Heap before GC invocations=3 (full 0):
 PSYoungGen      total 29696K, used 29676K [0x00000000d5580000, 0x00000000d7680000, 0x0000000100000000)
  eden space 25600K, 100% used [0x00000000d5580000,0x00000000d6e80000,0x00000000d6e80000)
  from space 4096K, 99% used [0x00000000d7280000,0x00000000d767b230,0x00000000d7680000)
  to   space 4096K, 0% used [0x00000000d6e80000,0x00000000d6e80000,0x00000000d7280000)
 ParOldGen       total 68608K, used 337K [0x0000000080000000, 0x0000000084300000, 0x00000000d5580000)
  object space 68608K, 0% used [0x0000000080000000,0x0000000080054688,0x0000000084300000)
 Metaspace       used 9310K, committed 9664K, reserved 1114112K
  class space    used 976K, committed 1152K, reserved 1048576K
}
Event: 6.828 GC heap after
{Heap after GC invocations=3 (full 0):
 PSYoungGen      total 29696K, used 4083K [0x00000000d5580000, 0x00000000d7680000, 0x0000000100000000)
  eden space 25600K, 0% used [0x00000000d5580000,0x00000000d5580000,0x00000000d6e80000)
  from space 4096K, 99% used [0x00000000d6e80000,0x00000000d727ccc0,0x00000000d7280000)
  to   space 4096K, 0% used [0x00000000d7280000,0x00000000d7280000,0x00000000d7680000)
 ParOldGen       total 68608K, used 3066K [0x0000000080000000, 0x0000000084300000, 0x00000000d5580000)
  object space 68608K, 4% used [0x0000000080000000,0x00000000802fea20,0x0000000084300000)
 Metaspace       used 9310K, committed 9664K, reserved 1114112K
  class space    used 976K, committed 1152K, reserved 1048576K
}
Event: 8.460 GC heap before
{Heap before GC invocations=4 (full 0):
 PSYoungGen      total 29696K, used 29683K [0x00000000d5580000, 0x00000000d7680000, 0x0000000100000000)
  eden space 25600K, 100% used [0x00000000d5580000,0x00000000d6e80000,0x00000000d6e80000)
  from space 4096K, 99% used [0x00000000d6e80000,0x00000000d727ccc0,0x00000000d7280000)
  to   space 4096K, 0% used [0x00000000d7280000,0x00000000d7280000,0x00000000d7680000)
 ParOldGen       total 68608K, used 3066K [0x0000000080000000, 0x0000000084300000, 0x00000000d5580000)
  object space 68608K, 4% used [0x0000000080000000,0x00000000802fea20,0x0000000084300000)
 Metaspace       used 13713K, committed 14208K, reserved 1114112K
  class space    used 1420K, committed 1664K, reserved 1048576K
}
Event: 8.472 GC heap after
{Heap after GC invocations=4 (full 0):
 PSYoungGen      total 29696K, used 4064K [0x00000000d5580000, 0x00000000d7680000, 0x0000000100000000)
  eden space 25600K, 0% used [0x00000000d5580000,0x00000000d5580000,0x00000000d6e80000)
  from space 4096K, 99% used [0x00000000d7280000,0x00000000d7678270,0x00000000d7680000)
  to   space 4096K, 0% used [0x00000000d6e80000,0x00000000d6e80000,0x00000000d7280000)
 ParOldGen       total 68608K, used 4650K [0x0000000080000000, 0x0000000084300000, 0x00000000d5580000)
  object space 68608K, 6% used [0x0000000080000000,0x000000008048ab68,0x0000000084300000)
 Metaspace       used 13713K, committed 14208K, reserved 1114112K
  class space    used 1420K, committed 1664K, reserved 1048576K
}
Event: 9.764 GC heap before
{Heap before GC invocations=5 (full 0):
 PSYoungGen      total 29696K, used 29664K [0x00000000d5580000, 0x00000000d7680000, 0x0000000100000000)
  eden space 25600K, 100% used [0x00000000d5580000,0x00000000d6e80000,0x00000000d6e80000)
  from space 4096K, 99% used [0x00000000d7280000,0x00000000d7678270,0x00000000d7680000)
  to   space 4096K, 0% used [0x00000000d6e80000,0x00000000d6e80000,0x00000000d7280000)
 ParOldGen       total 68608K, used 4650K [0x0000000080000000, 0x0000000084300000, 0x00000000d5580000)
  object space 68608K, 6% used [0x0000000080000000,0x000000008048ab68,0x0000000084300000)
 Metaspace       used 17234K, committed 17792K, reserved 1114112K
  class space    used 1762K, committed 2048K, reserved 1048576K
}
Event: 9.779 GC heap after
{Heap after GC invocations=5 (full 0):
 PSYoungGen      total 29184K, used 4082K [0x00000000d5580000, 0x00000000d7c00000, 0x0000000100000000)
  eden space 25088K, 0% used [0x00000000d5580000,0x00000000d5580000,0x00000000d6e00000)
  from space 4096K, 99% used [0x00000000d6e80000,0x00000000d727cbc8,0x00000000d7280000)
  to   space 7168K, 0% used [0x00000000d7500000,0x00000000d7500000,0x00000000d7c00000)
 ParOldGen       total 68608K, used 7124K [0x0000000080000000, 0x0000000084300000, 0x00000000d5580000)
  object space 68608K, 10% used [0x0000000080000000,0x00000000806f5098,0x0000000084300000)
 Metaspace       used 17234K, committed 17792K, reserved 1114112K
  class space    used 1762K, committed 2048K, reserved 1048576K
}

Dll operation events (11 events):
Event: 0.024 Loaded shared library c:\Users\Bharadwaj\.vscode\extensions\redhat.java-1.50.0-win32-x64\jre\21.0.9-win32-x86_64\bin\java.dll
Event: 0.130 Loaded shared library c:\Users\Bharadwaj\.vscode\extensions\redhat.java-1.50.0-win32-x64\jre\21.0.9-win32-x86_64\bin\zip.dll
Event: 0.163 Loaded shared library C:\Users\Bharadwaj\.vscode\extensions\redhat.java-1.50.0-win32-x64\jre\21.0.9-win32-x86_64\bin\instrument.dll
Event: 0.171 Loaded shared library C:\Users\Bharadwaj\.vscode\extensions\redhat.java-1.50.0-win32-x64\jre\21.0.9-win32-x86_64\bin\net.dll
Event: 0.175 Loaded shared library C:\Users\Bharadwaj\.vscode\extensions\redhat.java-1.50.0-win32-x64\jre\21.0.9-win32-x86_64\bin\nio.dll
Event: 0.179 Loaded shared library C:\Users\Bharadwaj\.vscode\extensions\redhat.java-1.50.0-win32-x64\jre\21.0.9-win32-x86_64\bin\zip.dll
Event: 0.208 Loaded shared library C:\Users\Bharadwaj\.vscode\extensions\redhat.java-1.50.0-win32-x64\jre\21.0.9-win32-x86_64\bin\jimage.dll
Event: 0.352 Loaded shared library c:\Users\Bharadwaj\.vscode\extensions\redhat.java-1.50.0-win32-x64\jre\21.0.9-win32-x86_64\bin\verify.dll
Event: 5.925 Loaded shared library C:\Users\Bharadwaj\AppData\Roaming\Code\User\globalStorage\redhat.java\1.50.0\config_ss_win\org.eclipse.equinox.launcher\org.eclipse.equinox.launcher.win32.win32.x86_64_1.2.1400.v20250801-0854\eclipse_11916.dll
Event: 8.808 Loaded shared library C:\Users\Bharadwaj\.vscode\extensions\redhat.java-1.50.0-win32-x64\jre\21.0.9-win32-x86_64\bin\management.dll
Event: 8.830 Loaded shared library C:\Users\Bharadwaj\.vscode\extensions\redhat.java-1.50.0-win32-x64\jre\21.0.9-win32-x86_64\bin\management_ext.dll

Deoptimization events (20 events):
Event: 9.497 Thread 0x00000205fb895270 Uncommon trap: trap_request=0xffffffde fr.pc=0x00000205a7e99314 relative=0x00000000000003b4
Event: 9.497 Thread 0x00000205fb895270 Uncommon trap: reason=class_check action=maybe_recompile pc=0x00000205a7e99314 method=java.util.regex.Pattern$BmpCharPropertyGreedy.match(Ljava/util/regex/Matcher;ILjava/lang/CharSequence;)Z @ 70 c2
Event: 9.497 Thread 0x00000205fb895270 DEOPT PACKING pc=0x00000205a7e99314 sp=0x000000a396bf3360
Event: 9.497 Thread 0x00000205fb895270 DEOPT UNPACKING pc=0x00000205a7813aa2 sp=0x000000a396bf3308 mode 2
Event: 9.707 Thread 0x00000205fb895270 Uncommon trap: trap_request=0xffffff45 fr.pc=0x00000205a7eacdac relative=0x00000000000007ac
Event: 9.707 Thread 0x00000205fb895270 Uncommon trap: reason=unstable_if action=reinterpret pc=0x00000205a7eacdac method=org.lombokweb.asm.ClassReader.readUTF8(I[C)Ljava/lang/String; @ 11 c2
Event: 9.707 Thread 0x00000205fb895270 DEOPT PACKING pc=0x00000205a7eacdac sp=0x000000a396bef880
Event: 9.707 Thread 0x00000205fb895270 DEOPT UNPACKING pc=0x00000205a7813aa2 sp=0x000000a396bef868 mode 2
Event: 10.547 Thread 0x00000205fb895270 Uncommon trap: trap_request=0xffffff6e fr.pc=0x00000205a7eb79f8 relative=0x00000000000009f8
Event: 10.547 Thread 0x00000205fb895270 Uncommon trap: reason=loop_limit_check action=maybe_recompile pc=0x00000205a7eb79f8 method=java.util.regex.Pattern$StartS.match(Ljava/util/regex/Matcher;ILjava/lang/CharSequence;)Z @ 34 c2
Event: 10.547 Thread 0x00000205fb895270 DEOPT PACKING pc=0x00000205a7eb79f8 sp=0x000000a396bf2a50
Event: 10.547 Thread 0x00000205fb895270 DEOPT UNPACKING pc=0x00000205a7813aa2 sp=0x000000a396bf29a0 mode 2
Event: 10.619 Thread 0x00000205fb895270 Uncommon trap: trap_request=0xffffff45 fr.pc=0x00000205a7eb92ec relative=0x000000000000014c
Event: 10.619 Thread 0x00000205fb895270 Uncommon trap: reason=unstable_if action=reinterpret pc=0x00000205a7eb92ec method=org.lombokweb.asm.ByteVector.putByteArray([BII)Lorg/lombokweb/asm/ByteVector; @ 20 c2
Event: 10.619 Thread 0x00000205fb895270 DEOPT PACKING pc=0x00000205a7eb92ec sp=0x000000a396bf2a20
Event: 10.619 Thread 0x00000205fb895270 DEOPT UNPACKING pc=0x00000205a7813aa2 sp=0x000000a396bf29f0 mode 2
Event: 10.619 Thread 0x00000205fb895270 Uncommon trap: trap_request=0xffffff45 fr.pc=0x00000205a7eb8924 relative=0x0000000000000364
Event: 10.619 Thread 0x00000205fb895270 Uncommon trap: reason=unstable_if action=reinterpret pc=0x00000205a7eb8924 method=org.lombokweb.asm.Label.resolve([BLorg/lombokweb/asm/ByteVector;I)Z @ 81 c2
Event: 10.619 Thread 0x00000205fb895270 DEOPT PACKING pc=0x00000205a7eb8924 sp=0x000000a396bf2ab0
Event: 10.619 Thread 0x00000205fb895270 DEOPT UNPACKING pc=0x00000205a7813aa2 sp=0x000000a396bf29b8 mode 2

Classes loaded (20 events):
Event: 9.477 Loading class java/util/zip/GZIPInputStream
Event: 9.477 Loading class java/util/zip/GZIPInputStream done
Event: 9.548 Loading class java/io/StringReader
Event: 9.548 Loading class java/io/StringReader done
Event: 9.574 Loading class java/net/SocketTimeoutException
Event: 9.575 Loading class java/io/InterruptedIOException
Event: 9.575 Loading class java/io/InterruptedIOException done
Event: 9.575 Loading class java/net/SocketTimeoutException done
Event: 9.575 Loading class java/net/SocketException
Event: 9.575 Loading class java/net/SocketException done
Event: 9.575 Loading class java/net/UnknownHostException
Event: 9.575 Loading class java/net/UnknownHostException done
Event: 9.575 Loading class java/net/ProtocolException
Event: 9.576 Loading class java/net/ProtocolException done
Event: 9.636 Loading class java/lang/ThreadLocal$SuppliedThreadLocal
Event: 9.636 Loading class java/lang/ThreadLocal$SuppliedThreadLocal done
Event: 9.671 Loading class java/io/FileWriter
Event: 9.671 Loading class java/io/FileWriter done
Event: 9.672 Loading class java/lang/NegativeArraySizeException
Event: 9.672 Loading class java/lang/NegativeArraySizeException done

Classes unloaded (0 events):
No events

Classes redefined (0 events):
No events

Internal exceptions (20 events):
Event: 9.169 Thread 0x00000205fb895270 Exception <a 'java/lang/NoSuchMethodError'{0x00000000d6045358}: 'java.lang.Object java.lang.invoke.DirectMethodHandle$Holder.invokeSpecial(java.lang.Object, java.lang.Object, java.lang.Object, long, java.lang.Object)'> (0x00000000d6045358) 
thrown [s\src\hotspot\share\interpreter\linkResolver.cpp, line 773]
Event: 9.171 Thread 0x00000205fb895270 Exception <a 'java/lang/NoSuchMethodError'{0x00000000d604cba0}: 'java.lang.Object java.lang.invoke.DirectMethodHandle$Holder.newInvokeSpecial(java.lang.Object, java.lang.Object, java.lang.Object, long)'> (0x00000000d604cba0) 
thrown [s\src\hotspot\share\interpreter\linkResolver.cpp, line 773]
Event: 9.171 Thread 0x00000205fb895270 Exception <a 'java/lang/NoSuchMethodError'{0x00000000d6050f50}: 'java.lang.Object java.lang.invoke.DirectMethodHandle$Holder.invokeSpecial(java.lang.Object, java.lang.Object, java.lang.Object, java.lang.Object, long)'> (0x00000000d6050f50) 
thrown [s\src\hotspot\share\interpreter\linkResolver.cpp, line 773]
Event: 9.172 Thread 0x00000205fb895270 Exception <a 'java/lang/NoSuchMethodError'{0x00000000d6054b70}: 'java.lang.Object java.lang.invoke.Invokers$Holder.linkToTargetMethod(java.lang.Object, java.lang.Object, long, java.lang.Object)'> (0x00000000d6054b70) 
thrown [s\src\hotspot\share\interpreter\linkResolver.cpp, line 773]
Event: 9.225 Thread 0x00000205fb895270 Exception <a 'java/lang/IncompatibleClassChangeError'{0x00000000d61462a8}: Found class java.lang.Object, but interface was expected> (0x00000000d61462a8) 
thrown [s\src\hotspot\share\interpreter\linkResolver.cpp, line 840]
Event: 9.228 Thread 0x00000205fb895270 Exception <a 'java/lang/NoSuchMethodError'{0x00000000d6149ed0}: 'java.lang.Object java.lang.invoke.DirectMethodHandle$Holder.invokeSpecial(java.lang.Object, java.lang.Object, java.lang.Object, int, java.lang.Object, java.lang.Object)'> (0x00000000d6149ed0) 
thrown [s\src\hotspot\share\interpreter\linkResolver.cpp, line 773]
Event: 9.230 Thread 0x00000205fb895270 Exception <a 'java/lang/NoSuchMethodError'{0x00000000d61519a8}: 'java.lang.Object java.lang.invoke.DirectMethodHandle$Holder.newInvokeSpecial(java.lang.Object, java.lang.Object, java.lang.Object, int, java.lang.Object)'> (0x00000000d61519a8) 
thrown [s\src\hotspot\share\interpreter\linkResolver.cpp, line 773]
Event: 9.231 Thread 0x00000205fb895270 Exception <a 'java/lang/NoSuchMethodError'{0x00000000d6155928}: 'java.lang.Object java.lang.invoke.DirectMethodHandle$Holder.invokeSpecial(java.lang.Object, java.lang.Object, java.lang.Object, java.lang.Object, int, java.lang.Object)'> (0x00000000d6155928) 
thrown [s\src\hotspot\share\interpreter\linkResolver.cpp, line 773]
Event: 9.232 Thread 0x00000205fb895270 Exception <a 'java/lang/NoSuchMethodError'{0x00000000d6159468}: 'java.lang.Object java.lang.invoke.Invokers$Holder.linkToTargetMethod(java.lang.Object, java.lang.Object, int, java.lang.Object, java.lang.Object)'> (0x00000000d6159468) 
thrown [s\src\hotspot\share\interpreter\linkResolver.cpp, line 773]
Event: 9.234 Thread 0x00000205fbb30e00 Exception <a 'java/lang/NoSuchMethodError'{0x00000000d60aed28}: 'java.lang.Object java.lang.invoke.DirectMethodHandle$Holder.invokeSpecial(java.lang.Object, java.lang.Object, int, java.lang.Object, java.lang.Object)'> (0x00000000d60aed28) 
thrown [s\src\hotspot\share\interpreter\linkResolver.cpp, line 773]
Event: 9.236 Thread 0x00000205fbb30e00 Exception <a 'java/lang/NoSuchMethodError'{0x00000000d60b5a60}: 'java.lang.Object java.lang.invoke.DirectMethodHandle$Holder.newInvokeSpecial(java.lang.Object, java.lang.Object, int, java.lang.Object)'> (0x00000000d60b5a60) 
thrown [s\src\hotspot\share\interpreter\linkResolver.cpp, line 773]
Event: 9.237 Thread 0x00000205fbb30e00 Exception <a 'java/lang/NoSuchMethodError'{0x00000000d60b9340}: 'java.lang.Object java.lang.invoke.DirectMethodHandle$Holder.invokeSpecial(java.lang.Object, java.lang.Object, java.lang.Object, int, java.lang.Object)'> (0x00000000d60b9340) 
thrown [s\src\hotspot\share\interpreter\linkResolver.cpp, line 773]
Event: 9.296 Thread 0x00000205fb895270 Exception <a 'java/lang/NoSuchMethodError'{0x00000000d6286c08}: 'void java.lang.invoke.DirectMethodHandle$Holder.invokeSpecial(java.lang.Object, java.lang.Object, java.lang.Object, java.lang.Object, java.lang.Object)'> (0x00000000d6286c08) 
thrown [s\src\hotspot\share\interpreter\linkResolver.cpp, line 773]
Event: 9.424 Thread 0x00000205fb895270 Exception <a 'java/lang/NoSuchMethodError'{0x00000000d6502b00}: 'double java.lang.invoke.DirectMethodHandle$Holder.invokeStatic(java.lang.Object, java.lang.Object)'> (0x00000000d6502b00) 
thrown [s\src\hotspot\share\interpreter\linkResolver.cpp, line 773]
Event: 9.425 Thread 0x00000205fb895270 Exception <a 'java/lang/NoSuchMethodError'{0x00000000d65061c0}: 'double java.lang.invoke.DirectMethodHandle$Holder.invokeStaticInit(java.lang.Object, java.lang.Object)'> (0x00000000d65061c0) 
thrown [s\src\hotspot\share\interpreter\linkResolver.cpp, line 773]
Event: 9.912 Thread 0x00000205fb895270 Exception <a 'java/io/FileNotFoundException'{0x00000000d5be0998}> (0x00000000d5be0998) 
thrown [s\src\hotspot\share\prims\jni.cpp, line 520]
Event: 9.913 Thread 0x00000205fb895270 Exception <a 'java/io/FileNotFoundException'{0x00000000d5be17e8}> (0x00000000d5be17e8) 
thrown [s\src\hotspot\share\prims\jni.cpp, line 520]
Event: 9.914 Thread 0x00000205fb895270 Exception <a 'java/io/FileNotFoundException'{0x00000000d5be2738}> (0x00000000d5be2738) 
thrown [s\src\hotspot\share\prims\jni.cpp, line 520]
Event: 10.508 Thread 0x00000205fb895270 Exception <a 'java/lang/NoSuchMethodError'{0x00000000d6538da8}: 'int java.lang.invoke.DirectMethodHandle$Holder.invokeStaticInit(java.lang.Object, java.lang.Object, java.lang.Object)'> (0x00000000d6538da8) 
thrown [s\src\hotspot\share\interpreter\linkResolver.cpp, line 773]
Event: 10.619 Thread 0x00000205fb895270 Implicit null exception at 0x00000205a7eb91f5 to 0x00000205a7eb92d0

ZGC Phase Switch (0 events):
No events

VM Operations (20 events):
Event: 7.179 Executing VM operation: HandshakeAllThreads (Deoptimize)
Event: 7.179 Executing VM operation: HandshakeAllThreads (Deoptimize) done
Event: 8.191 Executing VM operation: Cleanup
Event: 8.192 Executing VM operation: Cleanup done
Event: 8.258 Executing VM operation: HandshakeAllThreads (Deoptimize)
Event: 8.258 Executing VM operation: HandshakeAllThreads (Deoptimize) done
Event: 8.460 Executing VM operation: ParallelGCFailedAllocation (Allocation Failure)
Event: 8.472 Executing VM operation: ParallelGCFailedAllocation (Allocation Failure) done
Event: 8.911 Executing VM operation: HandshakeAllThreads (Deoptimize)
Event: 8.911 Executing VM operation: HandshakeAllThreads (Deoptimize) done
Event: 8.923 Executing VM operation: HandshakeAllThreads (Deoptimize)
Event: 8.923 Executing VM operation: HandshakeAllThreads (Deoptimize) done
Event: 8.980 Executing VM operation: HandshakeAllThreads (Deoptimize)
Event: 8.980 Executing VM operation: HandshakeAllThreads (Deoptimize) done
Event: 9.058 Executing VM operation: HandshakeAllThreads (Deoptimize)
Event: 9.058 Executing VM operation: HandshakeAllThreads (Deoptimize) done
Event: 9.763 Executing VM operation: ParallelGCFailedAllocation (Allocation Failure)
Event: 9.779 Executing VM operation: ParallelGCFailedAllocation (Allocation Failure) done
Event: 10.783 Executing VM operation: Cleanup
Event: 11.651 Executing VM operation: Cleanup done

Memory protections (0 events):
No events

Nmethod flushes (0 events):
No events

Events (20 events):
Event: 5.903 Thread 0x000002059ae0e6c0 Thread added: 0x00000205fb896620
Event: 6.069 Thread 0x00000205fb896620 Thread added: 0x00000205fb895900
Event: 6.070 Thread 0x00000205fb896620 Thread added: 0x00000205fb896cb0
Event: 6.070 Thread 0x00000205fb896620 Thread added: 0x00000205fb894be0
Event: 6.070 Thread 0x00000205fb896620 Thread added: 0x00000205fb894550
Event: 6.071 Thread 0x00000205fb896620 Thread added: 0x00000205fb897340
Event: 6.082 Thread 0x00000205fb895900 Thread added: 0x00000205fb893ec0
Event: 6.159 Thread 0x00000205f5e172e0 Thread added: 0x00000205fb26c040
Event: 6.829 Thread 0x00000205fb26c040 Thread exited: 0x00000205fb26c040
Event: 7.054 Thread 0x00000205fb5b42d0 Thread exited: 0x00000205fb5b42d0
Event: 7.136 Thread 0x00000205fb895270 Thread added: 0x00000205fbb30770
Event: 7.773 Thread 0x00000205f5e13350 Thread added: 0x00000205f605f400
Event: 8.372 Thread 0x00000205fb895270 Thread added: 0x00000205fbb2e6a0
Event: 8.756 Thread 0x00000205f605f400 Thread exited: 0x00000205f605f400
Event: 9.021 Thread 0x00000205f5e172e0 Thread added: 0x00000205fc1d19e0
Event: 9.021 Thread 0x00000205f5e172e0 Thread added: 0x00000205fbd191c0
Event: 9.185 Thread 0x00000205fb895270 Thread added: 0x00000205fbb30e00
Event: 9.201 Thread 0x00000205fbd191c0 Thread exited: 0x00000205fbd191c0
Event: 9.236 Thread 0x00000205fb895270 Thread added: 0x00000205fbb300e0
Event: 10.022 Thread 0x00000205fc1d19e0 Thread exited: 0x00000205fc1d19e0


Dynamic libraries:
0x00007ff6f5040000 - 0x00007ff6f504e000 	c:\Users\Bharadwaj\.vscode\extensions\redhat.java-1.50.0-win32-x64\jre\21.0.9-win32-x86_64\bin\java.exe
0x00007ff8d2260000 - 0x00007ff8d24c8000 	C:\WINDOWS\SYSTEM32\ntdll.dll
0x00007ff8d0fd0000 - 0x00007ff8d1099000 	C:\WINDOWS\System32\KERNEL32.DLL
0x00007ff8cf460000 - 0x00007ff8cf858000 	C:\WINDOWS\System32\KERNELBASE.dll
0x00007ff8cbe90000 - 0x00007ff8cbf2f000 	C:\WINDOWS\SYSTEM32\apphelp.dll
0x00007ff8cfd30000 - 0x00007ff8cfe7b000 	C:\WINDOWS\System32\ucrtbase.dll
0x00007ff8a7070000 - 0x00007ff8a7088000 	c:\Users\Bharadwaj\.vscode\extensions\redhat.java-1.50.0-win32-x64\jre\21.0.9-win32-x86_64\bin\jli.dll
0x00007ff8a7050000 - 0x00007ff8a706e000 	c:\Users\Bharadwaj\.vscode\extensions\redhat.java-1.50.0-win32-x64\jre\21.0.9-win32-x86_64\bin\VCRUNTIME140.dll
0x00007ff8d1360000 - 0x00007ff8d1527000 	C:\WINDOWS\System32\USER32.dll
0x00007ff8b2bf0000 - 0x00007ff8b2e84000 	C:\WINDOWS\WinSxS\amd64_microsoft.windows.common-controls_6595b64144ccf1df_6.0.26100.7019_none_3e06ffa0e335b8a8\COMCTL32.dll
0x00007ff8cfa50000 - 0x00007ff8cfa77000 	C:\WINDOWS\System32\win32u.dll
0x00007ff8d0000000 - 0x00007ff8d002b000 	C:\WINDOWS\System32\GDI32.dll
0x00007ff8d1180000 - 0x00007ff8d1229000 	C:\WINDOWS\System32\msvcrt.dll
0x00007ff8cf920000 - 0x00007ff8cfa4c000 	C:\WINDOWS\System32\gdi32full.dll
0x00007ff8cfa80000 - 0x00007ff8cfb23000 	C:\WINDOWS\System32\msvcp_win.dll
0x00007ff8d0800000 - 0x00007ff8d0831000 	C:\WINDOWS\System32\IMM32.DLL
0x00007ff8cbe60000 - 0x00007ff8cbe6c000 	c:\Users\Bharadwaj\.vscode\extensions\redhat.java-1.50.0-win32-x64\jre\21.0.9-win32-x86_64\bin\vcruntime140_1.dll
0x00007ff884790000 - 0x00007ff88481d000 	c:\Users\Bharadwaj\.vscode\extensions\redhat.java-1.50.0-win32-x64\jre\21.0.9-win32-x86_64\bin\msvcp140.dll
0x00007ff820d90000 - 0x00007ff821b30000 	c:\Users\Bharadwaj\.vscode\extensions\redhat.java-1.50.0-win32-x64\jre\21.0.9-win32-x86_64\bin\server\jvm.dll
0x00007ff8d1f50000 - 0x00007ff8d2004000 	C:\WINDOWS\System32\ADVAPI32.dll
0x00007ff8d1230000 - 0x00007ff8d12d6000 	C:\WINDOWS\System32\sechost.dll
0x00007ff8d0180000 - 0x00007ff8d0298000 	C:\WINDOWS\System32\RPCRT4.dll
0x00007ff8d12e0000 - 0x00007ff8d1354000 	C:\WINDOWS\System32\WS2_32.dll
0x00007ff8cf210000 - 0x00007ff8cf26e000 	C:\WINDOWS\SYSTEM32\POWRPROF.dll
0x00007ff8c8d80000 - 0x00007ff8c8db5000 	C:\WINDOWS\SYSTEM32\WINMM.dll
0x00007ff8bbc00000 - 0x00007ff8bbc0b000 	C:\WINDOWS\SYSTEM32\VERSION.dll
0x00007ff8cf1f0000 - 0x00007ff8cf204000 	C:\WINDOWS\SYSTEM32\UMPDC.dll
0x00007ff8ce170000 - 0x00007ff8ce18b000 	C:\WINDOWS\SYSTEM32\kernel.appcore.dll
0x00007ff8c02c0000 - 0x00007ff8c02ca000 	c:\Users\Bharadwaj\.vscode\extensions\redhat.java-1.50.0-win32-x64\jre\21.0.9-win32-x86_64\bin\jimage.dll
0x00007ff8ccb50000 - 0x00007ff8ccd92000 	C:\WINDOWS\SYSTEM32\DBGHELP.DLL
0x00007ff8d0c40000 - 0x00007ff8d0fcb000 	C:\WINDOWS\System32\combase.dll
0x00007ff8d10a0000 - 0x00007ff8d1177000 	C:\WINDOWS\System32\OLEAUT32.dll
0x00007ff8adf80000 - 0x00007ff8adfbc000 	C:\WINDOWS\SYSTEM32\dbgcore.DLL
0x00007ff8cf3b0000 - 0x00007ff8cf455000 	C:\WINDOWS\System32\bcryptPrimitives.dll
0x00007ff8bacf0000 - 0x00007ff8bacff000 	c:\Users\Bharadwaj\.vscode\extensions\redhat.java-1.50.0-win32-x64\jre\21.0.9-win32-x86_64\bin\instrument.dll
0x00007ff8b9950000 - 0x00007ff8b9970000 	c:\Users\Bharadwaj\.vscode\extensions\redhat.java-1.50.0-win32-x64\jre\21.0.9-win32-x86_64\bin\java.dll
0x00007ff8d17f0000 - 0x00007ff8d1f3f000 	C:\WINDOWS\System32\SHELL32.dll
0x00007ff8cfbc0000 - 0x00007ff8cfd2b000 	C:\WINDOWS\System32\wintypes.dll
0x00007ff8ccfd0000 - 0x00007ff8cd82d000 	C:\WINDOWS\SYSTEM32\windows.storage.dll
0x00007ff8d1560000 - 0x00007ff8d1652000 	C:\WINDOWS\System32\SHCORE.dll
0x00007ff8d2010000 - 0x00007ff8d2077000 	C:\WINDOWS\System32\shlwapi.dll
0x00007ff8cf2d0000 - 0x00007ff8cf2f9000 	C:\WINDOWS\SYSTEM32\profapi.dll
0x00007ff8b9320000 - 0x00007ff8b9338000 	c:\Users\Bharadwaj\.vscode\extensions\redhat.java-1.50.0-win32-x64\jre\21.0.9-win32-x86_64\bin\zip.dll
0x00007ff8b9940000 - 0x00007ff8b9950000 	C:\Users\Bharadwaj\.vscode\extensions\redhat.java-1.50.0-win32-x64\jre\21.0.9-win32-x86_64\bin\net.dll
0x00007ff8c5760000 - 0x00007ff8c5888000 	C:\WINDOWS\SYSTEM32\WINHTTP.dll
0x00007ff8ce6e0000 - 0x00007ff8ce74b000 	C:\WINDOWS\system32\mswsock.dll
0x00007ff8b4fb0000 - 0x00007ff8b4fc6000 	C:\Users\Bharadwaj\.vscode\extensions\redhat.java-1.50.0-win32-x64\jre\21.0.9-win32-x86_64\bin\nio.dll
0x00007ff8b9910000 - 0x00007ff8b9920000 	c:\Users\Bharadwaj\.vscode\extensions\redhat.java-1.50.0-win32-x64\jre\21.0.9-win32-x86_64\bin\verify.dll
0x00007ff8820f0000 - 0x00007ff882134000 	C:\Users\Bharadwaj\AppData\Roaming\Code\User\globalStorage\redhat.java\1.50.0\config_ss_win\org.eclipse.equinox.launcher\org.eclipse.equinox.launcher.win32.win32.x86_64_1.2.1400.v20250801-0854\eclipse_11916.dll
0x00007ff8d2080000 - 0x00007ff8d2217000 	C:\WINDOWS\System32\ole32.dll
0x00007ff8b9220000 - 0x00007ff8b922a000 	C:\Users\Bharadwaj\.vscode\extensions\redhat.java-1.50.0-win32-x64\jre\21.0.9-win32-x86_64\bin\management.dll
0x00007ff8b9210000 - 0x00007ff8b921c000 	C:\Users\Bharadwaj\.vscode\extensions\redhat.java-1.50.0-win32-x64\jre\21.0.9-win32-x86_64\bin\management_ext.dll
0x00007ff8d1660000 - 0x00007ff8d1668000 	C:\WINDOWS\System32\PSAPI.DLL

JVMTI agents:
c:\Users\Bharadwaj\.vscode\extensions\redhat.java-1.50.0-win32-x64\lombok\lombok-1.18.39-4050.jar path:c:\Users\Bharadwaj\.vscode\extensions\redhat.java-1.50.0-win32-x64\jre\21.0.9-win32-x86_64\bin\instrument.dll, loaded, initialized, instrumentlib options:none

dbghelp: loaded successfully - version: 4.0.5 - missing functions: none
symbol engine: initialized successfully - sym options: 0x614 - pdb path: .;c:\Users\Bharadwaj\.vscode\extensions\redhat.java-1.50.0-win32-x64\jre\21.0.9-win32-x86_64\bin;C:\WINDOWS\SYSTEM32;C:\WINDOWS\WinSxS\amd64_microsoft.windows.common-controls_6595b64144ccf1df_6.0.26100.7019_none_3e06ffa0e335b8a8;c:\Users\Bharadwaj\.vscode\extensions\redhat.java-1.50.0-win32-x64\jre\21.0.9-win32-x86_64\bin\server;C:\Users\Bharadwaj\AppData\Roaming\Code\User\globalStorage\redhat.java\1.50.0\config_ss_win\org.eclipse.equinox.launcher\org.eclipse.equinox.launcher.win32.win32.x86_64_1.2.1400.v20250801-0854

VM Arguments:
jvm_args: --add-modules=ALL-SYSTEM --add-opens=java.base/java.util=ALL-UNNAMED --add-opens=java.base/java.lang=ALL-UNNAMED --add-opens=java.base/sun.nio.fs=ALL-UNNAMED -Declipse.application=org.eclipse.jdt.ls.core.id1 -Dosgi.bundles.defaultStartLevel=4 -Declipse.product=org.eclipse.jdt.ls.core.product -Djava.import.generatesMetadataFilesAtProjectRoot=false -DDetectVMInstallationsJob.disabled=true -Dfile.encoding=utf8 -XX:+UseParallelGC -XX:GCTimeRatio=4 -XX:AdaptiveSizePolicyWeight=90 -Dsun.zip.disableMemoryMapping=true -Xmx2G -Xms100m -Xlog:disable -javaagent:c:\Users\Bharadwaj\.vscode\extensions\redhat.java-1.50.0-win32-x64\lombok\lombok-1.18.39-4050.jar 
java_command: c:\Users\Bharadwaj\.vscode\extensions\redhat.java-1.50.0-win32-x64\server\plugins\org.eclipse.equinox.launcher_1.7.100.v20251111-0406.jar -configuration c:\Users\Bharadwaj\AppData\Roaming\Code\User\globalStorage\redhat.java\1.50.0\config_ss_win -data c:\Users\Bharadwaj\AppData\Roaming\Code\User\workspaceStorage\76af7f3a76c08663db84ece0fa0e3d78\redhat.java\ss_ws --pipe=\\.\pipe\lsp-0896963b8967acb65c7b5391d61eee10-sock
java_class_path (initial): c:\Users\Bharadwaj\.vscode\extensions\redhat.java-1.50.0-win32-x64\server\plugins\org.eclipse.equinox.launcher_1.7.100.v20251111-0406.jar
Launcher Type: SUN_STANDARD

[Global flags]
    uintx AdaptiveSizePolicyWeight                 = 90                                        {product} {command line}
     intx CICompilerCount                          = 4                                         {product} {ergonomic}
    uintx GCTimeRatio                              = 4                                         {product} {command line}
   size_t InitialHeapSize                          = 104857600                                 {product} {command line}
   size_t MaxHeapSize                              = 2147483648                                {product} {command line}
   size_t MaxNewSize                               = 715653120                                 {product} {ergonomic}
   size_t MinHeapDeltaBytes                        = 524288                                    {product} {ergonomic}
   size_t MinHeapSize                              = 104857600                                 {product} {command line}
   size_t NewSize                                  = 34603008                                  {product} {ergonomic}
    uintx NonNMethodCodeHeapSize                   = 5839372                                {pd product} {ergonomic}
    uintx NonProfiledCodeHeapSize                  = 122909434                              {pd product} {ergonomic}
   size_t OldSize                                  = 70254592                                  {product} {ergonomic}
    uintx ProfiledCodeHeapSize                     = 122909434                              {pd product} {ergonomic}
    uintx ReservedCodeCacheSize                    = 251658240                              {pd product} {ergonomic}
     bool SegmentedCodeCache                       = true                                      {product} {ergonomic}
   size_t SoftMaxHeapSize                          = 2147483648                             {manageable} {ergonomic}
     bool UseCompressedOops                        = true                           {product lp64_product} {ergonomic}
     bool UseLargePagesIndividualAllocation        = false                                  {pd product} {ergonomic}
     bool UseParallelGC                            = true                                      {product} {command line}

Logging:
Log output configuration:
 #0: stdout all=off uptime,level,tags foldmultilines=false
 #1: stderr all=off uptime,level,tags foldmultilines=false

Release file:
JAVA_VERSION="21.0.9" 
MODULES="java.base java.compiler java.datatransfer java.xml java.prefs java.desktop java.instrument java.logging java.management java.security.sasl java.naming java.rmi java.management.rmi java.net.http java.scripting java.security.jgss java.transaction.xa java.sql java.sql.rowset java.xml.crypto java.se java.smartcardio jdk.accessibility jdk.internal.jvmstat jdk.attach jdk.charsets jdk.internal.opt jdk.zipfs jdk.compiler jdk.crypto.ec jdk.crypto.cryptoki jdk.crypto.mscapi jdk.dynalink jdk.internal.ed jdk.editpad jdk.hotspot.agent jdk.httpserver jdk.internal.le jdk.internal.vm.ci jdk.internal.vm.compiler jdk.internal.vm.compiler.management jdk.jartool jdk.javadoc jdk.jcmd jdk.management jdk.management.agent jdk.jconsole jdk.jdeps jdk.jdwp.agent jdk.jdi jdk.jfr jdk.jshell jdk.jsobject jdk.jstatd jdk.localedata jdk.management.jfr jdk.naming.dns jdk.naming.rmi jdk.net jdk.nio.mapmode jdk.random jdk.sctp jdk.security.auth jdk.security.jgss jdk.unsupported jdk.unsupported.desktop jdk.xml.dom" 

Environment Variables:
PATH=C:\WINDOWS\system32;C:\WINDOWS;C:\WINDOWS\System32\Wbem;C:\WINDOWS\System32\WindowsPowerShell\v1.0\;C:\WINDOWS\System32\OpenSSH\;C:\Program Files\dotnet\;C:\Program Files\Java\jdk-23\bin;C:\Program Files\Git\cmd;C:\Users\Bharadwaj\Downloads\apache-maven-3.9.10\bin;C:\Users\Bharadwaj\AppData\Local\Google\Cloud SDK\google-cloud-sdk\bin;C:\Program Files\MySQL\MySQL Server 8.0\bin;C:\Program Files\nodejs\;C:\Users\Bharadwaj\AppData\Roaming\npm;C:\Program Files\PostgreSQL\17\bin;C:\Program Files\MySQL\MySQL Shell 8.0\bin\;C:\Users\Bharadwaj\AppData\Local\Microsoft\WindowsApps;C:\Users\Bharadwaj\AppData\Local\Programs\Microsoft VS Code\bin;C:\Users\Bharadwaj\AppData\Local\Google\Cloud SDK\google-cloud-sdk\bin;C:\Program Files\JetBrains\IntelliJ IDEA Community Edition 2025.2.1\bin;C:\Users\Bharadwaj\AppData\Roaming\npm
USERNAME=Bharadwaj
OS=Windows_NT
PROCESSOR_IDENTIFIER=Intel64 Family 6 Model 154 Stepping 4, GenuineIntel
TMP=C:\Users\BHARAD~1\AppData\Local\Temp
TEMP=C:\Users\BHARAD~1\AppData\Local\Temp




Periodic native trim disabled

---------------  S Y S T E M  ---------------

OS:
 Windows 11 , 64 bit Build 26100 (10.0.26100.7019)
OS uptime: 7 days 21:31 hours
Hyper-V role detected

CPU: total 12 (initial active 12) (6 cores per cpu, 2 threads per core) family 6 model 154 stepping 4 microcode 0x437, cx8, cmov, fxsr, ht, mmx, 3dnowpref, sse, sse2, sse3, ssse3, sse4.1, sse4.2, popcnt, lzcnt, tsc, tscinvbit, avx, avx2, aes, erms, clmul, bmi1, bmi2, adx, sha, fma, vzeroupper, clflush, clflushopt, clwb, hv, serialize, rdtscp, rdpid, fsrm, f16c, cet_ibt, cet_ss
Processor Information for the first 12 processors :
  Max Mhz: 1300, Current Mhz: 1300, Mhz Limit: 1300

Memory: 4k page, system-wide physical 7876M (629M free)
TotalPageFile size 32452M (AvailPageFile size 6M)
current process WorkingSet (physical memory assigned to process): 143M, peak: 143M
current process commit charge ("private bytes"): 285M, peak: 285M

vm_info: OpenJDK 64-Bit Server VM (21.0.9+10-LTS) for windows-amd64 JRE (21.0.9+10-LTS), built on 2025-10-21T00:00:00Z by "admin" with unknown MS VC++:1942

END.
